<?xml version="1.0" encoding="UTF-8"?>
<!-- Generated by org.testng.reporters.JUnitXMLReporter -->
<testsuite ignored="0" hostname="DESKTOP-QRQ79PJ" failures="0" tests="2" name="TransferTests" time="11.631" errors="0" timestamp="2025-10-02T12:31:17 IST">
  <testcase classname="com.fintech.tests.TransferTests" name="testInsufficientFundsTransfer" time="0.0">
    <skipped/>
  </testcase> <!-- testInsufficientFundsTransfer -->
  <testcase classname="com.fintech.tests.TransferTests" name="testValidTransfer" time="0.0">
    <skipped/>
  </testcase> <!-- testValidTransfer -->
</testsuite> <!-- TransferTests -->
