<?xml version="1.0" encoding="UTF-8"?>
<!-- Generated by org.testng.reporters.JUnitXMLReporter -->
<testsuite ignored="12" hostname="DESKTOP-QRQ79PJ" failures="0" tests="47" name="EdgeRun" time="46.472" errors="0" timestamp="2025-10-28T02:15:33 IST">
  <testcase classname="com.fintech.tests.NavigationUITests" name="checkParaBankConnectivity" time="0.0">
    <skipped/>
  </testcase> <!-- checkParaBankConnectivity -->
  <testcase classname="com.fintech.tests.LoginTests" name="loginScenarios" time="0.0">
    <skipped/>
  </testcase> <!-- loginScenarios -->
  <testcase classname="com.fintech.tests.LoginTests" name="loginScenarios" time="0.0">
    <skipped/>
  </testcase> <!-- loginScenarios -->
  <testcase classname="com.fintech.tests.LoginTests" name="loginScenarios" time="0.0">
    <skipped/>
  </testcase> <!-- loginScenarios -->
  <testcase classname="com.fintech.tests.LoginTests" name="loginScenarios" time="0.0">
    <skipped/>
  </testcase> <!-- loginScenarios -->
  <testcase classname="com.fintech.tests.LoginTests" name="loginScenarios" time="0.0">
    <skipped/>
  </testcase> <!-- loginScenarios -->
  <testcase classname="com.fintech.tests.AuthTests" name="loginWithExcelData" time="0.0">
    <skipped/>
  </testcase> <!-- loginWithExcelData -->
  <testcase classname="com.fintech.tests.AuthTests" name="loginWithExcelData" time="0.0">
    <skipped/>
  </testcase> <!-- loginWithExcelData -->
  <testcase classname="com.fintech.tests.AuthTests" name="loginWithExcelData" time="0.0">
    <skipped/>
  </testcase> <!-- loginWithExcelData -->
  <testcase classname="com.fintech.tests.AuthTests" name="loginWithExcelData" time="0.0">
    <skipped/>
  </testcase> <!-- loginWithExcelData -->
  <testcase classname="com.fintech.tests.NavigationUITests" name="logoRedirectsHome" time="0.0">
    <skipped/>
  </testcase> <!-- logoRedirectsHome -->
  <testcase classname="com.fintech.tests.AuthTests" name="logoutAfterLogin" time="0.0">
    <skipped/>
  </testcase> <!-- logoutAfterLogin -->
  <testcase classname="com.fintech.tests.AuthTests" name="logoutAfterLogin" time="0.0">
    <skipped/>
  </testcase> <!-- logoutAfterLogin -->
  <testcase classname="com.fintech.tests.AuthTests" name="logoutAfterLogin" time="0.0">
    <skipped/>
  </testcase> <!-- logoutAfterLogin -->
  <testcase classname="com.fintech.tests.ContactTests" name="openContactForm" time="0.0">
    <skipped/>
  </testcase> <!-- openContactForm -->
  <testcase classname="com.fintech.tests.LoginTests" name="passwordMasking" time="0.0">
    <skipped/>
  </testcase> <!-- passwordMasking -->
  <testcase classname="com.fintech.tests.LoginTests" name="rememberMeSimulation" time="0.0">
    <skipped/>
  </testcase> <!-- rememberMeSimulation -->
  <testcase classname="com.fintech.tests.LoginTests" name="sessionTimeoutSimulation" time="0.0">
    <skipped/>
  </testcase> <!-- sessionTimeoutSimulation -->
  <testcase classname="com.fintech.tests.AuthTests" name="sessionTimeoutSimulation" time="0.0">
    <skipped/>
  </testcase> <!-- sessionTimeoutSimulation -->
  <testcase classname="com.fintech.tests.ContactTests" name="submitContactForm" time="0.0">
    <skipped/>
  </testcase> <!-- submitContactForm -->
  <testcase classname="com.fintech.tests.ContactTests" name="submitContactForm" time="0.0">
    <skipped/>
  </testcase> <!-- submitContactForm -->
  <testcase classname="com.fintech.tests.AccountTests" name="testAccountFunctionality" time="0.0">
    <skipped/>
  </testcase> <!-- testAccountFunctionality -->
  <testcase classname="com.fintech.tests.AccountTests" name="testAccountFunctionality" time="0.0">
    <skipped/>
  </testcase> <!-- testAccountFunctionality -->
  <testcase classname="com.fintech.tests.AccountTests" name="testAccountFunctionality" time="0.0">
    <skipped/>
  </testcase> <!-- testAccountFunctionality -->
  <testcase classname="com.fintech.tests.AccountTests" name="testAccountFunctionality" time="0.0">
    <skipped/>
  </testcase> <!-- testAccountFunctionality -->
  <testcase classname="com.fintech.tests.AccountTests" name="testBalanceUpdateAfterTransaction" time="0.0">
    <skipped/>
  </testcase> <!-- testBalanceUpdateAfterTransaction -->
  <testcase classname="com.fintech.tests.AccountTests" name="testCheckingAccountSummary" time="0.0">
    <skipped/>
  </testcase> <!-- testCheckingAccountSummary -->
  <testcase classname="com.fintech.tests.AccountTests" name="testFullTransactionHistory" time="0.0">
    <skipped/>
  </testcase> <!-- testFullTransactionHistory -->
  <testcase classname="com.fintech.tests.AccountTests" name="testSavingsAccountSummary" time="0.0">
    <skipped/>
  </testcase> <!-- testSavingsAccountSummary -->
  <testcase classname="com.fintech.tests.AccountTests" name="testTransactionDetailsFormat" time="0.0">
    <skipped/>
  </testcase> <!-- testTransactionDetailsFormat -->
  <testcase classname="com.fintech.tests.AccountTests" name="testTransactionFilterByDateRange" time="0.0">
    <skipped/>
  </testcase> <!-- testTransactionFilterByDateRange -->
  <testcase classname="com.fintech.tests.AccountTests" name="testTransactionSortingByDateAndAmount" time="0.0">
    <skipped/>
  </testcase> <!-- testTransactionSortingByDateAndAmount -->
  <testcase classname="com.fintech.tests.NavigationUITests" name="topNavLinksLoadPages" time="0.0">
    <skipped/>
  </testcase> <!-- topNavLinksLoadPages -->
  <testcase classname="com.fintech.tests.NavigationUITests" name="topNavLinksLoadPages" time="0.0">
    <skipped/>
  </testcase> <!-- topNavLinksLoadPages -->
  <testcase classname="com.fintech.tests.NavigationUITests" name="topNavLinksLoadPages" time="0.0">
    <skipped/>
  </testcase> <!-- topNavLinksLoadPages -->
  <testcase classname="com.fintech.tests.NavigationUITests" name="topNavLinksLoadPages" time="0.0">
    <skipped/>
  </testcase> <!-- topNavLinksLoadPages -->
  <testcase classname="com.fintech.tests.NavigationUITests" name="validateAlertBoxContent" time="0.001">
    <skipped/>
  </testcase> <!-- validateAlertBoxContent -->
  <testcase classname="com.fintech.tests.NavigationUITests" name="validateButtonsAreClickable" time="0.0">
    <skipped/>
  </testcase> <!-- validateButtonsAreClickable -->
  <testcase classname="com.fintech.tests.TransferTests" name="validateFundsTransfer" time="0.0">
    <skipped/>
  </testcase> <!-- validateFundsTransfer -->
  <testcase classname="com.fintech.tests.TransferTests" name="validateFundsTransfer" time="0.0">
    <skipped/>
  </testcase> <!-- validateFundsTransfer -->
  <testcase classname="com.fintech.tests.TransferTests" name="validateFundsTransfer" time="0.0">
    <skipped/>
  </testcase> <!-- validateFundsTransfer -->
  <testcase classname="com.fintech.tests.TransferTests" name="validateSimpleTransferSuccess" time="0.0">
    <skipped/>
  </testcase> <!-- validateSimpleTransferSuccess -->
  <testcase classname="com.fintech.tests.ContactTests" name="verifyContactSuccessMessage" time="0.0">
    <skipped/>
  </testcase> <!-- verifyContactSuccessMessage -->
  <testcase classname="com.fintech.tests.NavigationUITests" name="verifyFontAndAlignment" time="0.0">
    <skipped/>
  </testcase> <!-- verifyFontAndAlignment -->
  <testcase classname="com.fintech.tests.LoanTests" name="testLoanTyping" time="0.0">
    <skipped/>
  </testcase> <!-- testLoanTyping -->
  <testcase classname="com.fintech.tests.LoanTests" name="submitValidLoanRequest" time="0.0">
    <skipped/>
  </testcase> <!-- submitValidLoanRequest -->
  <testcase classname="com.fintech.tests.LoanTests" name="applyLoan" time="0.0">
    <skipped/>
  </testcase> <!-- applyLoan -->
  <testcase classname="com.fintech.tests.BaseTest" name="@AfterSuite finishReport" time="0.0">
    <ignored/>
  </testcase> <!-- @AfterSuite finishReport -->
  <testcase classname="com.fintech.tests.BaseTest" name="@AfterSuite finishReport" time="0.0">
    <ignored/>
  </testcase> <!-- @AfterSuite finishReport -->
  <testcase classname="com.fintech.tests.BaseTest" name="@AfterSuite finishReport" time="0.0">
    <ignored/>
  </testcase> <!-- @AfterSuite finishReport -->
  <testcase classname="com.fintech.tests.BaseTest" name="@AfterSuite finishReport" time="0.0">
    <ignored/>
  </testcase> <!-- @AfterSuite finishReport -->
  <testcase classname="com.fintech.tests.BaseTest" name="@AfterSuite finishReport" time="0.0">
    <ignored/>
  </testcase> <!-- @AfterSuite finishReport -->
  <testcase classname="com.fintech.tests.BaseTest" name="@AfterSuite finishReport" time="0.0">
    <ignored/>
  </testcase> <!-- @AfterSuite finishReport -->
  <testcase classname="com.fintech.tests.BaseTest" name="@BeforeSuite initReport" time="0.0">
    <ignored/>
  </testcase> <!-- @BeforeSuite initReport -->
  <testcase classname="com.fintech.tests.BaseTest" name="@BeforeSuite initReport" time="0.0">
    <ignored/>
  </testcase> <!-- @BeforeSuite initReport -->
  <testcase classname="com.fintech.tests.BaseTest" name="@BeforeSuite initReport" time="0.0">
    <ignored/>
  </testcase> <!-- @BeforeSuite initReport -->
  <testcase classname="com.fintech.tests.BaseTest" name="@BeforeSuite initReport" time="0.0">
    <ignored/>
  </testcase> <!-- @BeforeSuite initReport -->
  <testcase classname="com.fintech.tests.BaseTest" name="@BeforeSuite initReport" time="0.0">
    <ignored/>
  </testcase> <!-- @BeforeSuite initReport -->
  <testcase classname="com.fintech.tests.BaseTest" name="@BeforeSuite initReport" time="0.0">
    <ignored/>
  </testcase> <!-- @BeforeSuite initReport -->
</testsuite> <!-- EdgeRun -->
