<?xml version="1.0" encoding="UTF-8"?>
<testng-results ignored="0" total="94" passed="66" failed="7" skipped="21">
  <reporter-output>
  </reporter-output>
  <suite started-at="2025-10-27T09:51:43 IST" name="ParaBankAutomationSuite" finished-at="2025-10-27T11:04:04 IST" duration-ms="4341015">
    <groups>
      <group name="login">
        <method signature="LoginTests.passwordMasking()[pri:0, instance:com.fintech.tests.LoginTests@4961f6af]" name="passwordMasking" class="com.fintech.tests.LoginTests"/>
        <method signature="LoginTests.rememberMeSimulation()[pri:0, instance:com.fintech.tests.LoginTests@4961f6af]" name="rememberMeSimulation" class="com.fintech.tests.LoginTests"/>
        <method signature="LoginTests.sessionTimeoutSimulation()[pri:0, instance:com.fintech.tests.LoginTests@4961f6af]" name="sessionTimeoutSimulation" class="com.fintech.tests.LoginTests"/>
        <method signature="LoginTests.passwordMasking()[pri:0, instance:com.fintech.tests.LoginTests@87a85e1]" name="passwordMasking" class="com.fintech.tests.LoginTests"/>
        <method signature="LoginTests.rememberMeSimulation()[pri:0, instance:com.fintech.tests.LoginTests@87a85e1]" name="rememberMeSimulation" class="com.fintech.tests.LoginTests"/>
        <method signature="LoginTests.sessionTimeoutSimulation()[pri:0, instance:com.fintech.tests.LoginTests@87a85e1]" name="sessionTimeoutSimulation" class="com.fintech.tests.LoginTests"/>
      </group> <!-- login -->
    </groups>
    <test started-at="2025-10-27T09:51:43 IST" name="ChromeRun" finished-at="2025-10-27T10:12:47 IST" duration-ms="1264018">
      <class name="com.fintech.tests.LoginTests">
        <test-method is-config="true" signature="beforeClassLog()[pri:0, instance:com.fintech.tests.LoginTests@4961f6af]" started-at="2025-10-27T09:51:43 IST" name="beforeClassLog" finished-at="2025-10-27T09:51:43 IST" duration-ms="3" status="PASS">
          <reporter-output>
          </reporter-output>
        </test-method> <!-- beforeClassLog -->
        <test-method is-config="true" signature="setupMethod(java.lang.String)[pri:0, instance:com.fintech.tests.LoginTests@4961f6af]" started-at="2025-10-27T09:51:51 IST" name="setupMethod" finished-at="2025-10-27T09:52:38 IST" duration-ms="46311" status="PASS">
          <params>
            <param index="0">
              <value>
                <![CDATA[chrome]]>
              </value>
            </param>
          </params>
          <reporter-output>
          </reporter-output>
        </test-method> <!-- setupMethod -->
        <test-method is-config="true" signature="startTest(java.lang.reflect.Method)[pri:0, instance:com.fintech.tests.LoginTests@4961f6af]" started-at="2025-10-27T09:52:38 IST" name="startTest" finished-at="2025-10-27T09:52:38 IST" duration-ms="1" status="PASS">
          <params>
            <param index="0">
              <value>
                <![CDATA[public void com.fintech.tests.LoginTests.loginScenarios(java.lang.String,java.lang.String,java.lang.String)]]>
              </value>
            </param>
          </params>
          <reporter-output>
          </reporter-output>
        </test-method> <!-- startTest -->
        <test-method signature="loginScenarios(java.lang.String,java.lang.String,java.lang.String)[pri:0, instance:com.fintech.tests.LoginTests@4961f6af]" started-at="2025-10-27T09:52:38 IST" name="loginScenarios" data-provider="loginScenarios" finished-at="2025-10-27T09:52:58 IST" duration-ms="20413" status="PASS">
          <params>
            <param index="0">
              <value>
                <![CDATA[john]]>
              </value>
            </param>
            <param index="1">
              <value>
                <![CDATA[demo]]>
              </value>
            </param>
            <param index="2">
              <value>
                <![CDATA[SUCCESS]]>
              </value>
            </param>
          </params>
          <reporter-output>
          </reporter-output>
        </test-method> <!-- loginScenarios -->
        <test-method is-config="true" signature="afterMethod(org.testng.ITestResult)[pri:0, instance:com.fintech.tests.LoginTests@4961f6af]" started-at="2025-10-27T09:52:58 IST" name="afterMethod" finished-at="2025-10-27T09:53:01 IST" duration-ms="2834" status="PASS">
          <params>
            <param index="0">
              <value>
                <![CDATA[[TestResult name=loginScenarios status=SUCCESS method=LoginTests.loginScenarios(java.lang.String,java.lang.String,java.lang.String)[pri:0, instance:com.fintech.tests.LoginTests@4961f6af] output={null}]]]>
              </value>
            </param>
          </params>
          <reporter-output>
          </reporter-output>
        </test-method> <!-- afterMethod -->
        <test-method is-config="true" signature="setupMethod(java.lang.String)[pri:0, instance:com.fintech.tests.LoginTests@4961f6af]" started-at="2025-10-27T09:53:01 IST" name="setupMethod" finished-at="2025-10-27T09:53:22 IST" duration-ms="21188" status="PASS">
          <params>
            <param index="0">
              <value>
                <![CDATA[chrome]]>
              </value>
            </param>
          </params>
          <reporter-output>
          </reporter-output>
        </test-method> <!-- setupMethod -->
        <test-method is-config="true" signature="startTest(java.lang.reflect.Method)[pri:0, instance:com.fintech.tests.LoginTests@4961f6af]" started-at="2025-10-27T09:53:22 IST" name="startTest" finished-at="2025-10-27T09:53:22 IST" duration-ms="1" status="PASS">
          <params>
            <param index="0">
              <value>
                <![CDATA[public void com.fintech.tests.LoginTests.loginScenarios(java.lang.String,java.lang.String,java.lang.String)]]>
              </value>
            </param>
          </params>
          <reporter-output>
          </reporter-output>
        </test-method> <!-- startTest -->
        <test-method signature="loginScenarios(java.lang.String,java.lang.String,java.lang.String)[pri:0, instance:com.fintech.tests.LoginTests@4961f6af]" started-at="2025-10-27T09:53:22 IST" name="loginScenarios" data-provider="loginScenarios" finished-at="2025-10-27T09:56:11 IST" duration-ms="169129" status="PASS">
          <params>
            <param index="0">
              <value>
                <![CDATA[john]]>
              </value>
            </param>
            <param index="1">
              <value>
                <![CDATA[wrong]]>
              </value>
            </param>
            <param index="2">
              <value>
                <![CDATA[INVALID]]>
              </value>
            </param>
          </params>
          <reporter-output>
          </reporter-output>
        </test-method> <!-- loginScenarios -->
        <test-method is-config="true" signature="afterMethod(org.testng.ITestResult)[pri:0, instance:com.fintech.tests.LoginTests@4961f6af]" started-at="2025-10-27T09:56:11 IST" name="afterMethod" finished-at="2025-10-27T09:56:12 IST" duration-ms="689" status="PASS">
          <params>
            <param index="0">
              <value>
                <![CDATA[[TestResult name=loginScenarios status=SUCCESS method=LoginTests.loginScenarios(java.lang.String,java.lang.String,java.lang.String)[pri:0, instance:com.fintech.tests.LoginTests@4961f6af] output={null}]]]>
              </value>
            </param>
          </params>
          <reporter-output>
          </reporter-output>
        </test-method> <!-- afterMethod -->
        <test-method is-config="true" signature="setupMethod(java.lang.String)[pri:0, instance:com.fintech.tests.LoginTests@4961f6af]" started-at="2025-10-27T09:56:12 IST" name="setupMethod" finished-at="2025-10-27T09:56:19 IST" duration-ms="6914" status="PASS">
          <params>
            <param index="0">
              <value>
                <![CDATA[chrome]]>
              </value>
            </param>
          </params>
          <reporter-output>
          </reporter-output>
        </test-method> <!-- setupMethod -->
        <test-method is-config="true" signature="startTest(java.lang.reflect.Method)[pri:0, instance:com.fintech.tests.LoginTests@4961f6af]" started-at="2025-10-27T09:56:19 IST" name="startTest" finished-at="2025-10-27T09:56:19 IST" duration-ms="1" status="PASS">
          <params>
            <param index="0">
              <value>
                <![CDATA[public void com.fintech.tests.LoginTests.loginScenarios(java.lang.String,java.lang.String,java.lang.String)]]>
              </value>
            </param>
          </params>
          <reporter-output>
          </reporter-output>
        </test-method> <!-- startTest -->
        <test-method signature="loginScenarios(java.lang.String,java.lang.String,java.lang.String)[pri:0, instance:com.fintech.tests.LoginTests@4961f6af]" started-at="2025-10-27T09:56:19 IST" name="loginScenarios" data-provider="loginScenarios" finished-at="2025-10-27T09:59:07 IST" duration-ms="168149" status="PASS">
          <params>
            <param index="0">
              <value>
                <![CDATA[notexist]]>
              </value>
            </param>
            <param index="1">
              <value>
                <![CDATA[any]]>
              </value>
            </param>
            <param index="2">
              <value>
                <![CDATA[USER_NOT_EXIST]]>
              </value>
            </param>
          </params>
          <reporter-output>
          </reporter-output>
        </test-method> <!-- loginScenarios -->
        <test-method is-config="true" signature="afterMethod(org.testng.ITestResult)[pri:0, instance:com.fintech.tests.LoginTests@4961f6af]" started-at="2025-10-27T09:59:07 IST" name="afterMethod" finished-at="2025-10-27T09:59:08 IST" duration-ms="1398" status="PASS">
          <params>
            <param index="0">
              <value>
                <![CDATA[[TestResult name=loginScenarios status=SUCCESS method=LoginTests.loginScenarios(java.lang.String,java.lang.String,java.lang.String)[pri:0, instance:com.fintech.tests.LoginTests@4961f6af] output={null}]]]>
              </value>
            </param>
          </params>
          <reporter-output>
          </reporter-output>
        </test-method> <!-- afterMethod -->
        <test-method is-config="true" signature="setupMethod(java.lang.String)[pri:0, instance:com.fintech.tests.LoginTests@4961f6af]" started-at="2025-10-27T09:59:08 IST" name="setupMethod" finished-at="2025-10-27T09:59:14 IST" duration-ms="5608" status="PASS">
          <params>
            <param index="0">
              <value>
                <![CDATA[chrome]]>
              </value>
            </param>
          </params>
          <reporter-output>
          </reporter-output>
        </test-method> <!-- setupMethod -->
        <test-method is-config="true" signature="startTest(java.lang.reflect.Method)[pri:0, instance:com.fintech.tests.LoginTests@4961f6af]" started-at="2025-10-27T09:59:14 IST" name="startTest" finished-at="2025-10-27T09:59:14 IST" duration-ms="2" status="PASS">
          <params>
            <param index="0">
              <value>
                <![CDATA[public void com.fintech.tests.LoginTests.loginScenarios(java.lang.String,java.lang.String,java.lang.String)]]>
              </value>
            </param>
          </params>
          <reporter-output>
          </reporter-output>
        </test-method> <!-- startTest -->
        <test-method signature="loginScenarios(java.lang.String,java.lang.String,java.lang.String)[pri:0, instance:com.fintech.tests.LoginTests@4961f6af]" started-at="2025-10-27T09:59:14 IST" name="loginScenarios" data-provider="loginScenarios" finished-at="2025-10-27T10:02:01 IST" duration-ms="167441" status="PASS">
          <params>
            <param index="0">
              <value>
                <![CDATA[]]>
              </value>
            </param>
            <param index="1">
              <value>
                <![CDATA[]]>
              </value>
            </param>
            <param index="2">
              <value>
                <![CDATA[EMPTY]]>
              </value>
            </param>
          </params>
          <reporter-output>
          </reporter-output>
        </test-method> <!-- loginScenarios -->
        <test-method is-config="true" signature="afterMethod(org.testng.ITestResult)[pri:0, instance:com.fintech.tests.LoginTests@4961f6af]" started-at="2025-10-27T10:02:01 IST" name="afterMethod" finished-at="2025-10-27T10:02:03 IST" duration-ms="1414" status="PASS">
          <params>
            <param index="0">
              <value>
                <![CDATA[[TestResult name=loginScenarios status=SUCCESS method=LoginTests.loginScenarios(java.lang.String,java.lang.String,java.lang.String)[pri:0, instance:com.fintech.tests.LoginTests@4961f6af] output={null}]]]>
              </value>
            </param>
          </params>
          <reporter-output>
          </reporter-output>
        </test-method> <!-- afterMethod -->
        <test-method is-config="true" signature="setupMethod(java.lang.String)[pri:0, instance:com.fintech.tests.LoginTests@4961f6af]" started-at="2025-10-27T10:02:03 IST" name="setupMethod" finished-at="2025-10-27T10:02:08 IST" duration-ms="5015" status="PASS">
          <params>
            <param index="0">
              <value>
                <![CDATA[chrome]]>
              </value>
            </param>
          </params>
          <reporter-output>
          </reporter-output>
        </test-method> <!-- setupMethod -->
        <test-method is-config="true" signature="startTest(java.lang.reflect.Method)[pri:0, instance:com.fintech.tests.LoginTests@4961f6af]" started-at="2025-10-27T10:02:08 IST" name="startTest" finished-at="2025-10-27T10:02:08 IST" duration-ms="2" status="PASS">
          <params>
            <param index="0">
              <value>
                <![CDATA[public void com.fintech.tests.LoginTests.loginScenarios(java.lang.String,java.lang.String,java.lang.String)]]>
              </value>
            </param>
          </params>
          <reporter-output>
          </reporter-output>
        </test-method> <!-- startTest -->
        <test-method signature="loginScenarios(java.lang.String,java.lang.String,java.lang.String)[pri:0, instance:com.fintech.tests.LoginTests@4961f6af]" started-at="2025-10-27T10:02:08 IST" name="loginScenarios" data-provider="loginScenarios" finished-at="2025-10-27T10:04:54 IST" duration-ms="166554" status="PASS">
          <params>
            <param index="0">
              <value>
                <![CDATA[user@com]]>
              </value>
            </param>
            <param index="1">
              <value>
                <![CDATA[pass]]>
              </value>
            </param>
            <param index="2">
              <value>
                <![CDATA[INVALID_EMAIL]]>
              </value>
            </param>
          </params>
          <reporter-output>
          </reporter-output>
        </test-method> <!-- loginScenarios -->
        <test-method is-config="true" signature="afterMethod(org.testng.ITestResult)[pri:0, instance:com.fintech.tests.LoginTests@4961f6af]" started-at="2025-10-27T10:04:54 IST" name="afterMethod" finished-at="2025-10-27T10:04:55 IST" duration-ms="693" status="PASS">
          <params>
            <param index="0">
              <value>
                <![CDATA[[TestResult name=loginScenarios status=SUCCESS method=LoginTests.loginScenarios(java.lang.String,java.lang.String,java.lang.String)[pri:0, instance:com.fintech.tests.LoginTests@4961f6af] output={null}]]]>
              </value>
            </param>
          </params>
          <reporter-output>
          </reporter-output>
        </test-method> <!-- afterMethod -->
        <test-method is-config="true" signature="setupMethod(java.lang.String)[pri:0, instance:com.fintech.tests.LoginTests@4961f6af]" started-at="2025-10-27T10:04:55 IST" name="setupMethod" finished-at="2025-10-27T10:04:59 IST" duration-ms="4216" status="PASS">
          <params>
            <param index="0">
              <value>
                <![CDATA[chrome]]>
              </value>
            </param>
          </params>
          <reporter-output>
          </reporter-output>
        </test-method> <!-- setupMethod -->
        <test-method is-config="true" signature="startTest(java.lang.reflect.Method)[pri:0, instance:com.fintech.tests.LoginTests@4961f6af]" started-at="2025-10-27T10:04:59 IST" name="startTest" finished-at="2025-10-27T10:04:59 IST" duration-ms="1" status="PASS">
          <params>
            <param index="0">
              <value>
                <![CDATA[public void com.fintech.tests.LoginTests.passwordMasking()]]>
              </value>
            </param>
          </params>
          <reporter-output>
          </reporter-output>
        </test-method> <!-- startTest -->
        <test-method signature="passwordMasking()[pri:0, instance:com.fintech.tests.LoginTests@4961f6af]" started-at="2025-10-27T10:04:59 IST" name="passwordMasking" finished-at="2025-10-27T10:05:11 IST" duration-ms="11183" status="PASS">
          <reporter-output>
          </reporter-output>
        </test-method> <!-- passwordMasking -->
        <test-method is-config="true" signature="afterMethod(org.testng.ITestResult)[pri:0, instance:com.fintech.tests.LoginTests@4961f6af]" started-at="2025-10-27T10:05:11 IST" name="afterMethod" finished-at="2025-10-27T10:05:11 IST" duration-ms="698" status="PASS">
          <params>
            <param index="0">
              <value>
                <![CDATA[[TestResult name=passwordMasking status=SUCCESS method=LoginTests.passwordMasking()[pri:0, instance:com.fintech.tests.LoginTests@4961f6af] output={null}]]]>
              </value>
            </param>
          </params>
          <reporter-output>
          </reporter-output>
        </test-method> <!-- afterMethod -->
        <test-method is-config="true" signature="setupMethod(java.lang.String)[pri:0, instance:com.fintech.tests.LoginTests@4961f6af]" started-at="2025-10-27T10:05:11 IST" name="setupMethod" finished-at="2025-10-27T10:05:16 IST" duration-ms="4320" status="PASS">
          <params>
            <param index="0">
              <value>
                <![CDATA[chrome]]>
              </value>
            </param>
          </params>
          <reporter-output>
          </reporter-output>
        </test-method> <!-- setupMethod -->
        <test-method is-config="true" signature="startTest(java.lang.reflect.Method)[pri:0, instance:com.fintech.tests.LoginTests@4961f6af]" started-at="2025-10-27T10:05:16 IST" name="startTest" finished-at="2025-10-27T10:05:16 IST" duration-ms="2" status="PASS">
          <params>
            <param index="0">
              <value>
                <![CDATA[public void com.fintech.tests.LoginTests.rememberMeSimulation()]]>
              </value>
            </param>
          </params>
          <reporter-output>
          </reporter-output>
        </test-method> <!-- startTest -->
        <test-method signature="rememberMeSimulation()[pri:0, instance:com.fintech.tests.LoginTests@4961f6af]" started-at="2025-10-27T10:05:16 IST" name="rememberMeSimulation" finished-at="2025-10-27T10:05:37 IST" duration-ms="20914" status="PASS">
          <reporter-output>
          </reporter-output>
        </test-method> <!-- rememberMeSimulation -->
        <test-method is-config="true" signature="afterMethod(org.testng.ITestResult)[pri:0, instance:com.fintech.tests.LoginTests@4961f6af]" started-at="2025-10-27T10:05:37 IST" name="afterMethod" finished-at="2025-10-27T10:05:37 IST" duration-ms="813" status="PASS">
          <params>
            <param index="0">
              <value>
                <![CDATA[[TestResult name=rememberMeSimulation status=SUCCESS method=LoginTests.rememberMeSimulation()[pri:0, instance:com.fintech.tests.LoginTests@4961f6af] output={null}]]]>
              </value>
            </param>
          </params>
          <reporter-output>
          </reporter-output>
        </test-method> <!-- afterMethod -->
        <test-method is-config="true" signature="setupMethod(java.lang.String)[pri:0, instance:com.fintech.tests.LoginTests@4961f6af]" started-at="2025-10-27T10:05:37 IST" name="setupMethod" finished-at="2025-10-27T10:05:43 IST" duration-ms="5343" status="PASS">
          <params>
            <param index="0">
              <value>
                <![CDATA[chrome]]>
              </value>
            </param>
          </params>
          <reporter-output>
          </reporter-output>
        </test-method> <!-- setupMethod -->
        <test-method is-config="true" signature="startTest(java.lang.reflect.Method)[pri:0, instance:com.fintech.tests.LoginTests@4961f6af]" started-at="2025-10-27T10:05:43 IST" name="startTest" finished-at="2025-10-27T10:05:43 IST" duration-ms="1" status="PASS">
          <params>
            <param index="0">
              <value>
                <![CDATA[public void com.fintech.tests.LoginTests.sessionTimeoutSimulation()]]>
              </value>
            </param>
          </params>
          <reporter-output>
          </reporter-output>
        </test-method> <!-- startTest -->
        <test-method signature="sessionTimeoutSimulation()[pri:0, instance:com.fintech.tests.LoginTests@4961f6af]" started-at="2025-10-27T10:05:43 IST" name="sessionTimeoutSimulation" finished-at="2025-10-27T10:06:24 IST" duration-ms="41279" status="PASS">
          <reporter-output>
          </reporter-output>
        </test-method> <!-- sessionTimeoutSimulation -->
        <test-method is-config="true" signature="afterMethod(org.testng.ITestResult)[pri:0, instance:com.fintech.tests.LoginTests@4961f6af]" started-at="2025-10-27T10:06:24 IST" name="afterMethod" finished-at="2025-10-27T10:06:24 IST" duration-ms="84" status="PASS">
          <params>
            <param index="0">
              <value>
                <![CDATA[[TestResult name=sessionTimeoutSimulation status=SUCCESS method=LoginTests.sessionTimeoutSimulation()[pri:0, instance:com.fintech.tests.LoginTests@4961f6af] output={null}]]]>
              </value>
            </param>
          </params>
          <reporter-output>
          </reporter-output>
        </test-method> <!-- afterMethod -->
      </class> <!-- com.fintech.tests.LoginTests -->
      <class name="com.fintech.tests.LoanTests">
        <test-method is-config="true" signature="beforeClassLog()[pri:0, instance:com.fintech.tests.LoanTests@d21a74c]" started-at="2025-10-27T09:54:21 IST" name="beforeClassLog" finished-at="2025-10-27T09:54:21 IST" duration-ms="2" status="PASS">
          <reporter-output>
          </reporter-output>
        </test-method> <!-- beforeClassLog -->
        <test-method is-config="true" signature="setupMethod(java.lang.String)[pri:0, instance:com.fintech.tests.LoanTests@d21a74c]" started-at="2025-10-27T09:54:21 IST" name="setupMethod" finished-at="2025-10-27T09:54:37 IST" duration-ms="15319" status="PASS">
          <params>
            <param index="0">
              <value>
                <![CDATA[chrome]]>
              </value>
            </param>
          </params>
          <reporter-output>
          </reporter-output>
        </test-method> <!-- setupMethod -->
        <test-method is-config="true" signature="startTest(java.lang.reflect.Method)[pri:0, instance:com.fintech.tests.LoanTests@d21a74c]" started-at="2025-10-27T09:54:37 IST" name="startTest" finished-at="2025-10-27T09:54:37 IST" duration-ms="2" status="PASS">
          <params>
            <param index="0">
              <value>
                <![CDATA[public void com.fintech.tests.LoanTests.testLoanTyping()]]>
              </value>
            </param>
          </params>
          <reporter-output>
          </reporter-output>
        </test-method> <!-- startTest -->
        <test-method signature="testLoanTyping()[pri:1, instance:com.fintech.tests.LoanTests@d21a74c]" started-at="2025-10-27T09:54:37 IST" name="testLoanTyping" finished-at="2025-10-27T09:54:37 IST" duration-ms="25" status="SKIP">
          <exception class="org.testng.SkipException">
            <message>
              <![CDATA[Session ended]]>
            </message>
            <full-stacktrace>
              <![CDATA[org.testng.SkipException: Session ended
at com.fintech.tests.LoanTests.testLoanTyping(LoanTests.java:241)
at java.base/jdk.internal.reflect.DirectMethodHandleAccessor.invoke(DirectMethodHandleAccessor.java:103)
at java.base/java.lang.reflect.Method.invoke(Method.java:580)
at org.testng.internal.invokers.MethodInvocationHelper.invokeMethod(MethodInvocationHelper.java:141)
at org.testng.internal.invokers.TestInvoker.invokeMethod(TestInvoker.java:687)
at org.testng.internal.invokers.TestInvoker.invokeTestMethod(TestInvoker.java:230)
at org.testng.internal.invokers.MethodRunner.runInSequence(MethodRunner.java:63)
at org.testng.internal.invokers.TestInvoker$MethodInvocationAgent.invoke(TestInvoker.java:995)
at org.testng.internal.invokers.TestInvoker.invokeTestMethods(TestInvoker.java:203)
at org.testng.internal.invokers.TestMethodWorker.invokeTestMethods(TestMethodWorker.java:154)
at org.testng.internal.invokers.TestMethodWorker.run(TestMethodWorker.java:134)
at java.base/java.util.concurrent.Executors$RunnableAdapter.call(Executors.java:572)
at java.base/java.util.concurrent.FutureTask.run(FutureTask.java:317)
at org.testng.internal.thread.graph.TestNGFutureTask.run(TestNGFutureTask.java:22)
at java.base/java.util.concurrent.ThreadPoolExecutor.runWorker(ThreadPoolExecutor.java:1144)
at java.base/java.util.concurrent.ThreadPoolExecutor$Worker.run(ThreadPoolExecutor.java:642)
at java.base/java.lang.Thread.run(Thread.java:1583)
]]>
            </full-stacktrace>
          </exception> <!-- org.testng.SkipException -->
          <reporter-output>
          </reporter-output>
        </test-method> <!-- testLoanTyping -->
        <test-method is-config="true" signature="afterMethod(org.testng.ITestResult)[pri:0, instance:com.fintech.tests.LoanTests@d21a74c]" started-at="2025-10-27T09:54:37 IST" name="afterMethod" finished-at="2025-10-27T09:54:44 IST" duration-ms="7112" status="PASS">
          <params>
            <param index="0">
              <value>
                <![CDATA[[TestResult name=testLoanTyping status=SKIP method=LoanTests.testLoanTyping()[pri:1, instance:com.fintech.tests.LoanTests@d21a74c] output={null}]]]>
              </value>
            </param>
          </params>
          <reporter-output>
          </reporter-output>
        </test-method> <!-- afterMethod -->
        <test-method is-config="true" signature="setupMethod(java.lang.String)[pri:0, instance:com.fintech.tests.LoanTests@d21a74c]" started-at="2025-10-27T09:54:44 IST" name="setupMethod" finished-at="2025-10-27T09:54:52 IST" duration-ms="7874" status="PASS">
          <params>
            <param index="0">
              <value>
                <![CDATA[chrome]]>
              </value>
            </param>
          </params>
          <reporter-output>
          </reporter-output>
        </test-method> <!-- setupMethod -->
        <test-method is-config="true" signature="startTest(java.lang.reflect.Method)[pri:0, instance:com.fintech.tests.LoanTests@d21a74c]" started-at="2025-10-27T09:54:52 IST" name="startTest" finished-at="2025-10-27T09:54:52 IST" duration-ms="2" status="PASS">
          <params>
            <param index="0">
              <value>
                <![CDATA[public void com.fintech.tests.LoanTests.submitValidLoanRequest()]]>
              </value>
            </param>
          </params>
          <reporter-output>
          </reporter-output>
        </test-method> <!-- startTest -->
        <test-method signature="submitValidLoanRequest()[pri:2, instance:com.fintech.tests.LoanTests@d21a74c]" started-at="2025-10-27T09:54:52 IST" name="submitValidLoanRequest" finished-at="2025-10-27T09:54:52 IST" duration-ms="23" status="SKIP">
          <exception class="org.testng.SkipException">
            <message>
              <![CDATA[Session ended]]>
            </message>
            <full-stacktrace>
              <![CDATA[org.testng.SkipException: Session ended
at com.fintech.tests.LoanTests.submitValidLoanRequest(LoanTests.java:176)
at java.base/jdk.internal.reflect.DirectMethodHandleAccessor.invoke(DirectMethodHandleAccessor.java:103)
at java.base/java.lang.reflect.Method.invoke(Method.java:580)
at org.testng.internal.invokers.MethodInvocationHelper.invokeMethod(MethodInvocationHelper.java:141)
at org.testng.internal.invokers.TestInvoker.invokeMethod(TestInvoker.java:687)
at org.testng.internal.invokers.TestInvoker.invokeTestMethod(TestInvoker.java:230)
at org.testng.internal.invokers.MethodRunner.runInSequence(MethodRunner.java:63)
at org.testng.internal.invokers.TestInvoker$MethodInvocationAgent.invoke(TestInvoker.java:995)
at org.testng.internal.invokers.TestInvoker.invokeTestMethods(TestInvoker.java:203)
at org.testng.internal.invokers.TestMethodWorker.invokeTestMethods(TestMethodWorker.java:154)
at org.testng.internal.invokers.TestMethodWorker.run(TestMethodWorker.java:134)
at java.base/java.util.concurrent.Executors$RunnableAdapter.call(Executors.java:572)
at java.base/java.util.concurrent.FutureTask.run(FutureTask.java:317)
at org.testng.internal.thread.graph.TestNGFutureTask.run(TestNGFutureTask.java:22)
at java.base/java.util.concurrent.ThreadPoolExecutor.runWorker(ThreadPoolExecutor.java:1144)
at java.base/java.util.concurrent.ThreadPoolExecutor$Worker.run(ThreadPoolExecutor.java:642)
at java.base/java.lang.Thread.run(Thread.java:1583)
]]>
            </full-stacktrace>
          </exception> <!-- org.testng.SkipException -->
          <reporter-output>
          </reporter-output>
        </test-method> <!-- submitValidLoanRequest -->
        <test-method is-config="true" signature="afterMethod(org.testng.ITestResult)[pri:0, instance:com.fintech.tests.LoanTests@d21a74c]" started-at="2025-10-27T09:54:52 IST" name="afterMethod" finished-at="2025-10-27T09:54:54 IST" duration-ms="2392" status="PASS">
          <params>
            <param index="0">
              <value>
                <![CDATA[[TestResult name=submitValidLoanRequest status=SKIP method=LoanTests.submitValidLoanRequest()[pri:2, instance:com.fintech.tests.LoanTests@d21a74c] output={null}]]]>
              </value>
            </param>
          </params>
          <reporter-output>
          </reporter-output>
        </test-method> <!-- afterMethod -->
        <test-method is-config="true" signature="setupMethod(java.lang.String)[pri:0, instance:com.fintech.tests.LoanTests@d21a74c]" started-at="2025-10-27T09:54:54 IST" name="setupMethod" finished-at="2025-10-27T09:55:01 IST" duration-ms="6726" status="PASS">
          <params>
            <param index="0">
              <value>
                <![CDATA[chrome]]>
              </value>
            </param>
          </params>
          <reporter-output>
          </reporter-output>
        </test-method> <!-- setupMethod -->
        <test-method is-config="true" signature="startTest(java.lang.reflect.Method)[pri:0, instance:com.fintech.tests.LoanTests@d21a74c]" started-at="2025-10-27T09:55:01 IST" name="startTest" finished-at="2025-10-27T09:55:01 IST" duration-ms="2" status="PASS">
          <params>
            <param index="0">
              <value>
                <![CDATA[public void com.fintech.tests.LoanTests.applyLoan(java.lang.String,java.lang.Double,java.lang.Double,java.lang.Double,java.lang.Boolean)]]>
              </value>
            </param>
          </params>
          <reporter-output>
          </reporter-output>
        </test-method> <!-- startTest -->
        <test-method signature="applyLoan(java.lang.String,java.lang.Double,java.lang.Double,java.lang.Double,java.lang.Boolean)[pri:3, instance:com.fintech.tests.LoanTests@d21a74c]" started-at="2025-10-27T09:55:01 IST" name="applyLoan" data-provider="loanDataExcel" finished-at="2025-10-27T09:55:01 IST" duration-ms="39" status="SKIP">
          <params>
            <param index="0">
              <value>
                <![CDATA[Missing Info]]>
              </value>
            </param>
            <param index="1">
              <value is-null="true"/>
            </param>
            <param index="2">
              <value is-null="true"/>
            </param>
            <param index="3">
              <value is-null="true"/>
            </param>
            <param index="4">
              <value>
                <![CDATA[false]]>
              </value>
            </param>
          </params>
          <exception class="org.testng.SkipException">
            <message>
              <![CDATA[Session ended]]>
            </message>
            <full-stacktrace>
              <![CDATA[org.testng.SkipException: Session ended
at com.fintech.tests.LoanTests.applyLoan(LoanTests.java:28)
at java.base/jdk.internal.reflect.DirectMethodHandleAccessor.invoke(DirectMethodHandleAccessor.java:103)
at java.base/java.lang.reflect.Method.invoke(Method.java:580)
at org.testng.internal.invokers.MethodInvocationHelper.invokeMethod(MethodInvocationHelper.java:141)
at org.testng.internal.invokers.TestInvoker.invokeMethod(TestInvoker.java:687)
at org.testng.internal.invokers.TestInvoker.invokeTestMethod(TestInvoker.java:230)
at org.testng.internal.invokers.MethodRunner.runInSequence(MethodRunner.java:63)
at org.testng.internal.invokers.TestInvoker$MethodInvocationAgent.invoke(TestInvoker.java:995)
at org.testng.internal.invokers.TestInvoker.invokeTestMethods(TestInvoker.java:203)
at org.testng.internal.invokers.TestMethodWorker.invokeTestMethods(TestMethodWorker.java:154)
at org.testng.internal.invokers.TestMethodWorker.run(TestMethodWorker.java:134)
at java.base/java.util.concurrent.Executors$RunnableAdapter.call(Executors.java:572)
at java.base/java.util.concurrent.FutureTask.run(FutureTask.java:317)
at org.testng.internal.thread.graph.TestNGFutureTask.run(TestNGFutureTask.java:22)
at java.base/java.util.concurrent.ThreadPoolExecutor.runWorker(ThreadPoolExecutor.java:1144)
at java.base/java.util.concurrent.ThreadPoolExecutor$Worker.run(ThreadPoolExecutor.java:642)
at java.base/java.lang.Thread.run(Thread.java:1583)
]]>
            </full-stacktrace>
          </exception> <!-- org.testng.SkipException -->
          <reporter-output>
          </reporter-output>
        </test-method> <!-- applyLoan -->
        <test-method is-config="true" signature="afterMethod(org.testng.ITestResult)[pri:0, instance:com.fintech.tests.LoanTests@d21a74c]" started-at="2025-10-27T09:55:01 IST" name="afterMethod" finished-at="2025-10-27T09:55:03 IST" duration-ms="1997" status="PASS">
          <params>
            <param index="0">
              <value>
                <![CDATA[[TestResult name=applyLoan status=SKIP method=LoanTests.applyLoan(java.lang.String,java.lang.Double,java.lang.Double,java.lang.Double,java.lang.Boolean)[pri:3, instance:com.fintech.tests.LoanTests@d21a74c] output={null}]]]>
              </value>
            </param>
          </params>
          <reporter-output>
          </reporter-output>
        </test-method> <!-- afterMethod -->
      </class> <!-- com.fintech.tests.LoanTests -->
      <class name="com.fintech.tests.AccountTests">
        <test-method is-config="true" signature="beforeClassLog()[pri:0, instance:com.fintech.tests.AccountTests@26b3fd41]" started-at="2025-10-27T09:51:43 IST" name="beforeClassLog" finished-at="2025-10-27T09:51:43 IST" duration-ms="3" status="PASS">
          <reporter-output>
          </reporter-output>
        </test-method> <!-- beforeClassLog -->
        <test-method is-config="true" signature="setupMethod(java.lang.String)[pri:0, instance:com.fintech.tests.AccountTests@26b3fd41]" started-at="2025-10-27T09:51:56 IST" name="setupMethod" finished-at="2025-10-27T09:52:41 IST" duration-ms="44753" status="PASS">
          <params>
            <param index="0">
              <value>
                <![CDATA[chrome]]>
              </value>
            </param>
          </params>
          <reporter-output>
          </reporter-output>
        </test-method> <!-- setupMethod -->
        <test-method is-config="true" signature="startTest(java.lang.reflect.Method)[pri:0, instance:com.fintech.tests.AccountTests@26b3fd41]" started-at="2025-10-27T09:52:41 IST" name="startTest" finished-at="2025-10-27T09:52:41 IST" duration-ms="1" status="PASS">
          <params>
            <param index="0">
              <value>
                <![CDATA[public void com.fintech.tests.AccountTests.testAccountFunctionality(java.lang.String,java.lang.String,java.lang.String,java.lang.Double,java.lang.String,java.lang.String,java.lang.String,java.lang.String,java.lang.Double,java.lang.Boolean)]]>
              </value>
            </param>
          </params>
          <reporter-output>
          </reporter-output>
        </test-method> <!-- startTest -->
        <test-method signature="testAccountFunctionality(java.lang.String,java.lang.String,java.lang.String,java.lang.Double,java.lang.String,java.lang.String,java.lang.String,java.lang.String,java.lang.Double,java.lang.Boolean)[pri:0, instance:com.fintech.tests.AccountTests@26b3fd41]" started-at="2025-10-27T09:52:41 IST" name="testAccountFunctionality" data-provider="accountFunctionalityData" finished-at="2025-10-27T09:53:13 IST" duration-ms="32583" status="SKIP">
          <params>
            <param index="0">
              <value>
                <![CDATA[Balance update after transfer]]>
              </value>
            </param>
            <param index="1">
              <value>
                <![CDATA[13344]]>
              </value>
            </param>
            <param index="2">
              <value>
                <![CDATA[14455]]>
              </value>
            </param>
            <param index="3">
              <value>
                <![CDATA[100.0]]>
              </value>
            </param>
            <param index="4">
              <value>
                <![CDATA[10/01/2025]]>
              </value>
            </param>
            <param index="5">
              <value>
                <![CDATA[10/01/2025]]>
              </value>
            </param>
            <param index="6">
              <value>
                <![CDATA[Date]]>
              </value>
            </param>
            <param index="7">
              <value>
                <![CDATA[Ascending]]>
              </value>
            </param>
            <param index="8">
              <value>
                <![CDATA[4392.93]]>
              </value>
            </param>
            <param index="9">
              <value>
                <![CDATA[true]]>
              </value>
            </param>
          </params>
          <exception class="org.testng.SkipException">
            <message>
              <![CDATA[⚠️ Balance element not found or stale]]>
            </message>
            <full-stacktrace>
              <![CDATA[org.testng.SkipException: ⚠️ Balance element not found or stale
at com.fintech.pages.AccountPage.getBalanceFromCurrentPage(AccountPage.java:160)
at com.fintech.pages.AccountPage.getBalance(AccountPage.java:169)
at com.fintech.tests.AccountTests.testAccountFunctionality(AccountTests.java:367)
at java.base/jdk.internal.reflect.DirectMethodHandleAccessor.invoke(DirectMethodHandleAccessor.java:103)
at java.base/java.lang.reflect.Method.invoke(Method.java:580)
at org.testng.internal.invokers.MethodInvocationHelper.invokeMethod(MethodInvocationHelper.java:141)
at org.testng.internal.invokers.TestInvoker.invokeMethod(TestInvoker.java:687)
at org.testng.internal.invokers.TestInvoker.invokeTestMethod(TestInvoker.java:230)
at org.testng.internal.invokers.MethodRunner.runInSequence(MethodRunner.java:63)
at org.testng.internal.invokers.TestInvoker$MethodInvocationAgent.invoke(TestInvoker.java:995)
at org.testng.internal.invokers.TestInvoker.invokeTestMethods(TestInvoker.java:203)
at org.testng.internal.invokers.TestMethodWorker.invokeTestMethods(TestMethodWorker.java:154)
at org.testng.internal.invokers.TestMethodWorker.run(TestMethodWorker.java:134)
at java.base/java.util.concurrent.Executors$RunnableAdapter.call(Executors.java:572)
at java.base/java.util.concurrent.FutureTask.run(FutureTask.java:317)
at org.testng.internal.thread.graph.TestNGFutureTask.run(TestNGFutureTask.java:22)
at java.base/java.util.concurrent.ThreadPoolExecutor.runWorker(ThreadPoolExecutor.java:1144)
at java.base/java.util.concurrent.ThreadPoolExecutor$Worker.run(ThreadPoolExecutor.java:642)
at java.base/java.lang.Thread.run(Thread.java:1583)
Caused by: org.openqa.selenium.TimeoutException: Expected condition failed: waiting for visibility of element located by By.xpath: //table[@id='accountTable']//tr[td[a[contains(@href,'activity.htm?id=')]]]//td[2] (tried for 15 second(s) with 500 milliseconds interval)
Build info: version: '4.16.1', revision: '9b4c83354e'
System info: os.name: 'Windows 10', os.arch: 'amd64', os.version: '10.0', java.version: '21.0.7'
Driver info: org.openqa.selenium.chrome.ChromeDriver
Capabilities {acceptInsecureCerts: false, browserName: chrome, browserVersion: 141.0.7390.122, chrome: {chromedriverVersion: 141.0.7390.122 (b477534e7e1..., userDataDir: C:\Users\hp\AppData\Local\T...}, fedcm:accounts: true, goog:chromeOptions: {debuggerAddress: localhost:50021}, networkConnectionEnabled: false, pageLoadStrategy: normal, platformName: windows, proxy: Proxy(), se:cdp: ws://localhost:50021/devtoo..., se:cdpVersion: 141.0.7390.122, setWindowRect: true, strictFileInteractability: false, timeouts: {implicit: 0, pageLoad: 300000, script: 30000}, unhandledPromptBehavior: dismiss and notify, webauthn:extension:credBlob: true, webauthn:extension:largeBlob: true, webauthn:extension:minPinLength: true, webauthn:extension:prf: true, webauthn:virtualAuthenticators: true}
Session ID: 4ec5a7798b68068374689d5ffa2da979
at org.openqa.selenium.support.ui.WebDriverWait.timeoutException(WebDriverWait.java:84)
at org.openqa.selenium.support.ui.FluentWait.until(FluentWait.java:229)
at com.fintech.pages.BasePage.waitForVisibility(BasePage.java:191)
at com.fintech.pages.AccountPage.getBalanceFromCurrentPage(AccountPage.java:146)
... 18 more
]]>
            </full-stacktrace>
          </exception> <!-- org.testng.SkipException -->
          <reporter-output>
          </reporter-output>
        </test-method> <!-- testAccountFunctionality -->
        <test-method is-config="true" signature="resetBrowser()[pri:0, instance:com.fintech.tests.AccountTests@26b3fd41]" started-at="2025-10-27T09:53:13 IST" name="resetBrowser" finished-at="2025-10-27T09:53:15 IST" duration-ms="1516" status="PASS">
          <reporter-output>
          </reporter-output>
        </test-method> <!-- resetBrowser -->
        <test-method is-config="true" signature="afterMethod(org.testng.ITestResult)[pri:0, instance:com.fintech.tests.AccountTests@26b3fd41]" started-at="2025-10-27T09:53:15 IST" name="afterMethod" finished-at="2025-10-27T09:53:28 IST" duration-ms="12685" status="PASS">
          <params>
            <param index="0">
              <value>
                <![CDATA[[TestResult name=testAccountFunctionality status=SKIP method=AccountTests.testAccountFunctionality(java.lang.String,java.lang.String,java.lang.String,java.lang.Double,java.lang.String,java.lang.String,java.lang.String,java.lang.String,java.lang.Double,java.lang.Boolean)[pri:0, instance:com.fintech.tests.AccountTests@26b3fd41] output={null}]]]>
              </value>
            </param>
          </params>
          <reporter-output>
          </reporter-output>
        </test-method> <!-- afterMethod -->
        <test-method is-config="true" signature="setupMethod(java.lang.String)[pri:0, instance:com.fintech.tests.AccountTests@26b3fd41]" started-at="2025-10-27T09:53:28 IST" name="setupMethod" finished-at="2025-10-27T09:53:46 IST" duration-ms="18733" status="PASS">
          <params>
            <param index="0">
              <value>
                <![CDATA[chrome]]>
              </value>
            </param>
          </params>
          <reporter-output>
          </reporter-output>
        </test-method> <!-- setupMethod -->
        <test-method is-config="true" signature="startTest(java.lang.reflect.Method)[pri:0, instance:com.fintech.tests.AccountTests@26b3fd41]" started-at="2025-10-27T09:53:46 IST" name="startTest" finished-at="2025-10-27T09:53:46 IST" duration-ms="3" status="PASS">
          <params>
            <param index="0">
              <value>
                <![CDATA[public void com.fintech.tests.AccountTests.testAccountFunctionality(java.lang.String,java.lang.String,java.lang.String,java.lang.Double,java.lang.String,java.lang.String,java.lang.String,java.lang.String,java.lang.Double,java.lang.Boolean)]]>
              </value>
            </param>
          </params>
          <reporter-output>
          </reporter-output>
        </test-method> <!-- startTest -->
        <test-method signature="testAccountFunctionality(java.lang.String,java.lang.String,java.lang.String,java.lang.Double,java.lang.String,java.lang.String,java.lang.String,java.lang.String,java.lang.Double,java.lang.Boolean)[pri:0, instance:com.fintech.tests.AccountTests@26b3fd41]" started-at="2025-10-27T09:53:46 IST" name="testAccountFunctionality" data-provider="accountFunctionalityData" finished-at="2025-10-27T09:55:26 IST" duration-ms="100094" status="PASS">
          <params>
            <param index="0">
              <value>
                <![CDATA[Filter transactions by date range]]>
              </value>
            </param>
            <param index="1">
              <value>
                <![CDATA[13344]]>
              </value>
            </param>
            <param index="2">
              <value>
                <![CDATA[]]>
              </value>
            </param>
            <param index="3">
              <value is-null="true"/>
            </param>
            <param index="4">
              <value>
                <![CDATA[09/01/2025]]>
              </value>
            </param>
            <param index="5">
              <value>
                <![CDATA[09/30/2025]]>
              </value>
            </param>
            <param index="6">
              <value>
                <![CDATA[]]>
              </value>
            </param>
            <param index="7">
              <value>
                <![CDATA[]]>
              </value>
            </param>
            <param index="8">
              <value is-null="true"/>
            </param>
            <param index="9">
              <value>
                <![CDATA[true]]>
              </value>
            </param>
          </params>
          <reporter-output>
          </reporter-output>
        </test-method> <!-- testAccountFunctionality -->
        <test-method is-config="true" signature="resetBrowser()[pri:0, instance:com.fintech.tests.AccountTests@26b3fd41]" started-at="2025-10-27T09:55:26 IST" name="resetBrowser" finished-at="2025-10-27T09:55:28 IST" duration-ms="1538" status="PASS">
          <reporter-output>
          </reporter-output>
        </test-method> <!-- resetBrowser -->
        <test-method is-config="true" signature="afterMethod(org.testng.ITestResult)[pri:0, instance:com.fintech.tests.AccountTests@26b3fd41]" started-at="2025-10-27T09:55:28 IST" name="afterMethod" finished-at="2025-10-27T09:55:29 IST" duration-ms="1186" status="PASS">
          <params>
            <param index="0">
              <value>
                <![CDATA[[TestResult name=testAccountFunctionality status=SUCCESS method=AccountTests.testAccountFunctionality(java.lang.String,java.lang.String,java.lang.String,java.lang.Double,java.lang.String,java.lang.String,java.lang.String,java.lang.String,java.lang.Double,java.lang.Boolean)[pri:0, instance:com.fintech.tests.AccountTests@26b3fd41] output={null}]]]>
              </value>
            </param>
          </params>
          <reporter-output>
          </reporter-output>
        </test-method> <!-- afterMethod -->
        <test-method is-config="true" signature="setupMethod(java.lang.String)[pri:0, instance:com.fintech.tests.AccountTests@26b3fd41]" started-at="2025-10-27T09:55:29 IST" name="setupMethod" finished-at="2025-10-27T09:55:34 IST" duration-ms="5376" status="PASS">
          <params>
            <param index="0">
              <value>
                <![CDATA[chrome]]>
              </value>
            </param>
          </params>
          <reporter-output>
          </reporter-output>
        </test-method> <!-- setupMethod -->
        <test-method is-config="true" signature="startTest(java.lang.reflect.Method)[pri:0, instance:com.fintech.tests.AccountTests@26b3fd41]" started-at="2025-10-27T09:55:34 IST" name="startTest" finished-at="2025-10-27T09:55:34 IST" duration-ms="1" status="PASS">
          <params>
            <param index="0">
              <value>
                <![CDATA[public void com.fintech.tests.AccountTests.testAccountFunctionality(java.lang.String,java.lang.String,java.lang.String,java.lang.Double,java.lang.String,java.lang.String,java.lang.String,java.lang.String,java.lang.Double,java.lang.Boolean)]]>
              </value>
            </param>
          </params>
          <reporter-output>
          </reporter-output>
        </test-method> <!-- startTest -->
        <test-method signature="testAccountFunctionality(java.lang.String,java.lang.String,java.lang.String,java.lang.Double,java.lang.String,java.lang.String,java.lang.String,java.lang.String,java.lang.Double,java.lang.Boolean)[pri:0, instance:com.fintech.tests.AccountTests@26b3fd41]" started-at="2025-10-27T09:55:34 IST" name="testAccountFunctionality" data-provider="accountFunctionalityData" finished-at="2025-10-27T09:56:22 IST" duration-ms="47710" status="PASS">
          <params>
            <param index="0">
              <value>
                <![CDATA[Sort transactions by date/amount]]>
              </value>
            </param>
            <param index="1">
              <value>
                <![CDATA[13344]]>
              </value>
            </param>
            <param index="2">
              <value>
                <![CDATA[]]>
              </value>
            </param>
            <param index="3">
              <value is-null="true"/>
            </param>
            <param index="4">
              <value>
                <![CDATA[]]>
              </value>
            </param>
            <param index="5">
              <value>
                <![CDATA[]]>
              </value>
            </param>
            <param index="6">
              <value>
                <![CDATA[Date]]>
              </value>
            </param>
            <param index="7">
              <value>
                <![CDATA[Ascending]]>
              </value>
            </param>
            <param index="8">
              <value is-null="true"/>
            </param>
            <param index="9">
              <value>
                <![CDATA[true]]>
              </value>
            </param>
          </params>
          <reporter-output>
          </reporter-output>
        </test-method> <!-- testAccountFunctionality -->
        <test-method is-config="true" signature="resetBrowser()[pri:0, instance:com.fintech.tests.AccountTests@26b3fd41]" started-at="2025-10-27T09:56:22 IST" name="resetBrowser" finished-at="2025-10-27T09:56:24 IST" duration-ms="1401" status="PASS">
          <reporter-output>
          </reporter-output>
        </test-method> <!-- resetBrowser -->
        <test-method is-config="true" signature="afterMethod(org.testng.ITestResult)[pri:0, instance:com.fintech.tests.AccountTests@26b3fd41]" started-at="2025-10-27T09:56:24 IST" name="afterMethod" finished-at="2025-10-27T09:56:24 IST" duration-ms="819" status="PASS">
          <params>
            <param index="0">
              <value>
                <![CDATA[[TestResult name=testAccountFunctionality status=SUCCESS method=AccountTests.testAccountFunctionality(java.lang.String,java.lang.String,java.lang.String,java.lang.Double,java.lang.String,java.lang.String,java.lang.String,java.lang.String,java.lang.Double,java.lang.Boolean)[pri:0, instance:com.fintech.tests.AccountTests@26b3fd41] output={null}]]]>
              </value>
            </param>
          </params>
          <reporter-output>
          </reporter-output>
        </test-method> <!-- afterMethod -->
        <test-method is-config="true" signature="setupMethod(java.lang.String)[pri:0, instance:com.fintech.tests.AccountTests@26b3fd41]" started-at="2025-10-27T09:56:24 IST" name="setupMethod" finished-at="2025-10-27T09:56:30 IST" duration-ms="5524" status="PASS">
          <params>
            <param index="0">
              <value>
                <![CDATA[chrome]]>
              </value>
            </param>
          </params>
          <reporter-output>
          </reporter-output>
        </test-method> <!-- setupMethod -->
        <test-method is-config="true" signature="startTest(java.lang.reflect.Method)[pri:0, instance:com.fintech.tests.AccountTests@26b3fd41]" started-at="2025-10-27T09:56:30 IST" name="startTest" finished-at="2025-10-27T09:56:30 IST" duration-ms="1" status="PASS">
          <params>
            <param index="0">
              <value>
                <![CDATA[public void com.fintech.tests.AccountTests.testAccountFunctionality(java.lang.String,java.lang.String,java.lang.String,java.lang.Double,java.lang.String,java.lang.String,java.lang.String,java.lang.String,java.lang.Double,java.lang.Boolean)]]>
              </value>
            </param>
          </params>
          <reporter-output>
          </reporter-output>
        </test-method> <!-- startTest -->
        <test-method signature="testAccountFunctionality(java.lang.String,java.lang.String,java.lang.String,java.lang.Double,java.lang.String,java.lang.String,java.lang.String,java.lang.String,java.lang.Double,java.lang.Boolean)[pri:0, instance:com.fintech.tests.AccountTests@26b3fd41]" started-at="2025-10-27T09:56:30 IST" name="testAccountFunctionality" data-provider="accountFunctionalityData" finished-at="2025-10-27T09:56:53 IST" duration-ms="23227" status="FAIL">
          <params>
            <param index="0">
              <value>
                <![CDATA[Validate account summary]]>
              </value>
            </param>
            <param index="1">
              <value>
                <![CDATA[13344]]>
              </value>
            </param>
            <param index="2">
              <value>
                <![CDATA[]]>
              </value>
            </param>
            <param index="3">
              <value is-null="true"/>
            </param>
            <param index="4">
              <value>
                <![CDATA[]]>
              </value>
            </param>
            <param index="5">
              <value>
                <![CDATA[]]>
              </value>
            </param>
            <param index="6">
              <value>
                <![CDATA[]]>
              </value>
            </param>
            <param index="7">
              <value>
                <![CDATA[]]>
              </value>
            </param>
            <param index="8">
              <value>
                <![CDATA[2942.93]]>
              </value>
            </param>
            <param index="9">
              <value>
                <![CDATA[true]]>
              </value>
            </param>
          </params>
          <exception class="org.openqa.selenium.TimeoutException">
            <message>
              <![CDATA[Expected condition failed: waiting for url to contain "activity.htm?id=13344". Current url: "https://parabank.parasoft.com/parabank/overview.htm" (tried for 15 second(s) with 500 milliseconds interval)
Build info: version: '4.16.1', revision: '9b4c83354e'
System info: os.name: 'Windows 10', os.arch: 'amd64', os.version: '10.0', java.version: '21.0.7'
Driver info: org.openqa.selenium.chrome.ChromeDriver
Capabilities {acceptInsecureCerts: false, browserName: chrome, browserVersion: 141.0.7390.122, chrome: {chromedriverVersion: 141.0.7390.122 (b477534e7e1..., userDataDir: C:\Users\hp\AppData\Local\T...}, fedcm:accounts: true, goog:chromeOptions: {debuggerAddress: localhost:50681}, networkConnectionEnabled: false, pageLoadStrategy: normal, platformName: windows, proxy: Proxy(), se:cdp: ws://localhost:50681/devtoo..., se:cdpVersion: 141.0.7390.122, setWindowRect: true, strictFileInteractability: false, timeouts: {implicit: 0, pageLoad: 300000, script: 30000}, unhandledPromptBehavior: dismiss and notify, webauthn:extension:credBlob: true, webauthn:extension:largeBlob: true, webauthn:extension:minPinLength: true, webauthn:extension:prf: true, webauthn:virtualAuthenticators: true}
Session ID: fc50f30453406c81fab961acae70310c]]>
            </message>
            <full-stacktrace>
              <![CDATA[org.openqa.selenium.TimeoutException: Expected condition failed: waiting for url to contain "activity.htm?id=13344". Current url: "https://parabank.parasoft.com/parabank/overview.htm" (tried for 15 second(s) with 500 milliseconds interval)
Build info: version: '4.16.1', revision: '9b4c83354e'
System info: os.name: 'Windows 10', os.arch: 'amd64', os.version: '10.0', java.version: '21.0.7'
Driver info: org.openqa.selenium.chrome.ChromeDriver
Capabilities {acceptInsecureCerts: false, browserName: chrome, browserVersion: 141.0.7390.122, chrome: {chromedriverVersion: 141.0.7390.122 (b477534e7e1..., userDataDir: C:\Users\hp\AppData\Local\T...}, fedcm:accounts: true, goog:chromeOptions: {debuggerAddress: localhost:50681}, networkConnectionEnabled: false, pageLoadStrategy: normal, platformName: windows, proxy: Proxy(), se:cdp: ws://localhost:50681/devtoo..., se:cdpVersion: 141.0.7390.122, setWindowRect: true, strictFileInteractability: false, timeouts: {implicit: 0, pageLoad: 300000, script: 30000}, unhandledPromptBehavior: dismiss and notify, webauthn:extension:credBlob: true, webauthn:extension:largeBlob: true, webauthn:extension:minPinLength: true, webauthn:extension:prf: true, webauthn:virtualAuthenticators: true}
Session ID: fc50f30453406c81fab961acae70310c
at org.openqa.selenium.support.ui.WebDriverWait.timeoutException(WebDriverWait.java:84)
at org.openqa.selenium.support.ui.FluentWait.until(FluentWait.java:229)
at com.fintech.tests.AccountTests.testAccountFunctionality(AccountTests.java:444)
at java.base/jdk.internal.reflect.DirectMethodHandleAccessor.invoke(DirectMethodHandleAccessor.java:103)
at java.base/java.lang.reflect.Method.invoke(Method.java:580)
at org.testng.internal.invokers.MethodInvocationHelper.invokeMethod(MethodInvocationHelper.java:141)
at org.testng.internal.invokers.TestInvoker.invokeMethod(TestInvoker.java:687)
at org.testng.internal.invokers.TestInvoker.invokeTestMethod(TestInvoker.java:230)
at org.testng.internal.invokers.MethodRunner.runInSequence(MethodRunner.java:63)
at org.testng.internal.invokers.TestInvoker$MethodInvocationAgent.invoke(TestInvoker.java:995)
at org.testng.internal.invokers.TestInvoker.invokeTestMethods(TestInvoker.java:203)
at org.testng.internal.invokers.TestMethodWorker.invokeTestMethods(TestMethodWorker.java:154)
at org.testng.internal.invokers.TestMethodWorker.run(TestMethodWorker.java:134)
at java.base/java.util.concurrent.Executors$RunnableAdapter.call(Executors.java:572)
at java.base/java.util.concurrent.FutureTask.run(FutureTask.java:317)
at org.testng.internal.thread.graph.TestNGFutureTask.run(TestNGFutureTask.java:22)
at java.base/java.util.concurrent.ThreadPoolExecutor.runWorker(ThreadPoolExecutor.java:1144)
at java.base/java.util.concurrent.ThreadPoolExecutor$Worker.run(ThreadPoolExecutor.java:642)
at java.base/java.lang.Thread.run(Thread.java:1583)
]]>
            </full-stacktrace>
          </exception> <!-- org.openqa.selenium.TimeoutException -->
          <reporter-output>
          </reporter-output>
        </test-method> <!-- testAccountFunctionality -->
        <test-method is-config="true" signature="resetBrowser()[pri:0, instance:com.fintech.tests.AccountTests@26b3fd41]" started-at="2025-10-27T09:56:53 IST" name="resetBrowser" finished-at="2025-10-27T09:56:55 IST" duration-ms="1451" status="PASS">
          <reporter-output>
          </reporter-output>
        </test-method> <!-- resetBrowser -->
        <test-method is-config="true" signature="afterMethod(org.testng.ITestResult)[pri:0, instance:com.fintech.tests.AccountTests@26b3fd41]" started-at="2025-10-27T09:56:55 IST" name="afterMethod" finished-at="2025-10-27T09:56:57 IST" duration-ms="2336" status="PASS">
          <params>
            <param index="0">
              <value>
                <![CDATA[[TestResult name=testAccountFunctionality status=FAILURE method=AccountTests.testAccountFunctionality(java.lang.String,java.lang.String,java.lang.String,java.lang.Double,java.lang.String,java.lang.String,java.lang.String,java.lang.String,java.lang.Double,java.lang.Boolean)[pri:0, instance:com.fintech.tests.AccountTests@26b3fd41] output={null}]]]>
              </value>
            </param>
          </params>
          <reporter-output>
          </reporter-output>
        </test-method> <!-- afterMethod -->
        <test-method is-config="true" signature="setupMethod(java.lang.String)[pri:0, instance:com.fintech.tests.AccountTests@26b3fd41]" started-at="2025-10-27T09:56:57 IST" name="setupMethod" finished-at="2025-10-27T09:57:02 IST" duration-ms="4736" status="PASS">
          <params>
            <param index="0">
              <value>
                <![CDATA[chrome]]>
              </value>
            </param>
          </params>
          <reporter-output>
          </reporter-output>
        </test-method> <!-- setupMethod -->
        <test-method is-config="true" signature="startTest(java.lang.reflect.Method)[pri:0, instance:com.fintech.tests.AccountTests@26b3fd41]" started-at="2025-10-27T09:57:02 IST" name="startTest" finished-at="2025-10-27T09:57:02 IST" duration-ms="1" status="PASS">
          <params>
            <param index="0">
              <value>
                <![CDATA[public void com.fintech.tests.AccountTests.testBalanceUpdateAfterTransaction()]]>
              </value>
            </param>
          </params>
          <reporter-output>
          </reporter-output>
        </test-method> <!-- startTest -->
        <test-method signature="testBalanceUpdateAfterTransaction()[pri:0, instance:com.fintech.tests.AccountTests@26b3fd41]" started-at="2025-10-27T09:57:02 IST" name="testBalanceUpdateAfterTransaction" finished-at="2025-10-27T09:57:30 IST" duration-ms="28773" status="SKIP">
          <exception class="org.testng.SkipException">
            <message>
              <![CDATA[⚠️ Balance element not found or stale]]>
            </message>
            <full-stacktrace>
              <![CDATA[org.testng.SkipException: ⚠️ Balance element not found or stale
at com.fintech.pages.AccountPage.getBalanceFromCurrentPage(AccountPage.java:160)
at com.fintech.pages.AccountPage.getBalance(AccountPage.java:169)
at com.fintech.tests.AccountTests.testBalanceUpdateAfterTransaction(AccountTests.java:130)
at java.base/jdk.internal.reflect.DirectMethodHandleAccessor.invoke(DirectMethodHandleAccessor.java:103)
at java.base/java.lang.reflect.Method.invoke(Method.java:580)
at org.testng.internal.invokers.MethodInvocationHelper.invokeMethod(MethodInvocationHelper.java:141)
at org.testng.internal.invokers.TestInvoker.invokeMethod(TestInvoker.java:687)
at org.testng.internal.invokers.TestInvoker.invokeTestMethod(TestInvoker.java:230)
at org.testng.internal.invokers.MethodRunner.runInSequence(MethodRunner.java:63)
at org.testng.internal.invokers.TestInvoker$MethodInvocationAgent.invoke(TestInvoker.java:995)
at org.testng.internal.invokers.TestInvoker.invokeTestMethods(TestInvoker.java:203)
at org.testng.internal.invokers.TestMethodWorker.invokeTestMethods(TestMethodWorker.java:154)
at org.testng.internal.invokers.TestMethodWorker.run(TestMethodWorker.java:134)
at java.base/java.util.concurrent.Executors$RunnableAdapter.call(Executors.java:572)
at java.base/java.util.concurrent.FutureTask.run(FutureTask.java:317)
at org.testng.internal.thread.graph.TestNGFutureTask.run(TestNGFutureTask.java:22)
at java.base/java.util.concurrent.ThreadPoolExecutor.runWorker(ThreadPoolExecutor.java:1144)
at java.base/java.util.concurrent.ThreadPoolExecutor$Worker.run(ThreadPoolExecutor.java:642)
at java.base/java.lang.Thread.run(Thread.java:1583)
Caused by: org.openqa.selenium.TimeoutException: Expected condition failed: waiting for visibility of element located by By.xpath: //table[@id='accountTable']//tr[td[a[contains(@href,'activity.htm?id=')]]]//td[2] (tried for 15 second(s) with 500 milliseconds interval)
Build info: version: '4.16.1', revision: '9b4c83354e'
System info: os.name: 'Windows 10', os.arch: 'amd64', os.version: '10.0', java.version: '21.0.7'
Driver info: org.openqa.selenium.chrome.ChromeDriver
Capabilities {acceptInsecureCerts: false, browserName: chrome, browserVersion: 141.0.7390.122, chrome: {chromedriverVersion: 141.0.7390.122 (b477534e7e1..., userDataDir: C:\Users\hp\AppData\Local\T...}, fedcm:accounts: true, goog:chromeOptions: {debuggerAddress: localhost:50734}, networkConnectionEnabled: false, pageLoadStrategy: normal, platformName: windows, proxy: Proxy(), se:cdp: ws://localhost:50734/devtoo..., se:cdpVersion: 141.0.7390.122, setWindowRect: true, strictFileInteractability: false, timeouts: {implicit: 0, pageLoad: 300000, script: 30000}, unhandledPromptBehavior: dismiss and notify, webauthn:extension:credBlob: true, webauthn:extension:largeBlob: true, webauthn:extension:minPinLength: true, webauthn:extension:prf: true, webauthn:virtualAuthenticators: true}
Session ID: ef397926477f0a70a64476c837ecdc23
at org.openqa.selenium.support.ui.WebDriverWait.timeoutException(WebDriverWait.java:84)
at org.openqa.selenium.support.ui.FluentWait.until(FluentWait.java:229)
at com.fintech.pages.BasePage.waitForVisibility(BasePage.java:191)
at com.fintech.pages.AccountPage.getBalanceFromCurrentPage(AccountPage.java:146)
... 18 more
]]>
            </full-stacktrace>
          </exception> <!-- org.testng.SkipException -->
          <reporter-output>
          </reporter-output>
        </test-method> <!-- testBalanceUpdateAfterTransaction -->
        <test-method is-config="true" signature="resetBrowser()[pri:0, instance:com.fintech.tests.AccountTests@26b3fd41]" started-at="2025-10-27T09:57:30 IST" name="resetBrowser" finished-at="2025-10-27T09:57:32 IST" duration-ms="1491" status="PASS">
          <reporter-output>
          </reporter-output>
        </test-method> <!-- resetBrowser -->
        <test-method is-config="true" signature="afterMethod(org.testng.ITestResult)[pri:0, instance:com.fintech.tests.AccountTests@26b3fd41]" started-at="2025-10-27T09:57:32 IST" name="afterMethod" finished-at="2025-10-27T09:57:34 IST" duration-ms="1590" status="PASS">
          <params>
            <param index="0">
              <value>
                <![CDATA[[TestResult name=testBalanceUpdateAfterTransaction status=SKIP method=AccountTests.testBalanceUpdateAfterTransaction()[pri:0, instance:com.fintech.tests.AccountTests@26b3fd41] output={null}]]]>
              </value>
            </param>
          </params>
          <reporter-output>
          </reporter-output>
        </test-method> <!-- afterMethod -->
        <test-method is-config="true" signature="setupMethod(java.lang.String)[pri:0, instance:com.fintech.tests.AccountTests@26b3fd41]" started-at="2025-10-27T09:57:34 IST" name="setupMethod" finished-at="2025-10-27T09:57:39 IST" duration-ms="5069" status="PASS">
          <params>
            <param index="0">
              <value>
                <![CDATA[chrome]]>
              </value>
            </param>
          </params>
          <reporter-output>
          </reporter-output>
        </test-method> <!-- setupMethod -->
        <test-method is-config="true" signature="startTest(java.lang.reflect.Method)[pri:0, instance:com.fintech.tests.AccountTests@26b3fd41]" started-at="2025-10-27T09:57:39 IST" name="startTest" finished-at="2025-10-27T09:57:39 IST" duration-ms="2" status="PASS">
          <params>
            <param index="0">
              <value>
                <![CDATA[public void com.fintech.tests.AccountTests.testCheckingAccountSummary()]]>
              </value>
            </param>
          </params>
          <reporter-output>
          </reporter-output>
        </test-method> <!-- startTest -->
        <test-method signature="testCheckingAccountSummary()[pri:0, instance:com.fintech.tests.AccountTests@26b3fd41]" started-at="2025-10-27T09:57:39 IST" name="testCheckingAccountSummary" finished-at="2025-10-27T09:57:49 IST" duration-ms="10049" status="PASS">
          <reporter-output>
          </reporter-output>
        </test-method> <!-- testCheckingAccountSummary -->
        <test-method is-config="true" signature="resetBrowser()[pri:0, instance:com.fintech.tests.AccountTests@26b3fd41]" started-at="2025-10-27T09:57:49 IST" name="resetBrowser" finished-at="2025-10-27T09:57:50 IST" duration-ms="1438" status="PASS">
          <reporter-output>
          </reporter-output>
        </test-method> <!-- resetBrowser -->
        <test-method is-config="true" signature="afterMethod(org.testng.ITestResult)[pri:0, instance:com.fintech.tests.AccountTests@26b3fd41]" started-at="2025-10-27T09:57:50 IST" name="afterMethod" finished-at="2025-10-27T09:57:51 IST" duration-ms="1062" status="PASS">
          <params>
            <param index="0">
              <value>
                <![CDATA[[TestResult name=testCheckingAccountSummary status=SUCCESS method=AccountTests.testCheckingAccountSummary()[pri:0, instance:com.fintech.tests.AccountTests@26b3fd41] output={null}]]]>
              </value>
            </param>
          </params>
          <reporter-output>
          </reporter-output>
        </test-method> <!-- afterMethod -->
        <test-method is-config="true" signature="setupMethod(java.lang.String)[pri:0, instance:com.fintech.tests.AccountTests@26b3fd41]" started-at="2025-10-27T09:57:51 IST" name="setupMethod" finished-at="2025-10-27T09:57:56 IST" duration-ms="5237" status="PASS">
          <params>
            <param index="0">
              <value>
                <![CDATA[chrome]]>
              </value>
            </param>
          </params>
          <reporter-output>
          </reporter-output>
        </test-method> <!-- setupMethod -->
        <test-method is-config="true" signature="startTest(java.lang.reflect.Method)[pri:0, instance:com.fintech.tests.AccountTests@26b3fd41]" started-at="2025-10-27T09:57:56 IST" name="startTest" finished-at="2025-10-27T09:57:56 IST" duration-ms="2" status="PASS">
          <params>
            <param index="0">
              <value>
                <![CDATA[public void com.fintech.tests.AccountTests.testFullTransactionHistory()]]>
              </value>
            </param>
          </params>
          <reporter-output>
          </reporter-output>
        </test-method> <!-- startTest -->
        <test-method signature="testFullTransactionHistory()[pri:0, instance:com.fintech.tests.AccountTests@26b3fd41]" started-at="2025-10-27T09:57:56 IST" name="testFullTransactionHistory" finished-at="2025-10-27T09:58:36 IST" duration-ms="39928" status="FAIL">
          <exception class="java.lang.AssertionError">
            <message>
              <![CDATA[Transaction history should be visible expected [true] but found [false]]]>
            </message>
            <full-stacktrace>
              <![CDATA[java.lang.AssertionError: Transaction history should be visible expected [true] but found [false]
at org.testng.Assert.fail(Assert.java:111)
at org.testng.Assert.failNotEquals(Assert.java:1590)
at org.testng.Assert.assertTrue(Assert.java:57)
at com.fintech.tests.AccountTests.testFullTransactionHistory(AccountTests.java:236)
at java.base/jdk.internal.reflect.DirectMethodHandleAccessor.invoke(DirectMethodHandleAccessor.java:103)
at java.base/java.lang.reflect.Method.invoke(Method.java:580)
at org.testng.internal.invokers.MethodInvocationHelper.invokeMethod(MethodInvocationHelper.java:141)
at org.testng.internal.invokers.TestInvoker.invokeMethod(TestInvoker.java:687)
at org.testng.internal.invokers.TestInvoker.invokeTestMethod(TestInvoker.java:230)
at org.testng.internal.invokers.MethodRunner.runInSequence(MethodRunner.java:63)
at org.testng.internal.invokers.TestInvoker$MethodInvocationAgent.invoke(TestInvoker.java:995)
at org.testng.internal.invokers.TestInvoker.invokeTestMethods(TestInvoker.java:203)
at org.testng.internal.invokers.TestMethodWorker.invokeTestMethods(TestMethodWorker.java:154)
at org.testng.internal.invokers.TestMethodWorker.run(TestMethodWorker.java:134)
at java.base/java.util.concurrent.Executors$RunnableAdapter.call(Executors.java:572)
at java.base/java.util.concurrent.FutureTask.run(FutureTask.java:317)
at org.testng.internal.thread.graph.TestNGFutureTask.run(TestNGFutureTask.java:22)
at java.base/java.util.concurrent.ThreadPoolExecutor.runWorker(ThreadPoolExecutor.java:1144)
at java.base/java.util.concurrent.ThreadPoolExecutor$Worker.run(ThreadPoolExecutor.java:642)
at java.base/java.lang.Thread.run(Thread.java:1583)
]]>
            </full-stacktrace>
          </exception> <!-- java.lang.AssertionError -->
          <reporter-output>
          </reporter-output>
        </test-method> <!-- testFullTransactionHistory -->
        <test-method is-config="true" signature="resetBrowser()[pri:0, instance:com.fintech.tests.AccountTests@26b3fd41]" started-at="2025-10-27T09:58:36 IST" name="resetBrowser" finished-at="2025-10-27T09:58:38 IST" duration-ms="1488" status="PASS">
          <reporter-output>
          </reporter-output>
        </test-method> <!-- resetBrowser -->
        <test-method is-config="true" signature="afterMethod(org.testng.ITestResult)[pri:0, instance:com.fintech.tests.AccountTests@26b3fd41]" started-at="2025-10-27T09:58:38 IST" name="afterMethod" finished-at="2025-10-27T09:58:40 IST" duration-ms="2626" status="PASS">
          <params>
            <param index="0">
              <value>
                <![CDATA[[TestResult name=testFullTransactionHistory status=FAILURE method=AccountTests.testFullTransactionHistory()[pri:0, instance:com.fintech.tests.AccountTests@26b3fd41] output={null}]]]>
              </value>
            </param>
          </params>
          <reporter-output>
          </reporter-output>
        </test-method> <!-- afterMethod -->
        <test-method is-config="true" signature="setupMethod(java.lang.String)[pri:0, instance:com.fintech.tests.AccountTests@26b3fd41]" started-at="2025-10-27T09:58:40 IST" name="setupMethod" finished-at="2025-10-27T09:58:46 IST" duration-ms="5269" status="PASS">
          <params>
            <param index="0">
              <value>
                <![CDATA[chrome]]>
              </value>
            </param>
          </params>
          <reporter-output>
          </reporter-output>
        </test-method> <!-- setupMethod -->
        <test-method is-config="true" signature="startTest(java.lang.reflect.Method)[pri:0, instance:com.fintech.tests.AccountTests@26b3fd41]" started-at="2025-10-27T09:58:46 IST" name="startTest" finished-at="2025-10-27T09:58:46 IST" duration-ms="1" status="PASS">
          <params>
            <param index="0">
              <value>
                <![CDATA[public void com.fintech.tests.AccountTests.testSavingsAccountSummary()]]>
              </value>
            </param>
          </params>
          <reporter-output>
          </reporter-output>
        </test-method> <!-- startTest -->
        <test-method signature="testSavingsAccountSummary()[pri:0, instance:com.fintech.tests.AccountTests@26b3fd41]" started-at="2025-10-27T09:58:46 IST" name="testSavingsAccountSummary" finished-at="2025-10-27T09:58:53 IST" duration-ms="6969" status="FAIL">
          <exception class="java.lang.AssertionError">
            <message>
              <![CDATA[❌ No accounts found — cannot proceed with summary validation]]>
            </message>
            <full-stacktrace>
              <![CDATA[java.lang.AssertionError: ❌ No accounts found — cannot proceed with summary validation
at com.fintech.tests.AccountTests.testSavingsAccountSummary(AccountTests.java:100)
at java.base/jdk.internal.reflect.DirectMethodHandleAccessor.invoke(DirectMethodHandleAccessor.java:103)
at java.base/java.lang.reflect.Method.invoke(Method.java:580)
at org.testng.internal.invokers.MethodInvocationHelper.invokeMethod(MethodInvocationHelper.java:141)
at org.testng.internal.invokers.TestInvoker.invokeMethod(TestInvoker.java:687)
at org.testng.internal.invokers.TestInvoker.invokeTestMethod(TestInvoker.java:230)
at org.testng.internal.invokers.MethodRunner.runInSequence(MethodRunner.java:63)
at org.testng.internal.invokers.TestInvoker$MethodInvocationAgent.invoke(TestInvoker.java:995)
at org.testng.internal.invokers.TestInvoker.invokeTestMethods(TestInvoker.java:203)
at org.testng.internal.invokers.TestMethodWorker.invokeTestMethods(TestMethodWorker.java:154)
at org.testng.internal.invokers.TestMethodWorker.run(TestMethodWorker.java:134)
at java.base/java.util.concurrent.Executors$RunnableAdapter.call(Executors.java:572)
at java.base/java.util.concurrent.FutureTask.run(FutureTask.java:317)
at org.testng.internal.thread.graph.TestNGFutureTask.run(TestNGFutureTask.java:22)
at java.base/java.util.concurrent.ThreadPoolExecutor.runWorker(ThreadPoolExecutor.java:1144)
at java.base/java.util.concurrent.ThreadPoolExecutor$Worker.run(ThreadPoolExecutor.java:642)
at java.base/java.lang.Thread.run(Thread.java:1583)
]]>
            </full-stacktrace>
          </exception> <!-- java.lang.AssertionError -->
          <reporter-output>
          </reporter-output>
        </test-method> <!-- testSavingsAccountSummary -->
        <test-method is-config="true" signature="resetBrowser()[pri:0, instance:com.fintech.tests.AccountTests@26b3fd41]" started-at="2025-10-27T09:58:53 IST" name="resetBrowser" finished-at="2025-10-27T09:58:54 IST" duration-ms="1416" status="PASS">
          <reporter-output>
          </reporter-output>
        </test-method> <!-- resetBrowser -->
        <test-method is-config="true" signature="afterMethod(org.testng.ITestResult)[pri:0, instance:com.fintech.tests.AccountTests@26b3fd41]" started-at="2025-10-27T09:58:54 IST" name="afterMethod" finished-at="2025-10-27T09:58:57 IST" duration-ms="2644" status="PASS">
          <params>
            <param index="0">
              <value>
                <![CDATA[[TestResult name=testSavingsAccountSummary status=FAILURE method=AccountTests.testSavingsAccountSummary()[pri:0, instance:com.fintech.tests.AccountTests@26b3fd41] output={null}]]]>
              </value>
            </param>
          </params>
          <reporter-output>
          </reporter-output>
        </test-method> <!-- afterMethod -->
        <test-method is-config="true" signature="setupMethod(java.lang.String)[pri:0, instance:com.fintech.tests.AccountTests@26b3fd41]" started-at="2025-10-27T09:58:57 IST" name="setupMethod" finished-at="2025-10-27T09:59:02 IST" duration-ms="5027" status="PASS">
          <params>
            <param index="0">
              <value>
                <![CDATA[chrome]]>
              </value>
            </param>
          </params>
          <reporter-output>
          </reporter-output>
        </test-method> <!-- setupMethod -->
        <test-method is-config="true" signature="startTest(java.lang.reflect.Method)[pri:0, instance:com.fintech.tests.AccountTests@26b3fd41]" started-at="2025-10-27T09:59:02 IST" name="startTest" finished-at="2025-10-27T09:59:02 IST" duration-ms="1" status="PASS">
          <params>
            <param index="0">
[...]
          <params>
            <param index="0">
              <value>
                <![CDATA[john]]>
              </value>
            </param>
            <param index="1">
              <value>
                <![CDATA[demo]]>
              </value>
            </param>
            <param index="2">
              <value>
                <![CDATA[SUCCESS]]>
              </value>
            </param>
          </params>
          <reporter-output>
          </reporter-output>
        </test-method> <!-- loginWithExcelData -->
        <test-method is-config="true" signature="afterMethod(org.testng.ITestResult)[pri:0, instance:com.fintech.tests.AuthTests@671a5887]" started-at="2025-10-27T10:18:39 IST" name="afterMethod" finished-at="2025-10-27T10:18:41 IST" duration-ms="1922" status="PASS">
          <params>
            <param index="0">
              <value>
                <![CDATA[[TestResult name=loginWithExcelData status=SUCCESS method=AuthTests.loginWithExcelData(java.lang.String,java.lang.String,java.lang.String)[pri:0, instance:com.fintech.tests.AuthTests@671a5887] output={null}]]]>
              </value>
            </param>
          </params>
          <reporter-output>
          </reporter-output>
        </test-method> <!-- afterMethod -->
        <test-method is-config="true" signature="setupMethod(java.lang.String)[pri:0, instance:com.fintech.tests.AuthTests@671a5887]" started-at="2025-10-27T10:18:41 IST" name="setupMethod" finished-at="2025-10-27T10:24:05 IST" duration-ms="323957" status="PASS">
          <params>
            <param index="0">
              <value>
                <![CDATA[edge]]>
              </value>
            </param>
          </params>
          <reporter-output>
          </reporter-output>
        </test-method> <!-- setupMethod -->
        <test-method is-config="true" signature="startTest(java.lang.reflect.Method)[pri:0, instance:com.fintech.tests.AuthTests@671a5887]" started-at="2025-10-27T10:24:05 IST" name="startTest" finished-at="2025-10-27T10:24:05 IST" duration-ms="3" status="PASS">
          <params>
            <param index="0">
              <value>
                <![CDATA[public void com.fintech.tests.AuthTests.loginWithExcelData(java.lang.String,java.lang.String,java.lang.String)]]>
              </value>
            </param>
          </params>
          <reporter-output>
          </reporter-output>
        </test-method> <!-- startTest -->
        <test-method signature="loginWithExcelData(java.lang.String,java.lang.String,java.lang.String)[pri:0, instance:com.fintech.tests.AuthTests@671a5887]" started-at="2025-10-27T10:24:05 IST" name="loginWithExcelData" data-provider="excelLoginData" finished-at="2025-10-27T10:27:07 IST" duration-ms="182157" status="PASS">
          <params>
            <param index="0">
              <value>
                <![CDATA[alice]]>
              </value>
            </param>
            <param index="1">
              <value>
                <![CDATA[pass123]]>
              </value>
            </param>
            <param index="2">
              <value>
                <![CDATA[INVALID]]>
              </value>
            </param>
          </params>
          <reporter-output>
          </reporter-output>
        </test-method> <!-- loginWithExcelData -->
        <test-method is-config="true" signature="afterMethod(org.testng.ITestResult)[pri:0, instance:com.fintech.tests.AuthTests@671a5887]" started-at="2025-10-27T10:27:07 IST" name="afterMethod" finished-at="2025-10-27T10:27:09 IST" duration-ms="1804" status="PASS">
          <params>
            <param index="0">
              <value>
                <![CDATA[[TestResult name=loginWithExcelData status=SUCCESS method=AuthTests.loginWithExcelData(java.lang.String,java.lang.String,java.lang.String)[pri:0, instance:com.fintech.tests.AuthTests@671a5887] output={null}]]]>
              </value>
            </param>
          </params>
          <reporter-output>
          </reporter-output>
        </test-method> <!-- afterMethod -->
        <test-method is-config="true" signature="setupMethod(java.lang.String)[pri:0, instance:com.fintech.tests.AuthTests@671a5887]" started-at="2025-10-27T10:27:09 IST" name="setupMethod" finished-at="2025-10-27T10:32:03 IST" duration-ms="294181" status="PASS">
          <params>
            <param index="0">
              <value>
                <![CDATA[edge]]>
              </value>
            </param>
          </params>
          <reporter-output>
          </reporter-output>
        </test-method> <!-- setupMethod -->
        <test-method is-config="true" signature="startTest(java.lang.reflect.Method)[pri:0, instance:com.fintech.tests.AuthTests@671a5887]" started-at="2025-10-27T10:32:03 IST" name="startTest" finished-at="2025-10-27T10:32:03 IST" duration-ms="0" status="PASS">
          <params>
            <param index="0">
              <value>
                <![CDATA[public void com.fintech.tests.AuthTests.loginWithExcelData(java.lang.String,java.lang.String,java.lang.String)]]>
              </value>
            </param>
          </params>
          <reporter-output>
          </reporter-output>
        </test-method> <!-- startTest -->
        <test-method signature="loginWithExcelData(java.lang.String,java.lang.String,java.lang.String)[pri:0, instance:com.fintech.tests.AuthTests@671a5887]" started-at="2025-10-27T10:32:03 IST" name="loginWithExcelData" data-provider="excelLoginData" finished-at="2025-10-27T10:35:07 IST" duration-ms="183351" status="PASS">
          <params>
            <param index="0">
              <value>
                <![CDATA[john]]>
              </value>
            </param>
            <param index="1">
              <value>
                <![CDATA[wrong]]>
              </value>
            </param>
            <param index="2">
              <value>
                <![CDATA[INVALID]]>
              </value>
            </param>
          </params>
          <reporter-output>
          </reporter-output>
        </test-method> <!-- loginWithExcelData -->
        <test-method is-config="true" signature="afterMethod(org.testng.ITestResult)[pri:0, instance:com.fintech.tests.AuthTests@671a5887]" started-at="2025-10-27T10:35:07 IST" name="afterMethod" finished-at="2025-10-27T10:35:07 IST" duration-ms="526" status="PASS">
          <params>
            <param index="0">
              <value>
                <![CDATA[[TestResult name=loginWithExcelData status=SUCCESS method=AuthTests.loginWithExcelData(java.lang.String,java.lang.String,java.lang.String)[pri:0, instance:com.fintech.tests.AuthTests@671a5887] output={null}]]]>
              </value>
            </param>
          </params>
          <reporter-output>
          </reporter-output>
        </test-method> <!-- afterMethod -->
        <test-method is-config="true" signature="setupMethod(java.lang.String)[pri:0, instance:com.fintech.tests.AuthTests@671a5887]" started-at="2025-10-27T10:35:07 IST" name="setupMethod" finished-at="2025-10-27T10:36:52 IST" duration-ms="104925" status="PASS">
          <params>
            <param index="0">
              <value>
                <![CDATA[edge]]>
              </value>
            </param>
          </params>
          <reporter-output>
          </reporter-output>
        </test-method> <!-- setupMethod -->
        <test-method is-config="true" signature="startTest(java.lang.reflect.Method)[pri:0, instance:com.fintech.tests.AuthTests@671a5887]" started-at="2025-10-27T10:36:52 IST" name="startTest" finished-at="2025-10-27T10:36:52 IST" duration-ms="1" status="PASS">
          <params>
            <param index="0">
              <value>
                <![CDATA[public void com.fintech.tests.AuthTests.loginWithExcelData(java.lang.String,java.lang.String,java.lang.String)]]>
              </value>
            </param>
          </params>
          <reporter-output>
          </reporter-output>
        </test-method> <!-- startTest -->
        <test-method signature="loginWithExcelData(java.lang.String,java.lang.String,java.lang.String)[pri:0, instance:com.fintech.tests.AuthTests@671a5887]" started-at="2025-10-27T10:36:52 IST" name="loginWithExcelData" data-provider="excelLoginData" finished-at="2025-10-27T10:40:26 IST" duration-ms="214042" status="PASS">
          <params>
            <param index="0">
              <value>
                <![CDATA[notexist]]>
              </value>
            </param>
            <param index="1">
              <value>
                <![CDATA[demo]]>
              </value>
            </param>
            <param index="2">
              <value>
                <![CDATA[USER_NOT_EXIST]]>
              </value>
            </param>
          </params>
          <reporter-output>
          </reporter-output>
        </test-method> <!-- loginWithExcelData -->
        <test-method is-config="true" signature="afterMethod(org.testng.ITestResult)[pri:0, instance:com.fintech.tests.AuthTests@671a5887]" started-at="2025-10-27T10:40:26 IST" name="afterMethod" finished-at="2025-10-27T10:40:28 IST" duration-ms="1517" status="PASS">
          <params>
            <param index="0">
              <value>
                <![CDATA[[TestResult name=loginWithExcelData status=SUCCESS method=AuthTests.loginWithExcelData(java.lang.String,java.lang.String,java.lang.String)[pri:0, instance:com.fintech.tests.AuthTests@671a5887] output={null}]]]>
              </value>
            </param>
          </params>
          <reporter-output>
          </reporter-output>
        </test-method> <!-- afterMethod -->
        <test-method is-config="true" signature="setupMethod(java.lang.String)[pri:0, instance:com.fintech.tests.AuthTests@671a5887]" started-at="2025-10-27T10:40:28 IST" name="setupMethod" finished-at="2025-10-27T10:43:26 IST" duration-ms="178034" status="PASS">
          <params>
            <param index="0">
              <value>
                <![CDATA[edge]]>
              </value>
            </param>
          </params>
          <reporter-output>
          </reporter-output>
        </test-method> <!-- setupMethod -->
        <test-method is-config="true" signature="startTest(java.lang.reflect.Method)[pri:0, instance:com.fintech.tests.AuthTests@671a5887]" started-at="2025-10-27T10:43:26 IST" name="startTest" finished-at="2025-10-27T10:43:26 IST" duration-ms="2" status="PASS">
          <params>
            <param index="0">
              <value>
                <![CDATA[public void com.fintech.tests.AuthTests.logoutAfterLogin(java.lang.String,java.lang.String)]]>
              </value>
            </param>
          </params>
          <reporter-output>
          </reporter-output>
        </test-method> <!-- startTest -->
        <test-method signature="logoutAfterLogin(java.lang.String,java.lang.String)[pri:0, instance:com.fintech.tests.AuthTests@671a5887]" started-at="2025-10-27T10:43:26 IST" name="logoutAfterLogin" data-provider="userCredentials" finished-at="2025-10-27T10:43:55 IST" duration-ms="28936" status="PASS">
          <params>
            <param index="0">
              <value>
                <![CDATA[john]]>
              </value>
            </param>
            <param index="1">
              <value>
                <![CDATA[demo]]>
              </value>
            </param>
          </params>
          <reporter-output>
          </reporter-output>
        </test-method> <!-- logoutAfterLogin -->
        <test-method is-config="true" signature="afterMethod(org.testng.ITestResult)[pri:0, instance:com.fintech.tests.AuthTests@671a5887]" started-at="2025-10-27T10:43:55 IST" name="afterMethod" finished-at="2025-10-27T10:43:55 IST" duration-ms="580" status="PASS">
          <params>
            <param index="0">
              <value>
                <![CDATA[[TestResult name=logoutAfterLogin status=SUCCESS method=AuthTests.logoutAfterLogin(java.lang.String,java.lang.String)[pri:0, instance:com.fintech.tests.AuthTests@671a5887] output={null}]]]>
              </value>
            </param>
          </params>
          <reporter-output>
          </reporter-output>
        </test-method> <!-- afterMethod -->
        <test-method is-config="true" signature="setupMethod(java.lang.String)[pri:0, instance:com.fintech.tests.AuthTests@671a5887]" started-at="2025-10-27T10:43:55 IST" name="setupMethod" finished-at="2025-10-27T10:45:05 IST" duration-ms="69996" status="PASS">
          <params>
            <param index="0">
              <value>
                <![CDATA[edge]]>
              </value>
            </param>
          </params>
          <reporter-output>
          </reporter-output>
        </test-method> <!-- setupMethod -->
        <test-method signature="logoutAfterLogin(java.lang.String,java.lang.String)[pri:0, instance:com.fintech.tests.AuthTests@671a5887]" started-at="2025-10-27T10:45:05 IST" name="logoutAfterLogin" data-provider="userCredentials" finished-at="2025-10-27T10:49:03 IST" duration-ms="237453" status="PASS">
          <params>
            <param index="0">
              <value>
                <![CDATA[john]]>
              </value>
            </param>
            <param index="1">
              <value>
                <![CDATA[wrong]]>
              </value>
            </param>
          </params>
          <reporter-output>
          </reporter-output>
        </test-method> <!-- logoutAfterLogin -->
        <test-method is-config="true" signature="startTest(java.lang.reflect.Method)[pri:0, instance:com.fintech.tests.AuthTests@671a5887]" started-at="2025-10-27T10:45:05 IST" name="startTest" finished-at="2025-10-27T10:45:05 IST" duration-ms="0" status="PASS">
          <params>
            <param index="0">
              <value>
                <![CDATA[public void com.fintech.tests.AuthTests.logoutAfterLogin(java.lang.String,java.lang.String)]]>
              </value>
            </param>
          </params>
          <reporter-output>
          </reporter-output>
        </test-method> <!-- startTest -->
        <test-method is-config="true" signature="afterMethod(org.testng.ITestResult)[pri:0, instance:com.fintech.tests.AuthTests@671a5887]" started-at="2025-10-27T10:49:03 IST" name="afterMethod" finished-at="2025-10-27T10:49:03 IST" duration-ms="538" status="PASS">
          <params>
            <param index="0">
              <value>
                <![CDATA[[TestResult name=logoutAfterLogin status=SUCCESS method=AuthTests.logoutAfterLogin(java.lang.String,java.lang.String)[pri:0, instance:com.fintech.tests.AuthTests@671a5887] output={null}]]]>
              </value>
            </param>
          </params>
          <reporter-output>
          </reporter-output>
        </test-method> <!-- afterMethod -->
        <test-method is-config="true" signature="setupMethod(java.lang.String)[pri:0, instance:com.fintech.tests.AuthTests@671a5887]" started-at="2025-10-27T10:49:03 IST" name="setupMethod" finished-at="2025-10-27T10:53:13 IST" duration-ms="249978" status="PASS">
          <params>
            <param index="0">
              <value>
                <![CDATA[edge]]>
              </value>
            </param>
          </params>
          <reporter-output>
          </reporter-output>
        </test-method> <!-- setupMethod -->
        <test-method is-config="true" signature="startTest(java.lang.reflect.Method)[pri:0, instance:com.fintech.tests.AuthTests@671a5887]" started-at="2025-10-27T10:53:13 IST" name="startTest" finished-at="2025-10-27T10:53:13 IST" duration-ms="1" status="PASS">
          <params>
            <param index="0">
              <value>
                <![CDATA[public void com.fintech.tests.AuthTests.logoutAfterLogin(java.lang.String,java.lang.String)]]>
              </value>
            </param>
          </params>
          <reporter-output>
          </reporter-output>
        </test-method> <!-- startTest -->
        <test-method signature="logoutAfterLogin(java.lang.String,java.lang.String)[pri:0, instance:com.fintech.tests.AuthTests@671a5887]" started-at="2025-10-27T10:53:13 IST" name="logoutAfterLogin" data-provider="userCredentials" finished-at="2025-10-27T10:56:36 IST" duration-ms="202846" status="PASS">
          <params>
            <param index="0">
              <value>
                <![CDATA[notexist]]>
              </value>
            </param>
            <param index="1">
              <value>
                <![CDATA[demo]]>
              </value>
            </param>
          </params>
          <reporter-output>
          </reporter-output>
        </test-method> <!-- logoutAfterLogin -->
        <test-method is-config="true" signature="afterMethod(org.testng.ITestResult)[pri:0, instance:com.fintech.tests.AuthTests@671a5887]" started-at="2025-10-27T10:56:36 IST" name="afterMethod" finished-at="2025-10-27T10:56:38 IST" duration-ms="1409" status="PASS">
          <params>
            <param index="0">
              <value>
                <![CDATA[[TestResult name=logoutAfterLogin status=SUCCESS method=AuthTests.logoutAfterLogin(java.lang.String,java.lang.String)[pri:0, instance:com.fintech.tests.AuthTests@671a5887] output={null}]]]>
              </value>
            </param>
          </params>
          <reporter-output>
          </reporter-output>
        </test-method> <!-- afterMethod -->
        <test-method is-config="true" signature="setupMethod(java.lang.String)[pri:0, instance:com.fintech.tests.AuthTests@671a5887]" started-at="2025-10-27T10:56:38 IST" name="setupMethod" finished-at="2025-10-27T10:58:52 IST" duration-ms="134808" status="PASS">
          <params>
            <param index="0">
              <value>
                <![CDATA[edge]]>
              </value>
            </param>
          </params>
          <reporter-output>
          </reporter-output>
        </test-method> <!-- setupMethod -->
        <test-method is-config="true" signature="startTest(java.lang.reflect.Method)[pri:0, instance:com.fintech.tests.AuthTests@671a5887]" started-at="2025-10-27T10:58:52 IST" name="startTest" finished-at="2025-10-27T10:58:52 IST" duration-ms="2" status="PASS">
          <params>
            <param index="0">
              <value>
                <![CDATA[public void com.fintech.tests.AuthTests.sessionTimeoutSimulation() throws java.lang.InterruptedException]]>
              </value>
            </param>
          </params>
          <reporter-output>
          </reporter-output>
        </test-method> <!-- startTest -->
        <test-method signature="sessionTimeoutSimulation()[pri:0, instance:com.fintech.tests.AuthTests@671a5887]" started-at="2025-10-27T10:58:52 IST" name="sessionTimeoutSimulation" finished-at="2025-10-27T11:04:03 IST" duration-ms="310759" status="PASS">
          <reporter-output>
          </reporter-output>
        </test-method> <!-- sessionTimeoutSimulation -->
        <test-method is-config="true" signature="afterMethod(org.testng.ITestResult)[pri:0, instance:com.fintech.tests.AuthTests@671a5887]" started-at="2025-10-27T11:04:03 IST" name="afterMethod" finished-at="2025-10-27T11:04:04 IST" duration-ms="1066" status="PASS">
          <params>
            <param index="0">
              <value>
                <![CDATA[[TestResult name=sessionTimeoutSimulation status=SUCCESS method=AuthTests.sessionTimeoutSimulation()[pri:0, instance:com.fintech.tests.AuthTests@671a5887] output={null}]]]>
              </value>
            </param>
          </params>
          <reporter-output>
          </reporter-output>
        </test-method> <!-- afterMethod -->
      </class> <!-- com.fintech.tests.AuthTests -->
    </test> <!-- EdgeRun -->
  </suite> <!-- ParaBankAutomationSuite -->
</testng-results>
