<?xml version="1.0" encoding="UTF-8"?>
<testng-results ignored="0" total="94" passed="67" failed="6" skipped="21">
  <reporter-output>
  </reporter-output>
  <suite started-at="2025-10-28T00:51:50 IST" name="ParaBankAutomationSuite" finished-at="2025-10-28T01:35:49 IST" duration-ms="2638401">
    <groups>
      <group name="login">
        <method signature="LoginTests.passwordMasking()[pri:0, instance:com.fintech.tests.LoginTests@158a8276]" name="passwordMasking" class="com.fintech.tests.LoginTests"/>
        <method signature="LoginTests.rememberMeSimulation()[pri:0, instance:com.fintech.tests.LoginTests@158a8276]" name="rememberMeSimulation" class="com.fintech.tests.LoginTests"/>
        <method signature="LoginTests.sessionTimeoutSimulation()[pri:0, instance:com.fintech.tests.LoginTests@158a8276]" name="sessionTimeoutSimulation" class="com.fintech.tests.LoginTests"/>
        <method signature="LoginTests.passwordMasking()[pri:0, instance:com.fintech.tests.LoginTests@343570b7]" name="passwordMasking" class="com.fintech.tests.LoginTests"/>
        <method signature="LoginTests.rememberMeSimulation()[pri:0, instance:com.fintech.tests.LoginTests@343570b7]" name="rememberMeSimulation" class="com.fintech.tests.LoginTests"/>
        <method signature="LoginTests.sessionTimeoutSimulation()[pri:0, instance:com.fintech.tests.LoginTests@343570b7]" name="sessionTimeoutSimulation" class="com.fintech.tests.LoginTests"/>
      </group> <!-- login -->
    </groups>
    <test started-at="2025-10-28T00:51:50 IST" name="ChromeRun" finished-at="2025-10-28T01:30:03 IST" duration-ms="2292160">
      <class name="com.fintech.tests.LoginTests">
        <test-method is-config="true" signature="beforeClassLog()[pri:0, instance:com.fintech.tests.LoginTests@158a8276]" started-at="2025-10-28T00:52:20 IST" name="beforeClassLog" finished-at="2025-10-28T00:52:20 IST" duration-ms="0" status="PASS">
          <reporter-output>
          </reporter-output>
        </test-method> <!-- beforeClassLog -->
        <test-method is-config="true" signature="setupMethod(java.lang.String)[pri:0, instance:com.fintech.tests.LoginTests@158a8276]" started-at="2025-10-28T00:52:24 IST" name="setupMethod" finished-at="2025-10-28T00:52:36 IST" duration-ms="12109" status="PASS">
          <params>
            <param index="0">
              <value>
                <![CDATA[chrome]]>
              </value>
            </param>
          </params>
          <reporter-output>
          </reporter-output>
        </test-method> <!-- setupMethod -->
        <test-method is-config="true" signature="startTest(java.lang.reflect.Method)[pri:0, instance:com.fintech.tests.LoginTests@158a8276]" started-at="2025-10-28T00:52:36 IST" name="startTest" finished-at="2025-10-28T00:52:36 IST" duration-ms="8" status="PASS">
          <params>
            <param index="0">
              <value>
                <![CDATA[public void com.fintech.tests.LoginTests.loginScenarios(java.lang.String,java.lang.String,java.lang.String)]]>
              </value>
            </param>
          </params>
          <reporter-output>
          </reporter-output>
        </test-method> <!-- startTest -->
        <test-method signature="loginScenarios(java.lang.String,java.lang.String,java.lang.String)[pri:0, instance:com.fintech.tests.LoginTests@158a8276]" started-at="2025-10-28T00:52:36 IST" name="loginScenarios" data-provider="loginScenarios" finished-at="2025-10-28T00:52:52 IST" duration-ms="15823" status="PASS">
          <params>
            <param index="0">
              <value>
                <![CDATA[john]]>
              </value>
            </param>
            <param index="1">
              <value>
                <![CDATA[demo]]>
              </value>
            </param>
            <param index="2">
              <value>
                <![CDATA[SUCCESS]]>
              </value>
            </param>
          </params>
          <reporter-output>
          </reporter-output>
        </test-method> <!-- loginScenarios -->
        <test-method is-config="true" signature="afterMethod(org.testng.ITestResult)[pri:0, instance:com.fintech.tests.LoginTests@158a8276]" started-at="2025-10-28T00:52:52 IST" name="afterMethod" finished-at="2025-10-28T00:52:53 IST" duration-ms="762" status="PASS">
          <params>
            <param index="0">
              <value>
                <![CDATA[[TestResult name=loginScenarios status=SUCCESS method=LoginTests.loginScenarios(java.lang.String,java.lang.String,java.lang.String)[pri:0, instance:com.fintech.tests.LoginTests@158a8276] output={null}]]]>
              </value>
            </param>
          </params>
          <reporter-output>
          </reporter-output>
        </test-method> <!-- afterMethod -->
        <test-method is-config="true" signature="setupMethod(java.lang.String)[pri:0, instance:com.fintech.tests.LoginTests@158a8276]" started-at="2025-10-28T00:52:53 IST" name="setupMethod" finished-at="2025-10-28T00:53:02 IST" duration-ms="9805" status="PASS">
          <params>
            <param index="0">
              <value>
                <![CDATA[chrome]]>
              </value>
            </param>
          </params>
          <reporter-output>
          </reporter-output>
        </test-method> <!-- setupMethod -->
        <test-method is-config="true" signature="startTest(java.lang.reflect.Method)[pri:0, instance:com.fintech.tests.LoginTests@158a8276]" started-at="2025-10-28T00:53:02 IST" name="startTest" finished-at="2025-10-28T00:53:02 IST" duration-ms="1" status="PASS">
          <params>
            <param index="0">
              <value>
                <![CDATA[public void com.fintech.tests.LoginTests.loginScenarios(java.lang.String,java.lang.String,java.lang.String)]]>
              </value>
            </param>
          </params>
          <reporter-output>
          </reporter-output>
        </test-method> <!-- startTest -->
        <test-method signature="loginScenarios(java.lang.String,java.lang.String,java.lang.String)[pri:0, instance:com.fintech.tests.LoginTests@158a8276]" started-at="2025-10-28T00:53:02 IST" name="loginScenarios" data-provider="loginScenarios" finished-at="2025-10-28T00:53:29 IST" duration-ms="26091" status="PASS">
          <params>
            <param index="0">
              <value>
                <![CDATA[john]]>
              </value>
            </param>
            <param index="1">
              <value>
                <![CDATA[wrong]]>
              </value>
            </param>
            <param index="2">
              <value>
                <![CDATA[INVALID]]>
              </value>
            </param>
          </params>
          <reporter-output>
          </reporter-output>
        </test-method> <!-- loginScenarios -->
        <test-method is-config="true" signature="afterMethod(org.testng.ITestResult)[pri:0, instance:com.fintech.tests.LoginTests@158a8276]" started-at="2025-10-28T00:53:29 IST" name="afterMethod" finished-at="2025-10-28T00:53:32 IST" duration-ms="3274" status="PASS">
          <params>
            <param index="0">
              <value>
                <![CDATA[[TestResult name=loginScenarios status=SUCCESS method=LoginTests.loginScenarios(java.lang.String,java.lang.String,java.lang.String)[pri:0, instance:com.fintech.tests.LoginTests@158a8276] output={null}]]]>
              </value>
            </param>
          </params>
          <reporter-output>
          </reporter-output>
        </test-method> <!-- afterMethod -->
        <test-method is-config="true" signature="setupMethod(java.lang.String)[pri:0, instance:com.fintech.tests.LoginTests@158a8276]" started-at="2025-10-28T00:53:32 IST" name="setupMethod" finished-at="2025-10-28T00:53:42 IST" duration-ms="10067" status="PASS">
          <params>
            <param index="0">
              <value>
                <![CDATA[chrome]]>
              </value>
            </param>
          </params>
          <reporter-output>
          </reporter-output>
        </test-method> <!-- setupMethod -->
        <test-method is-config="true" signature="startTest(java.lang.reflect.Method)[pri:0, instance:com.fintech.tests.LoginTests@158a8276]" started-at="2025-10-28T00:53:42 IST" name="startTest" finished-at="2025-10-28T00:53:42 IST" duration-ms="1" status="PASS">
          <params>
            <param index="0">
              <value>
                <![CDATA[public void com.fintech.tests.LoginTests.loginScenarios(java.lang.String,java.lang.String,java.lang.String)]]>
              </value>
            </param>
          </params>
          <reporter-output>
          </reporter-output>
        </test-method> <!-- startTest -->
        <test-method signature="loginScenarios(java.lang.String,java.lang.String,java.lang.String)[pri:0, instance:com.fintech.tests.LoginTests@158a8276]" started-at="2025-10-28T00:53:42 IST" name="loginScenarios" data-provider="loginScenarios" finished-at="2025-10-28T00:54:08 IST" duration-ms="25770" status="PASS">
          <params>
            <param index="0">
              <value>
                <![CDATA[notexist]]>
              </value>
            </param>
            <param index="1">
              <value>
                <![CDATA[any]]>
              </value>
            </param>
            <param index="2">
              <value>
                <![CDATA[USER_NOT_EXIST]]>
              </value>
            </param>
          </params>
          <reporter-output>
          </reporter-output>
        </test-method> <!-- loginScenarios -->
        <test-method is-config="true" signature="afterMethod(org.testng.ITestResult)[pri:0, instance:com.fintech.tests.LoginTests@158a8276]" started-at="2025-10-28T00:54:08 IST" name="afterMethod" finished-at="2025-10-28T00:54:09 IST" duration-ms="1175" status="PASS">
          <params>
            <param index="0">
              <value>
                <![CDATA[[TestResult name=loginScenarios status=SUCCESS method=LoginTests.loginScenarios(java.lang.String,java.lang.String,java.lang.String)[pri:0, instance:com.fintech.tests.LoginTests@158a8276] output={null}]]]>
              </value>
            </param>
          </params>
          <reporter-output>
          </reporter-output>
        </test-method> <!-- afterMethod -->
        <test-method is-config="true" signature="setupMethod(java.lang.String)[pri:0, instance:com.fintech.tests.LoginTests@158a8276]" started-at="2025-10-28T00:54:09 IST" name="setupMethod" finished-at="2025-10-28T00:54:16 IST" duration-ms="7128" status="PASS">
          <params>
            <param index="0">
              <value>
                <![CDATA[chrome]]>
              </value>
            </param>
          </params>
          <reporter-output>
          </reporter-output>
        </test-method> <!-- setupMethod -->
        <test-method is-config="true" signature="startTest(java.lang.reflect.Method)[pri:0, instance:com.fintech.tests.LoginTests@158a8276]" started-at="2025-10-28T00:54:16 IST" name="startTest" finished-at="2025-10-28T00:54:16 IST" duration-ms="1" status="PASS">
          <params>
            <param index="0">
              <value>
                <![CDATA[public void com.fintech.tests.LoginTests.loginScenarios(java.lang.String,java.lang.String,java.lang.String)]]>
              </value>
            </param>
          </params>
          <reporter-output>
          </reporter-output>
        </test-method> <!-- startTest -->
        <test-method signature="loginScenarios(java.lang.String,java.lang.String,java.lang.String)[pri:0, instance:com.fintech.tests.LoginTests@158a8276]" started-at="2025-10-28T00:54:16 IST" name="loginScenarios" data-provider="loginScenarios" finished-at="2025-10-28T00:54:38 IST" duration-ms="22236" status="PASS">
          <params>
            <param index="0">
              <value>
                <![CDATA[]]>
              </value>
            </param>
            <param index="1">
              <value>
                <![CDATA[]]>
              </value>
            </param>
            <param index="2">
              <value>
                <![CDATA[EMPTY]]>
              </value>
            </param>
          </params>
          <reporter-output>
          </reporter-output>
        </test-method> <!-- loginScenarios -->
        <test-method is-config="true" signature="afterMethod(org.testng.ITestResult)[pri:0, instance:com.fintech.tests.LoginTests@158a8276]" started-at="2025-10-28T00:54:38 IST" name="afterMethod" finished-at="2025-10-28T00:54:40 IST" duration-ms="1747" status="PASS">
          <params>
            <param index="0">
              <value>
                <![CDATA[[TestResult name=loginScenarios status=SUCCESS method=LoginTests.loginScenarios(java.lang.String,java.lang.String,java.lang.String)[pri:0, instance:com.fintech.tests.LoginTests@158a8276] output={null}]]]>
              </value>
            </param>
          </params>
          <reporter-output>
          </reporter-output>
        </test-method> <!-- afterMethod -->
        <test-method is-config="true" signature="setupMethod(java.lang.String)[pri:0, instance:com.fintech.tests.LoginTests@158a8276]" started-at="2025-10-28T00:54:40 IST" name="setupMethod" finished-at="2025-10-28T00:54:46 IST" duration-ms="6144" status="PASS">
          <params>
            <param index="0">
              <value>
                <![CDATA[chrome]]>
              </value>
            </param>
          </params>
          <reporter-output>
          </reporter-output>
        </test-method> <!-- setupMethod -->
        <test-method is-config="true" signature="startTest(java.lang.reflect.Method)[pri:0, instance:com.fintech.tests.LoginTests@158a8276]" started-at="2025-10-28T00:54:46 IST" name="startTest" finished-at="2025-10-28T00:54:46 IST" duration-ms="1" status="PASS">
          <params>
            <param index="0">
              <value>
                <![CDATA[public void com.fintech.tests.LoginTests.loginScenarios(java.lang.String,java.lang.String,java.lang.String)]]>
              </value>
            </param>
          </params>
          <reporter-output>
          </reporter-output>
        </test-method> <!-- startTest -->
        <test-method signature="loginScenarios(java.lang.String,java.lang.String,java.lang.String)[pri:0, instance:com.fintech.tests.LoginTests@158a8276]" started-at="2025-10-28T00:54:46 IST" name="loginScenarios" data-provider="loginScenarios" finished-at="2025-10-28T00:55:05 IST" duration-ms="19277" status="PASS">
          <params>
            <param index="0">
              <value>
                <![CDATA[user@com]]>
              </value>
            </param>
            <param index="1">
              <value>
                <![CDATA[pass]]>
              </value>
            </param>
            <param index="2">
              <value>
                <![CDATA[INVALID_EMAIL]]>
              </value>
            </param>
          </params>
          <reporter-output>
          </reporter-output>
        </test-method> <!-- loginScenarios -->
        <test-method is-config="true" signature="afterMethod(org.testng.ITestResult)[pri:0, instance:com.fintech.tests.LoginTests@158a8276]" started-at="2025-10-28T00:55:05 IST" name="afterMethod" finished-at="2025-10-28T00:55:07 IST" duration-ms="1167" status="PASS">
          <params>
            <param index="0">
              <value>
                <![CDATA[[TestResult name=loginScenarios status=SUCCESS method=LoginTests.loginScenarios(java.lang.String,java.lang.String,java.lang.String)[pri:0, instance:com.fintech.tests.LoginTests@158a8276] output={null}]]]>
              </value>
            </param>
          </params>
          <reporter-output>
          </reporter-output>
        </test-method> <!-- afterMethod -->
        <test-method is-config="true" signature="setupMethod(java.lang.String)[pri:0, instance:com.fintech.tests.LoginTests@158a8276]" started-at="2025-10-28T01:00:00 IST" name="setupMethod" finished-at="2025-10-28T01:00:11 IST" duration-ms="10477" status="PASS">
          <params>
            <param index="0">
              <value>
                <![CDATA[chrome]]>
              </value>
            </param>
          </params>
          <reporter-output>
          </reporter-output>
        </test-method> <!-- setupMethod -->
        <test-method is-config="true" signature="startTest(java.lang.reflect.Method)[pri:0, instance:com.fintech.tests.LoginTests@158a8276]" started-at="2025-10-28T01:00:11 IST" name="startTest" finished-at="2025-10-28T01:00:11 IST" duration-ms="1" status="PASS">
          <params>
            <param index="0">
              <value>
                <![CDATA[public void com.fintech.tests.LoginTests.passwordMasking()]]>
              </value>
            </param>
          </params>
          <reporter-output>
          </reporter-output>
        </test-method> <!-- startTest -->
        <test-method signature="passwordMasking()[pri:0, instance:com.fintech.tests.LoginTests@158a8276]" started-at="2025-10-28T01:00:11 IST" name="passwordMasking" finished-at="2025-10-28T01:00:17 IST" duration-ms="6416" status="PASS">
          <reporter-output>
          </reporter-output>
        </test-method> <!-- passwordMasking -->
        <test-method is-config="true" signature="afterMethod(org.testng.ITestResult)[pri:0, instance:com.fintech.tests.LoginTests@158a8276]" started-at="2025-10-28T01:00:17 IST" name="afterMethod" finished-at="2025-10-28T01:00:25 IST" duration-ms="8094" status="PASS">
          <params>
            <param index="0">
              <value>
                <![CDATA[[TestResult name=passwordMasking status=SUCCESS method=LoginTests.passwordMasking()[pri:0, instance:com.fintech.tests.LoginTests@158a8276] output={null}]]]>
              </value>
            </param>
          </params>
          <reporter-output>
          </reporter-output>
        </test-method> <!-- afterMethod -->
        <test-method is-config="true" signature="setupMethod(java.lang.String)[pri:0, instance:com.fintech.tests.LoginTests@158a8276]" started-at="2025-10-28T01:00:25 IST" name="setupMethod" finished-at="2025-10-28T01:00:35 IST" duration-ms="10124" status="PASS">
          <params>
            <param index="0">
              <value>
                <![CDATA[chrome]]>
              </value>
            </param>
          </params>
          <reporter-output>
          </reporter-output>
        </test-method> <!-- setupMethod -->
        <test-method is-config="true" signature="startTest(java.lang.reflect.Method)[pri:0, instance:com.fintech.tests.LoginTests@158a8276]" started-at="2025-10-28T01:00:35 IST" name="startTest" finished-at="2025-10-28T01:00:35 IST" duration-ms="1" status="PASS">
          <params>
            <param index="0">
              <value>
                <![CDATA[public void com.fintech.tests.LoginTests.rememberMeSimulation()]]>
              </value>
            </param>
          </params>
          <reporter-output>
          </reporter-output>
        </test-method> <!-- startTest -->
        <test-method signature="rememberMeSimulation()[pri:0, instance:com.fintech.tests.LoginTests@158a8276]" started-at="2025-10-28T01:00:35 IST" name="rememberMeSimulation" finished-at="2025-10-28T01:01:03 IST" duration-ms="27378" status="PASS">
          <reporter-output>
          </reporter-output>
        </test-method> <!-- rememberMeSimulation -->
        <test-method is-config="true" signature="afterMethod(org.testng.ITestResult)[pri:0, instance:com.fintech.tests.LoginTests@158a8276]" started-at="2025-10-28T01:01:03 IST" name="afterMethod" finished-at="2025-10-28T01:01:06 IST" duration-ms="3296" status="PASS">
          <params>
            <param index="0">
              <value>
                <![CDATA[[TestResult name=rememberMeSimulation status=SUCCESS method=LoginTests.rememberMeSimulation()[pri:0, instance:com.fintech.tests.LoginTests@158a8276] output={null}]]]>
              </value>
            </param>
          </params>
          <reporter-output>
          </reporter-output>
        </test-method> <!-- afterMethod -->
        <test-method is-config="true" signature="setupMethod(java.lang.String)[pri:0, instance:com.fintech.tests.LoginTests@158a8276]" started-at="2025-10-28T01:01:06 IST" name="setupMethod" finished-at="2025-10-28T01:01:21 IST" duration-ms="15550" status="PASS">
          <params>
            <param index="0">
              <value>
                <![CDATA[chrome]]>
              </value>
            </param>
          </params>
          <reporter-output>
          </reporter-output>
        </test-method> <!-- setupMethod -->
        <test-method is-config="true" signature="startTest(java.lang.reflect.Method)[pri:0, instance:com.fintech.tests.LoginTests@158a8276]" started-at="2025-10-28T01:01:21 IST" name="startTest" finished-at="2025-10-28T01:01:21 IST" duration-ms="1" status="PASS">
          <params>
            <param index="0">
              <value>
                <![CDATA[public void com.fintech.tests.LoginTests.sessionTimeoutSimulation()]]>
              </value>
            </param>
          </params>
          <reporter-output>
          </reporter-output>
        </test-method> <!-- startTest -->
        <test-method signature="sessionTimeoutSimulation()[pri:0, instance:com.fintech.tests.LoginTests@158a8276]" started-at="2025-10-28T01:01:21 IST" name="sessionTimeoutSimulation" finished-at="2025-10-28T01:01:50 IST" duration-ms="28446" status="PASS">
          <reporter-output>
          </reporter-output>
        </test-method> <!-- sessionTimeoutSimulation -->
        <test-method is-config="true" signature="afterMethod(org.testng.ITestResult)[pri:0, instance:com.fintech.tests.LoginTests@158a8276]" started-at="2025-10-28T01:01:50 IST" name="afterMethod" finished-at="2025-10-28T01:01:59 IST" duration-ms="9349" status="PASS">
          <params>
            <param index="0">
              <value>
                <![CDATA[[TestResult name=sessionTimeoutSimulation status=SUCCESS method=LoginTests.sessionTimeoutSimulation()[pri:0, instance:com.fintech.tests.LoginTests@158a8276] output={null}]]]>
              </value>
            </param>
          </params>
          <reporter-output>
          </reporter-output>
        </test-method> <!-- afterMethod -->
      </class> <!-- com.fintech.tests.LoginTests -->
      <class name="com.fintech.tests.LoanTests">
        <test-method is-config="true" signature="beforeClassLog()[pri:0, instance:com.fintech.tests.LoanTests@424e1977]" started-at="2025-10-28T01:28:33 IST" name="beforeClassLog" finished-at="2025-10-28T01:28:33 IST" duration-ms="1" status="PASS">
          <reporter-output>
          </reporter-output>
        </test-method> <!-- beforeClassLog -->
        <test-method is-config="true" signature="setupMethod(java.lang.String)[pri:0, instance:com.fintech.tests.LoanTests@424e1977]" started-at="2025-10-28T01:28:33 IST" name="setupMethod" finished-at="2025-10-28T01:28:42 IST" duration-ms="9073" status="PASS">
          <params>
            <param index="0">
              <value>
                <![CDATA[chrome]]>
              </value>
            </param>
          </params>
          <reporter-output>
          </reporter-output>
        </test-method> <!-- setupMethod -->
        <test-method is-config="true" signature="startTest(java.lang.reflect.Method)[pri:0, instance:com.fintech.tests.LoanTests@424e1977]" started-at="2025-10-28T01:28:42 IST" name="startTest" finished-at="2025-10-28T01:28:42 IST" duration-ms="2" status="PASS">
          <params>
            <param index="0">
              <value>
                <![CDATA[public void com.fintech.tests.LoanTests.testLoanTyping()]]>
              </value>
            </param>
          </params>
          <reporter-output>
          </reporter-output>
        </test-method> <!-- startTest -->
        <test-method signature="testLoanTyping()[pri:1, instance:com.fintech.tests.LoanTests@424e1977]" started-at="2025-10-28T01:28:42 IST" name="testLoanTyping" finished-at="2025-10-28T01:28:42 IST" duration-ms="181" status="SKIP">
          <exception class="org.testng.SkipException">
            <message>
              <![CDATA[Session ended]]>
            </message>
            <full-stacktrace>
              <![CDATA[org.testng.SkipException: Session ended
at com.fintech.tests.LoanTests.testLoanTyping(LoanTests.java:241)
at java.base/jdk.internal.reflect.DirectMethodHandleAccessor.invoke(DirectMethodHandleAccessor.java:103)
at java.base/java.lang.reflect.Method.invoke(Method.java:580)
at org.testng.internal.invokers.MethodInvocationHelper.invokeMethod(MethodInvocationHelper.java:141)
at org.testng.internal.invokers.TestInvoker.invokeMethod(TestInvoker.java:687)
at org.testng.internal.invokers.TestInvoker.invokeTestMethod(TestInvoker.java:230)
at org.testng.internal.invokers.MethodRunner.runInSequence(MethodRunner.java:63)
at org.testng.internal.invokers.TestInvoker$MethodInvocationAgent.invoke(TestInvoker.java:995)
at org.testng.internal.invokers.TestInvoker.invokeTestMethods(TestInvoker.java:203)
at org.testng.internal.invokers.TestMethodWorker.invokeTestMethods(TestMethodWorker.java:154)
at org.testng.internal.invokers.TestMethodWorker.run(TestMethodWorker.java:134)
at java.base/java.util.ArrayList.forEach(ArrayList.java:1596)
at org.testng.TestRunner.privateRun(TestRunner.java:741)
at org.testng.TestRunner.run(TestRunner.java:616)
at org.testng.SuiteRunner.runTest(SuiteRunner.java:421)
at org.testng.SuiteRunner$SuiteWorker.run(SuiteRunner.java:463)
at org.testng.internal.thread.ThreadUtil.lambda$execute$0(ThreadUtil.java:64)
at java.base/java.util.concurrent.FutureTask.run(FutureTask.java:317)
at java.base/java.util.concurrent.ThreadPoolExecutor.runWorker(ThreadPoolExecutor.java:1144)
at java.base/java.util.concurrent.ThreadPoolExecutor$Worker.run(ThreadPoolExecutor.java:642)
at java.base/java.lang.Thread.run(Thread.java:1583)
]]>
            </full-stacktrace>
          </exception> <!-- org.testng.SkipException -->
          <reporter-output>
          </reporter-output>
        </test-method> <!-- testLoanTyping -->
        <test-method is-config="true" signature="afterMethod(org.testng.ITestResult)[pri:0, instance:com.fintech.tests.LoanTests@424e1977]" started-at="2025-10-28T01:28:42 IST" name="afterMethod" finished-at="2025-10-28T01:28:58 IST" duration-ms="15434" status="PASS">
          <params>
            <param index="0">
              <value>
                <![CDATA[[TestResult name=testLoanTyping status=SKIP method=LoanTests.testLoanTyping()[pri:1, instance:com.fintech.tests.LoanTests@424e1977] output={null}]]]>
              </value>
            </param>
          </params>
          <reporter-output>
          </reporter-output>
        </test-method> <!-- afterMethod -->
        <test-method is-config="true" signature="setupMethod(java.lang.String)[pri:0, instance:com.fintech.tests.LoanTests@424e1977]" started-at="2025-10-28T01:28:58 IST" name="setupMethod" finished-at="2025-10-28T01:29:07 IST" duration-ms="9388" status="PASS">
          <params>
            <param index="0">
              <value>
                <![CDATA[chrome]]>
              </value>
            </param>
          </params>
          <reporter-output>
          </reporter-output>
        </test-method> <!-- setupMethod -->
        <test-method is-config="true" signature="startTest(java.lang.reflect.Method)[pri:0, instance:com.fintech.tests.LoanTests@424e1977]" started-at="2025-10-28T01:29:07 IST" name="startTest" finished-at="2025-10-28T01:29:07 IST" duration-ms="0" status="PASS">
          <params>
            <param index="0">
              <value>
                <![CDATA[public void com.fintech.tests.LoanTests.submitValidLoanRequest()]]>
              </value>
            </param>
          </params>
          <reporter-output>
          </reporter-output>
        </test-method> <!-- startTest -->
        <test-method signature="submitValidLoanRequest()[pri:2, instance:com.fintech.tests.LoanTests@424e1977]" started-at="2025-10-28T01:29:07 IST" name="submitValidLoanRequest" finished-at="2025-10-28T01:29:07 IST" duration-ms="14" status="SKIP">
          <exception class="org.testng.SkipException">
            <message>
              <![CDATA[Session ended]]>
            </message>
            <full-stacktrace>
              <![CDATA[org.testng.SkipException: Session ended
at com.fintech.tests.LoanTests.submitValidLoanRequest(LoanTests.java:176)
at java.base/jdk.internal.reflect.DirectMethodHandleAccessor.invoke(DirectMethodHandleAccessor.java:103)
at java.base/java.lang.reflect.Method.invoke(Method.java:580)
at org.testng.internal.invokers.MethodInvocationHelper.invokeMethod(MethodInvocationHelper.java:141)
at org.testng.internal.invokers.TestInvoker.invokeMethod(TestInvoker.java:687)
at org.testng.internal.invokers.TestInvoker.invokeTestMethod(TestInvoker.java:230)
at org.testng.internal.invokers.MethodRunner.runInSequence(MethodRunner.java:63)
at org.testng.internal.invokers.TestInvoker$MethodInvocationAgent.invoke(TestInvoker.java:995)
at org.testng.internal.invokers.TestInvoker.invokeTestMethods(TestInvoker.java:203)
at org.testng.internal.invokers.TestMethodWorker.invokeTestMethods(TestMethodWorker.java:154)
at org.testng.internal.invokers.TestMethodWorker.run(TestMethodWorker.java:134)
at java.base/java.util.ArrayList.forEach(ArrayList.java:1596)
at org.testng.TestRunner.privateRun(TestRunner.java:741)
at org.testng.TestRunner.run(TestRunner.java:616)
at org.testng.SuiteRunner.runTest(SuiteRunner.java:421)
at org.testng.SuiteRunner$SuiteWorker.run(SuiteRunner.java:463)
at org.testng.internal.thread.ThreadUtil.lambda$execute$0(ThreadUtil.java:64)
at java.base/java.util.concurrent.FutureTask.run(FutureTask.java:317)
at java.base/java.util.concurrent.ThreadPoolExecutor.runWorker(ThreadPoolExecutor.java:1144)
at java.base/java.util.concurrent.ThreadPoolExecutor$Worker.run(ThreadPoolExecutor.java:642)
at java.base/java.lang.Thread.run(Thread.java:1583)
]]>
            </full-stacktrace>
          </exception> <!-- org.testng.SkipException -->
          <reporter-output>
          </reporter-output>
        </test-method> <!-- submitValidLoanRequest -->
        <test-method is-config="true" signature="afterMethod(org.testng.ITestResult)[pri:0, instance:com.fintech.tests.LoanTests@424e1977]" started-at="2025-10-28T01:29:07 IST" name="afterMethod" finished-at="2025-10-28T01:29:17 IST" duration-ms="10057" status="PASS">
          <params>
            <param index="0">
              <value>
                <![CDATA[[TestResult name=submitValidLoanRequest status=SKIP method=LoanTests.submitValidLoanRequest()[pri:2, instance:com.fintech.tests.LoanTests@424e1977] output={null}]]]>
              </value>
            </param>
          </params>
          <reporter-output>
          </reporter-output>
        </test-method> <!-- afterMethod -->
        <test-method is-config="true" signature="setupMethod(java.lang.String)[pri:0, instance:com.fintech.tests.LoanTests@424e1977]" started-at="2025-10-28T01:29:17 IST" name="setupMethod" finished-at="2025-10-28T01:29:37 IST" duration-ms="20082" status="PASS">
          <params>
            <param index="0">
              <value>
                <![CDATA[chrome]]>
              </value>
            </param>
          </params>
          <reporter-output>
          </reporter-output>
        </test-method> <!-- setupMethod -->
        <test-method is-config="true" signature="startTest(java.lang.reflect.Method)[pri:0, instance:com.fintech.tests.LoanTests@424e1977]" started-at="2025-10-28T01:29:37 IST" name="startTest" finished-at="2025-10-28T01:29:37 IST" duration-ms="1" status="PASS">
          <params>
            <param index="0">
              <value>
                <![CDATA[public void com.fintech.tests.LoanTests.applyLoan(java.lang.String,java.lang.Double,java.lang.Double,java.lang.Double,java.lang.Boolean)]]>
              </value>
            </param>
          </params>
          <reporter-output>
          </reporter-output>
        </test-method> <!-- startTest -->
        <test-method signature="applyLoan(java.lang.String,java.lang.Double,java.lang.Double,java.lang.Double,java.lang.Boolean)[pri:3, instance:com.fintech.tests.LoanTests@424e1977]" started-at="2025-10-28T01:29:37 IST" name="applyLoan" data-provider="loanDataExcel" finished-at="2025-10-28T01:29:37 IST" duration-ms="24" status="SKIP">
          <params>
            <param index="0">
              <value>
                <![CDATA[Missing Info]]>
              </value>
            </param>
            <param index="1">
              <value is-null="true"/>
            </param>
            <param index="2">
              <value is-null="true"/>
            </param>
            <param index="3">
              <value is-null="true"/>
            </param>
            <param index="4">
              <value>
                <![CDATA[false]]>
              </value>
            </param>
          </params>
          <exception class="org.testng.SkipException">
            <message>
              <![CDATA[Session ended]]>
            </message>
            <full-stacktrace>
              <![CDATA[org.testng.SkipException: Session ended
at com.fintech.tests.LoanTests.applyLoan(LoanTests.java:28)
at java.base/jdk.internal.reflect.DirectMethodHandleAccessor.invoke(DirectMethodHandleAccessor.java:103)
at java.base/java.lang.reflect.Method.invoke(Method.java:580)
at org.testng.internal.invokers.MethodInvocationHelper.invokeMethod(MethodInvocationHelper.java:141)
at org.testng.internal.invokers.TestInvoker.invokeMethod(TestInvoker.java:687)
at org.testng.internal.invokers.TestInvoker.invokeTestMethod(TestInvoker.java:230)
at org.testng.internal.invokers.MethodRunner.runInSequence(MethodRunner.java:63)
at org.testng.internal.invokers.TestInvoker$MethodInvocationAgent.invoke(TestInvoker.java:995)
at org.testng.internal.invokers.TestInvoker.invokeTestMethods(TestInvoker.java:203)
at org.testng.internal.invokers.TestMethodWorker.invokeTestMethods(TestMethodWorker.java:154)
at org.testng.internal.invokers.TestMethodWorker.run(TestMethodWorker.java:134)
at java.base/java.util.ArrayList.forEach(ArrayList.java:1596)
at org.testng.TestRunner.privateRun(TestRunner.java:741)
at org.testng.TestRunner.run(TestRunner.java:616)
at org.testng.SuiteRunner.runTest(SuiteRunner.java:421)
at org.testng.SuiteRunner$SuiteWorker.run(SuiteRunner.java:463)
at org.testng.internal.thread.ThreadUtil.lambda$execute$0(ThreadUtil.java:64)
at java.base/java.util.concurrent.FutureTask.run(FutureTask.java:317)
at java.base/java.util.concurrent.ThreadPoolExecutor.runWorker(ThreadPoolExecutor.java:1144)
at java.base/java.util.concurrent.ThreadPoolExecutor$Worker.run(ThreadPoolExecutor.java:642)
at java.base/java.lang.Thread.run(Thread.java:1583)
]]>
            </full-stacktrace>
          </exception> <!-- org.testng.SkipException -->
          <reporter-output>
          </reporter-output>
        </test-method> <!-- applyLoan -->
        <test-method is-config="true" signature="afterMethod(org.testng.ITestResult)[pri:0, instance:com.fintech.tests.LoanTests@424e1977]" started-at="2025-10-28T01:29:37 IST" name="afterMethod" finished-at="2025-10-28T01:30:03 IST" duration-ms="25209" status="PASS">
          <params>
            <param index="0">
              <value>
                <![CDATA[[TestResult name=applyLoan status=SKIP method=LoanTests.applyLoan(java.lang.String,java.lang.Double,java.lang.Double,java.lang.Double,java.lang.Boolean)[pri:3, instance:com.fintech.tests.LoanTests@424e1977] output={null}]]]>
              </value>
            </param>
          </params>
          <reporter-output>
          </reporter-output>
        </test-method> <!-- afterMethod -->
      </class> <!-- com.fintech.tests.LoanTests -->
      <class name="com.fintech.tests.AccountTests">
        <test-method is-config="true" signature="beforeClassLog()[pri:0, instance:com.fintech.tests.AccountTests@291caca8]" started-at="2025-10-28T01:09:52 IST" name="beforeClassLog" finished-at="2025-10-28T01:09:52 IST" duration-ms="1" status="PASS">
          <reporter-output>
          </reporter-output>
        </test-method> <!-- beforeClassLog -->
        <test-method is-config="true" signature="setupMethod(java.lang.String)[pri:0, instance:com.fintech.tests.AccountTests@291caca8]" started-at="2025-10-28T01:09:53 IST" name="setupMethod" finished-at="2025-10-28T01:09:59 IST" duration-ms="6515" status="PASS">
          <params>
            <param index="0">
              <value>
                <![CDATA[chrome]]>
              </value>
            </param>
          </params>
          <reporter-output>
          </reporter-output>
        </test-method> <!-- setupMethod -->
        <test-method is-config="true" signature="startTest(java.lang.reflect.Method)[pri:0, instance:com.fintech.tests.AccountTests@291caca8]" started-at="2025-10-28T01:09:59 IST" name="startTest" finished-at="2025-10-28T01:09:59 IST" duration-ms="1" status="PASS">
          <params>
            <param index="0">
              <value>
                <![CDATA[public void com.fintech.tests.AccountTests.testAccountFunctionality(java.lang.String,java.lang.String,java.lang.String,java.lang.Double,java.lang.String,java.lang.String,java.lang.String,java.lang.String,java.lang.Double,java.lang.Boolean)]]>
              </value>
            </param>
          </params>
          <reporter-output>
          </reporter-output>
        </test-method> <!-- startTest -->
        <test-method signature="testAccountFunctionality(java.lang.String,java.lang.String,java.lang.String,java.lang.Double,java.lang.String,java.lang.String,java.lang.String,java.lang.String,java.lang.Double,java.lang.Boolean)[pri:0, instance:com.fintech.tests.AccountTests@291caca8]" started-at="2025-10-28T01:09:59 IST" name="testAccountFunctionality" data-provider="accountFunctionalityData" finished-at="2025-10-28T01:10:29 IST" duration-ms="29540" status="SKIP">
          <params>
            <param index="0">
              <value>
                <![CDATA[Balance update after transfer]]>
              </value>
            </param>
            <param index="1">
              <value>
                <![CDATA[13344]]>
              </value>
            </param>
            <param index="2">
              <value>
                <![CDATA[14455]]>
              </value>
            </param>
            <param index="3">
              <value>
                <![CDATA[100.0]]>
              </value>
            </param>
            <param index="4">
              <value>
                <![CDATA[10/01/2025]]>
              </value>
            </param>
            <param index="5">
              <value>
                <![CDATA[10/01/2025]]>
              </value>
            </param>
            <param index="6">
              <value>
                <![CDATA[Date]]>
              </value>
            </param>
            <param index="7">
              <value>
                <![CDATA[Ascending]]>
              </value>
            </param>
            <param index="8">
              <value>
                <![CDATA[4392.93]]>
              </value>
            </param>
            <param index="9">
              <value>
                <![CDATA[true]]>
              </value>
            </param>
          </params>
          <exception class="org.testng.SkipException">
            <message>
              <![CDATA[⚠️ Balance element not found or stale]]>
            </message>
            <full-stacktrace>
              <![CDATA[org.testng.SkipException: ⚠️ Balance element not found or stale
at com.fintech.pages.AccountPage.getBalanceFromCurrentPage(AccountPage.java:160)
at com.fintech.pages.AccountPage.getBalance(AccountPage.java:169)
at com.fintech.tests.AccountTests.testAccountFunctionality(AccountTests.java:367)
at java.base/jdk.internal.reflect.DirectMethodHandleAccessor.invoke(DirectMethodHandleAccessor.java:103)
at java.base/java.lang.reflect.Method.invoke(Method.java:580)
at org.testng.internal.invokers.MethodInvocationHelper.invokeMethod(MethodInvocationHelper.java:141)
at org.testng.internal.invokers.TestInvoker.invokeMethod(TestInvoker.java:687)
at org.testng.internal.invokers.TestInvoker.invokeTestMethod(TestInvoker.java:230)
at org.testng.internal.invokers.MethodRunner.runInSequence(MethodRunner.java:63)
at org.testng.internal.invokers.TestInvoker$MethodInvocationAgent.invoke(TestInvoker.java:995)
at org.testng.internal.invokers.TestInvoker.invokeTestMethods(TestInvoker.java:203)
at org.testng.internal.invokers.TestMethodWorker.invokeTestMethods(TestMethodWorker.java:154)
at org.testng.internal.invokers.TestMethodWorker.run(TestMethodWorker.java:134)
at java.base/java.util.ArrayList.forEach(ArrayList.java:1596)
at org.testng.TestRunner.privateRun(TestRunner.java:741)
at org.testng.TestRunner.run(TestRunner.java:616)
at org.testng.SuiteRunner.runTest(SuiteRunner.java:421)
at org.testng.SuiteRunner$SuiteWorker.run(SuiteRunner.java:463)
at org.testng.internal.thread.ThreadUtil.lambda$execute$0(ThreadUtil.java:64)
at java.base/java.util.concurrent.FutureTask.run(FutureTask.java:317)
at java.base/java.util.concurrent.ThreadPoolExecutor.runWorker(ThreadPoolExecutor.java:1144)
at java.base/java.util.concurrent.ThreadPoolExecutor$Worker.run(ThreadPoolExecutor.java:642)
at java.base/java.lang.Thread.run(Thread.java:1583)
Caused by: org.openqa.selenium.TimeoutException: Expected condition failed: waiting for visibility of element located by By.xpath: //table[@id='accountTable']//tr[td[a[contains(@href,'activity.htm?id=')]]]//td[2] (tried for 15 second(s) with 500 milliseconds interval)
Build info: version: '4.35.0', revision: '1c58e5028b'
System info: os.name: 'Windows 10', os.arch: 'amd64', os.version: '10.0', java.version: '21.0.7'
Driver info: org.openqa.selenium.chrome.ChromeDriver
Capabilities {acceptInsecureCerts: false, browserName: chrome, browserVersion: 141.0.7390.123, chrome: {chromedriverVersion: 141.0.7390.122 (b477534e7e1..., userDataDir: C:\Users\hp\AppData\Local\T...}, fedcm:accounts: true, goog:chromeOptions: {debuggerAddress: localhost:52446}, networkConnectionEnabled: false, pageLoadStrategy: normal, platformName: windows, proxy: Proxy(), se:cdp: ws://localhost:52446/devtoo..., se:cdpVersion: 141.0.7390.123, setWindowRect: true, strictFileInteractability: false, timeouts: {implicit: 0, pageLoad: 300000, script: 30000}, unhandledPromptBehavior: dismiss and notify, webauthn:extension:credBlob: true, webauthn:extension:largeBlob: true, webauthn:extension:minPinLength: true, webauthn:extension:prf: true, webauthn:virtualAuthenticators: true}
Session ID: 79e9dcbeb6a46451913b40bbbf78821e
at org.openqa.selenium.support.ui.WebDriverWait.timeoutException(WebDriverWait.java:84)
at org.openqa.selenium.support.ui.FluentWait.until(FluentWait.java:228)
at com.fintech.pages.BasePage.waitForVisibility(BasePage.java:194)
at com.fintech.pages.AccountPage.getBalanceFromCurrentPage(AccountPage.java:146)
... 22 more
]]>
            </full-stacktrace>
          </exception> <!-- org.testng.SkipException -->
          <reporter-output>
          </reporter-output>
        </test-method> <!-- testAccountFunctionality -->
        <test-method is-config="true" signature="resetBrowser()[pri:0, instance:com.fintech.tests.AccountTests@291caca8]" started-at="2025-10-28T01:10:29 IST" name="resetBrowser" finished-at="2025-10-28T01:10:30 IST" duration-ms="1693" status="PASS">
          <reporter-output>
          </reporter-output>
        </test-method> <!-- resetBrowser -->
        <test-method is-config="true" signature="afterMethod(org.testng.ITestResult)[pri:0, instance:com.fintech.tests.AccountTests@291caca8]" started-at="2025-10-28T01:10:30 IST" name="afterMethod" finished-at="2025-10-28T01:10:37 IST" duration-ms="6572" status="PASS">
          <params>
            <param index="0">
              <value>
                <![CDATA[[TestResult name=testAccountFunctionality status=SKIP method=AccountTests.testAccountFunctionality(java.lang.String,java.lang.String,java.lang.String,java.lang.Double,java.lang.String,java.lang.String,java.lang.String,java.lang.String,java.lang.Double,java.lang.Boolean)[pri:0, instance:com.fintech.tests.AccountTests@291caca8] output={null}]]]>
              </value>
            </param>
          </params>
          <reporter-output>
          </reporter-output>
        </test-method> <!-- afterMethod -->
        <test-method is-config="true" signature="setupMethod(java.lang.String)[pri:0, instance:com.fintech.tests.AccountTests@291caca8]" started-at="2025-10-28T01:10:37 IST" name="setupMethod" finished-at="2025-10-28T01:10:50 IST" duration-ms="13189" status="PASS">
          <params>
            <param index="0">
              <value>
                <![CDATA[chrome]]>
              </value>
            </param>
          </params>
          <reporter-output>
          </reporter-output>
        </test-method> <!-- setupMethod -->
        <test-method is-config="true" signature="startTest(java.lang.reflect.Method)[pri:0, instance:com.fintech.tests.AccountTests@291caca8]" started-at="2025-10-28T01:10:50 IST" name="startTest" finished-at="2025-10-28T01:10:50 IST" duration-ms="1" status="PASS">
          <params>
            <param index="0">
              <value>
                <![CDATA[public void com.fintech.tests.AccountTests.testAccountFunctionality(java.lang.String,java.lang.String,java.lang.String,java.lang.Double,java.lang.String,java.lang.String,java.lang.String,java.lang.String,java.lang.Double,java.lang.Boolean)]]>
              </value>
            </param>
          </params>
          <reporter-output>
          </reporter-output>
        </test-method> <!-- startTest -->
        <test-method signature="testAccountFunctionality(java.lang.String,java.lang.String,java.lang.String,java.lang.Double,java.lang.String,java.lang.String,java.lang.String,java.lang.String,java.lang.Double,java.lang.Boolean)[pri:0, instance:com.fintech.tests.AccountTests@291caca8]" started-at="2025-10-28T01:10:50 IST" name="testAccountFunctionality" data-provider="accountFunctionalityData" finished-at="2025-10-28T01:12:32 IST" duration-ms="102066" status="PASS">
          <params>
            <param index="0">
              <value>
                <![CDATA[Filter transactions by date range]]>
              </value>
            </param>
            <param index="1">
              <value>
                <![CDATA[13344]]>
              </value>
            </param>
            <param index="2">
              <value>
                <![CDATA[]]>
              </value>
            </param>
            <param index="3">
              <value is-null="true"/>
            </param>
            <param index="4">
              <value>
                <![CDATA[09/01/2025]]>
              </value>
            </param>
            <param index="5">
              <value>
                <![CDATA[09/30/2025]]>
              </value>
            </param>
            <param index="6">
              <value>
                <![CDATA[]]>
              </value>
            </param>
            <param index="7">
              <value>
                <![CDATA[]]>
              </value>
            </param>
            <param index="8">
              <value is-null="true"/>
            </param>
            <param index="9">
              <value>
                <![CDATA[true]]>
              </value>
            </param>
          </params>
          <reporter-output>
          </reporter-output>
        </test-method> <!-- testAccountFunctionality -->
        <test-method is-config="true" signature="resetBrowser()[pri:0, instance:com.fintech.tests.AccountTests@291caca8]" started-at="2025-10-28T01:12:32 IST" name="resetBrowser" finished-at="2025-10-28T01:12:34 IST" duration-ms="2188" status="PASS">
          <reporter-output>
          </reporter-output>
        </test-method> <!-- resetBrowser -->
        <test-method is-config="true" signature="afterMethod(org.testng.ITestResult)[pri:0, instance:com.fintech.tests.AccountTests@291caca8]" started-at="2025-10-28T01:12:34 IST" name="afterMethod" finished-at="2025-10-28T01:12:36 IST" duration-ms="1275" status="PASS">
          <params>
            <param index="0">
              <value>
                <![CDATA[[TestResult name=testAccountFunctionality status=SUCCESS method=AccountTests.testAccountFunctionality(java.lang.String,java.lang.String,java.lang.String,java.lang.Double,java.lang.String,java.lang.String,java.lang.String,java.lang.String,java.lang.Double,java.lang.Boolean)[pri:0, instance:com.fintech.tests.AccountTests@291caca8] output={null}]]]>
              </value>
            </param>
          </params>
          <reporter-output>
          </reporter-output>
        </test-method> <!-- afterMethod -->
        <test-method is-config="true" signature="setupMethod(java.lang.String)[pri:0, instance:com.fintech.tests.AccountTests@291caca8]" started-at="2025-10-28T01:12:36 IST" name="setupMethod" finished-at="2025-10-28T01:12:44 IST" duration-ms="8035" status="PASS">
          <params>
            <param index="0">
              <value>
                <![CDATA[chrome]]>
              </value>
            </param>
          </params>
          <reporter-output>
          </reporter-output>
        </test-method> <!-- setupMethod -->
        <test-method is-config="true" signature="startTest(java.lang.reflect.Method)[pri:0, instance:com.fintech.tests.AccountTests@291caca8]" started-at="2025-10-28T01:12:44 IST" name="startTest" finished-at="2025-10-28T01:12:44 IST" duration-ms="1" status="PASS">
          <params>
            <param index="0">
              <value>
                <![CDATA[public void com.fintech.tests.AccountTests.testAccountFunctionality(java.lang.String,java.lang.String,java.lang.String,java.lang.Double,java.lang.String,java.lang.String,java.lang.String,java.lang.String,java.lang.Double,java.lang.Boolean)]]>
              </value>
            </param>
          </params>
          <reporter-output>
          </reporter-output>
        </test-method> <!-- startTest -->
        <test-method signature="testAccountFunctionality(java.lang.String,java.lang.String,java.lang.String,java.lang.Double,java.lang.String,java.lang.String,java.lang.String,java.lang.String,java.lang.Double,java.lang.Boolean)[pri:0, instance:com.fintech.tests.AccountTests@291caca8]" started-at="2025-10-28T01:12:44 IST" name="testAccountFunctionality" data-provider="accountFunctionalityData" finished-at="2025-10-28T01:13:38 IST" duration-ms="54136" status="PASS">
          <params>
            <param index="0">
              <value>
                <![CDATA[Sort transactions by date/amount]]>
              </value>
            </param>
            <param index="1">
              <value>
                <![CDATA[13344]]>
              </value>
            </param>
            <param index="2">
              <value>
                <![CDATA[]]>
              </value>
            </param>
            <param index="3">
              <value is-null="true"/>
            </param>
            <param index="4">
              <value>
                <![CDATA[]]>
              </value>
            </param>
            <param index="5">
              <value>
                <![CDATA[]]>
              </value>
            </param>
            <param index="6">
              <value>
                <![CDATA[Date]]>
              </value>
            </param>
            <param index="7">
              <value>
                <![CDATA[Ascending]]>
              </value>
            </param>
            <param index="8">
              <value is-null="true"/>
            </param>
            <param index="9">
              <value>
                <![CDATA[true]]>
              </value>
            </param>
          </params>
          <reporter-output>
          </reporter-output>
        </test-method> <!-- testAccountFunctionality -->
        <test-method is-config="true" signature="resetBrowser()[pri:0, instance:com.fintech.tests.AccountTests@291caca8]" started-at="2025-10-28T01:13:38 IST" name="resetBrowser" finished-at="2025-10-28T01:13:40 IST" duration-ms="1720" status="PASS">
          <reporter-output>
          </reporter-output>
        </test-method> <!-- resetBrowser -->
        <test-method is-config="true" signature="afterMethod(org.testng.ITestResult)[pri:0, instance:com.fintech.tests.AccountTests@291caca8]" started-at="2025-10-28T01:13:40 IST" name="afterMethod" finished-at="2025-10-28T01:13:52 IST" duration-ms="12677" status="PASS">
          <params>
            <param index="0">
              <value>
                <![CDATA[[TestResult name=testAccountFunctionality status=SUCCESS method=AccountTests.testAccountFunctionality(java.lang.String,java.lang.String,java.lang.String,java.lang.Double,java.lang.String,java.lang.String,java.lang.String,java.lang.String,java.lang.Double,java.lang.Boolean)[pri:0, instance:com.fintech.tests.AccountTests@291caca8] output={null}]]]>
              </value>
            </param>
          </params>
          <reporter-output>
          </reporter-output>
        </test-method> <!-- afterMethod -->
        <test-method is-config="true" signature="setupMethod(java.lang.String)[pri:0, instance:com.fintech.tests.AccountTests@291caca8]" started-at="2025-10-28T01:13:52 IST" name="setupMethod" finished-at="2025-10-28T01:14:04 IST" duration-ms="11609" status="PASS">
          <params>
            <param index="0">
              <value>
                <![CDATA[chrome]]>
              </value>
            </param>
          </params>
          <reporter-output>
          </reporter-output>
        </test-method> <!-- setupMethod -->
        <test-method is-config="true" signature="startTest(java.lang.reflect.Method)[pri:0, instance:com.fintech.tests.AccountTests@291caca8]" started-at="2025-10-28T01:14:04 IST" name="startTest" finished-at="2025-10-28T01:14:04 IST" duration-ms="1" status="PASS">
          <params>
            <param index="0">
              <value>
                <![CDATA[public void com.fintech.tests.AccountTests.testAccountFunctionality(java.lang.String,java.lang.String,java.lang.String,java.lang.Double,java.lang.String,java.lang.String,java.lang.String,java.lang.String,java.lang.Double,java.lang.Boolean)]]>
              </value>
            </param>
          </params>
          <reporter-output>
          </reporter-output>
        </test-method> <!-- startTest -->
        <test-method signature="testAccountFunctionality(java.lang.String,java.lang.String,java.lang.String,java.lang.Double,java.lang.String,java.lang.String,java.lang.String,java.lang.String,java.lang.Double,java.lang.Boolean)[pri:0, instance:com.fintech.tests.AccountTests@291caca8]" started-at="2025-10-28T01:14:04 IST" name="testAccountFunctionality" data-provider="accountFunctionalityData" finished-at="2025-10-28T01:14:35 IST" duration-ms="30969" status="SKIP">
          <params>
            <param index="0">
              <value>
                <![CDATA[Validate account summary]]>
              </value>
            </param>
            <param index="1">
              <value>
                <![CDATA[13344]]>
              </value>
            </param>
            <param index="2">
              <value>
                <![CDATA[]]>
              </value>
            </param>
            <param index="3">
              <value is-null="true"/>
            </param>
            <param index="4">
              <value>
                <![CDATA[]]>
              </value>
            </param>
            <param index="5">
              <value>
                <![CDATA[]]>
              </value>
            </param>
            <param index="6">
              <value>
                <![CDATA[]]>
              </value>
            </param>
            <param index="7">
              <value>
                <![CDATA[]]>
              </value>
            </param>
            <param index="8">
              <value>
                <![CDATA[2942.93]]>
              </value>
            </param>
            <param index="9">
              <value>
                <![CDATA[true]]>
              </value>
            </param>
          </params>
          <exception class="org.testng.SkipException">
            <message>
              <![CDATA[⚠️ Balance element not found or stale]]>
            </message>
            <full-stacktrace>
              <![CDATA[org.testng.SkipException: ⚠️ Balance element not found or stale
at com.fintech.pages.AccountPage.getBalanceFromCurrentPage(AccountPage.java:160)
at com.fintech.tests.AccountTests.testAccountFunctionality(AccountTests.java:459)
at java.base/jdk.internal.reflect.DirectMethodHandleAccessor.invoke(DirectMethodHandleAccessor.java:103)
at java.base/java.lang.reflect.Method.invoke(Method.java:580)
at org.testng.internal.invokers.MethodInvocationHelper.invokeMethod(MethodInvocationHelper.java:141)
at org.testng.internal.invokers.TestInvoker.invokeMethod(TestInvoker.java:687)
at org.testng.internal.invokers.TestInvoker.invokeTestMethod(TestInvoker.java:230)
at org.testng.internal.invokers.MethodRunner.runInSequence(MethodRunner.java:63)
at org.testng.internal.invokers.TestInvoker$MethodInvocationAgent.invoke(TestInvoker.java:995)
at org.testng.internal.invokers.TestInvoker.invokeTestMethods(TestInvoker.java:203)
at org.testng.internal.invokers.TestMethodWorker.invokeTestMethods(TestMethodWorker.java:154)
at org.testng.internal.invokers.TestMethodWorker.run(TestMethodWorker.java:134)
at java.base/java.util.ArrayList.forEach(ArrayList.java:1596)
at org.testng.TestRunner.privateRun(TestRunner.java:741)
at org.testng.TestRunner.run(TestRunner.java:616)
at org.testng.SuiteRunner.runTest(SuiteRunner.java:421)
at org.testng.SuiteRunner$SuiteWorker.run(SuiteRunner.java:463)
at org.testng.internal.thread.ThreadUtil.lambda$execute$0(ThreadUtil.java:64)
at java.base/java.util.concurrent.FutureTask.run(FutureTask.java:317)
at java.base/java.util.concurrent.ThreadPoolExecutor.runWorker(ThreadPoolExecutor.java:1144)
at java.base/java.util.concurrent.ThreadPoolExecutor$Worker.run(ThreadPoolExecutor.java:642)
at java.base/java.lang.Thread.run(Thread.java:1583)
Caused by: org.openqa.selenium.TimeoutException: Expected condition failed: waiting for visibility of element located by By.xpath: //table[@id='accountTable']//tr[td[a[contains(@href,'activity.htm?id=')]]]//td[2] (tried for 15 second(s) with 500 milliseconds interval)
Build info: version: '4.35.0', revision: '1c58e5028b'
System info: os.name: 'Windows 10', os.arch: 'amd64', os.version: '10.0', java.version: '21.0.7'
Driver info: org.openqa.selenium.chrome.ChromeDriver
Capabilities {acceptInsecureCerts: false, browserName: chrome, browserVersion: 141.0.7390.123, chrome: {chromedriverVersion: 141.0.7390.122 (b477534e7e1..., userDataDir: C:\Users\hp\AppData\Local\T...}, fedcm:accounts: true, goog:chromeOptions: {debuggerAddress: localhost:53080}, networkConnectionEnabled: false, pageLoadStrategy: normal, platformName: windows, proxy: Proxy(), se:cdp: ws://localhost:53080/devtoo..., se:cdpVersion: 141.0.7390.123, setWindowRect: true, strictFileInteractability: false, timeouts: {implicit: 0, pageLoad: 300000, script: 30000}, unhandledPromptBehavior: dismiss and notify, webauthn:extension:credBlob: true, webauthn:extension:largeBlob: true, webauthn:extension:minPinLength: true, webauthn:extension:prf: true, webauthn:virtualAuthenticators: true}
Session ID: 38c3bafbe5631f8fbacd05d8415a2464
at org.openqa.selenium.support.ui.WebDriverWait.timeoutException(WebDriverWait.java:84)
at org.openqa.selenium.support.ui.FluentWait.until(FluentWait.java:228)
at com.fintech.pages.BasePage.waitForVisibility(BasePage.java:194)
at com.fintech.pages.AccountPage.getBalanceFromCurrentPage(AccountPage.java:146)
... 21 more
]]>
            </full-stacktrace>
          </exception> <!-- org.testng.SkipException -->
          <reporter-output>
          </reporter-output>
        </test-method> <!-- testAccountFunctionality -->
        <test-method is-config="true" signature="resetBrowser()[pri:0, instance:com.fintech.tests.AccountTests@291caca8]" started-at="2025-10-28T01:14:35 IST" name="resetBrowser" finished-at="2025-10-28T01:14:37 IST" duration-ms="1892" status="PASS">
          <reporter-output>
          </reporter-output>
        </test-method> <!-- resetBrowser -->
        <test-method is-config="true" signature="afterMethod(org.testng.ITestResult)[pri:0, instance:com.fintech.tests.AccountTests@291caca8]" started-at="2025-10-28T01:14:37 IST" name="afterMethod" finished-at="2025-10-28T01:14:39 IST" duration-ms="2145" status="PASS">
          <params>
            <param index="0">
              <value>
                <![CDATA[[TestResult name=testAccountFunctionality status=SKIP method=AccountTests.testAccountFunctionality(java.lang.String,java.lang.String,java.lang.String,java.lang.Double,java.lang.String,java.lang.String,java.lang.String,java.lang.String,java.lang.Double,java.lang.Boolean)[pri:0, instance:com.fintech.tests.AccountTests@291caca8] output={null}]]]>
              </value>
            </param>
          </params>
          <reporter-output>
          </reporter-output>
        </test-method> <!-- afterMethod -->
        <test-method is-config="true" signature="setupMethod(java.lang.String)[pri:0, instance:com.fintech.tests.AccountTests@291caca8]" started-at="2025-10-28T01:14:39 IST" name="setupMethod" finished-at="2025-10-28T01:14:53 IST" duration-ms="13902" status="PASS">
          <params>
            <param index="0">
              <value>
                <![CDATA[chrome]]>
              </value>
            </param>
          </params>
          <reporter-output>
          </reporter-output>
        </test-method> <!-- setupMethod -->
        <test-method is-config="true" signature="startTest(java.lang.reflect.Method)[pri:0, instance:com.fintech.tests.AccountTests@291caca8]" started-at="2025-10-28T01:14:53 IST" name="startTest" finished-at="2025-10-28T01:14:53 IST" duration-ms="1" status="PASS">
          <params>
            <param index="0">
              <value>
                <![CDATA[public void com.fintech.tests.AccountTests.testBalanceUpdateAfterTransaction()]]>
              </value>
            </param>
          </params>
          <reporter-output>
          </reporter-output>
        </test-method> <!-- startTest -->
        <test-method signature="testBalanceUpdateAfterTransaction()[pri:0, instance:com.fintech.tests.AccountTests@291caca8]" started-at="2025-10-28T01:14:53 IST" name="testBalanceUpdateAfterTransaction" finished-at="2025-10-28T01:15:19 IST" duration-ms="26194" status="FAIL">
          <exception class="org.openqa.selenium.TimeoutException">
            <message>
              <![CDATA[Expected condition failed: waiting for visibility of element located by By.id: newAccountId (tried for 15 second(s) with 500 milliseconds interval)
Build info: version: '4.35.0', revision: '1c58e5028b'
System info: os.name: 'Windows 10', os.arch: 'amd64', os.version: '10.0', java.version: '21.0.7'
Driver info: org.openqa.selenium.chrome.ChromeDriver
Capabilities {acceptInsecureCerts: false, browserName: chrome, browserVersion: 141.0.7390.123, chrome: {chromedriverVersion: 141.0.7390.122 (b477534e7e1..., userDataDir: C:\Users\hp\AppData\Local\T...}, fedcm:accounts: true, goog:chromeOptions: {debuggerAddress: localhost:53183}, networkConnectionEnabled: false, pageLoadStrategy: normal, platformName: windows, proxy: Proxy(), se:cdp: ws://localhost:53183/devtoo..., se:cdpVersion: 141.0.7390.123, setWindowRect: true, strictFileInteractability: false, timeouts: {implicit: 0, pageLoad: 300000, script: 30000}, unhandledPromptBehavior: dismiss and notify, webauthn:extension:credBlob: true, webauthn:extension:largeBlob: true, webauthn:extension:minPinLength: true, webauthn:extension:prf: true, webauthn:virtualAuthenticators: true}
Session ID: ff101b8a46bb4c7dc6c7b1931b651701]]>
            </message>
            <full-stacktrace>
              <![CDATA[org.openqa.selenium.TimeoutException: Expected condition failed: waiting for visibility of element located by By.id: newAccountId (tried for 15 second(s) with 500 milliseconds interval)
Build info: version: '4.35.0', revision: '1c58e5028b'
System info: os.name: 'Windows 10', os.arch: 'amd64', os.version: '10.0', java.version: '21.0.7'
Driver info: org.openqa.selenium.chrome.ChromeDriver
Capabilities {acceptInsecureCerts: false, browserName: chrome, browserVersion: 141.0.7390.123, chrome: {chromedriverVersion: 141.0.7390.122 (b477534e7e1..., userDataDir: C:\Users\hp\AppData\Local\T...}, fedcm:accounts: true, goog:chromeOptions: {debuggerAddress: localhost:53183}, networkConnectionEnabled: false, pageLoadStrategy: normal, platformName: windows, proxy: Proxy(), se:cdp: ws://localhost:53183/devtoo..., se:cdpVersion: 141.0.7390.123, setWindowRect: true, strictFileInteractability: false, timeouts: {implicit: 0, pageLoad: 300000, script: 30000}, unhandledPromptBehavior: dismiss and notify, webauthn:extension:credBlob: true, webauthn:extension:largeBlob: true, webauthn:extension:minPinLength: true, webauthn:extension:prf: true, webauthn:virtualAuthenticators: true}
Session ID: ff101b8a46bb4c7dc6c7b1931b651701
at org.openqa.selenium.support.ui.WebDriverWait.timeoutException(WebDriverWait.java:84)
at org.openqa.selenium.support.ui.FluentWait.until(FluentWait.java:228)
at com.fintech.pages.BasePage.waitForVisibility(BasePage.java:194)
at com.fintech.pages.AccountPage.ensureTwoAccounts(AccountPage.java:83)
at com.fintech.tests.AccountTests.testBalanceUpdateAfterTransaction(AccountTests.java:123)
at java.base/jdk.internal.reflect.DirectMethodHandleAccessor.invoke(DirectMethodHandleAccessor.java:103)
at java.base/java.lang.reflect.Method.invoke(Method.java:580)
at org.testng.internal.invokers.MethodInvocationHelper.invokeMethod(MethodInvocationHelper.java:141)
at org.testng.internal.invokers.TestInvoker.invokeMethod(TestInvoker.java:687)
at org.testng.internal.invokers.TestInvoker.invokeTestMethod(TestInvoker.java:230)
at org.testng.internal.invokers.MethodRunner.runInSequence(MethodRunner.java:63)
at org.testng.internal.invokers.TestInvoker$MethodInvocationAgent.invoke(TestInvoker.java:995)
at org.testng.internal.invokers.TestInvoker.invokeTestMethods(TestInvoker.java:203)
at org.testng.internal.invokers.TestMethodWorker.invokeTestMethods(TestMethodWorker.java:154)
at org.testng.internal.invokers.TestMethodWorker.run(TestMethodWorker.java:134)
at java.base/java.util.ArrayList.forEach(ArrayList.java:1596)
at org.testng.TestRunner.privateRun(TestRunner.java:741)
at org.testng.TestRunner.run(TestRunner.java:616)
at org.testng.SuiteRunner.runTest(SuiteRunner.java:421)
at org.testng.SuiteRunner$SuiteWorker.run(SuiteRunner.java:463)
at org.testng.internal.thread.ThreadUtil.lambda$execute$0(ThreadUtil.java:64)
at java.base/java.util.concurrent.FutureTask.run(FutureTask.java:317)
at java.base/java.util.concurrent.ThreadPoolExecutor.runWorker(ThreadPoolExecutor.java:1144)
at java.base/java.util.concurrent.ThreadPoolExecutor$Worker.run(ThreadPoolExecutor.java:642)
at java.base/java.lang.Thread.run(Thread.java:1583)
]]>
            </full-stacktrace>
          </exception> <!-- org.openqa.selenium.TimeoutException -->
          <reporter-output>
          </reporter-output>
        </test-method> <!-- testBalanceUpdateAfterTransaction -->
        <test-method is-config="true" signature="resetBrowser()[pri:0, instance:com.fintech.tests.AccountTests@291caca8]" started-at="2025-10-28T01:15:19 IST" name="resetBrowser" finished-at="2025-10-28T01:15:21 IST" duration-ms="1614" status="PASS">
          <reporter-output>
          </reporter-output>
        </test-method> <!-- resetBrowser -->
        <test-method is-config="true" signature="afterMethod(org.testng.ITestResult)[pri:0, instance:com.fintech.tests.AccountTests@291caca8]" started-at="2025-10-28T01:15:21 IST" name="afterMethod" finished-at="2025-10-28T01:15:25 IST" duration-ms="3572" status="PASS">
          <params>
            <param index="0">
              <value>
                <![CDATA[[TestResult name=testBalanceUpdateAfterTransaction status=FAILURE method=AccountTests.testBalanceUpdateAfterTransaction()[pri:0, instance:com.fintech.tests.AccountTests@291caca8] output={null}]]]>
              </value>
            </param>
          </params>
          <reporter-output>
          </reporter-output>
        </test-method> <!-- afterMethod -->
        <test-method is-config="true" signature="setupMethod(java.lang.String)[pri:0, instance:com.fintech.tests.AccountTests@291caca8]" started-at="2025-10-28T01:15:25 IST" name="setupMethod" finished-at="2025-10-28T01:15:32 IST" duration-ms="7687" status="PASS">
          <params>
            <param index="0">
              <value>
                <![CDATA[chrome]]>
              </value>
            </param>
          </params>
          <reporter-output>
          </reporter-output>
        </test-method> <!-- setupMethod -->
        <test-method is-config="true" signature="startTest(java.lang.reflect.Method)[pri:0, instance:com.fintech.tests.AccountTests@291caca8]" started-at="2025-10-28T01:15:32 IST" name="startTest" finished-at="2025-10-28T01:15:32 IST" duration-ms="1" status="PASS">
          <params>
            <param index="0">
              <value>
                <![CDATA[public void com.fintech.tests.AccountTests.testCheckingAccountSummary()]]>
              </value>
            </param>
          </params>
          <reporter-output>
          </reporter-output>
        </test-method> <!-- startTest -->
        <test-method signature="testCheckingAccountSummary()[pri:0, instance:com.fintech.tests.AccountTests@291caca8]" started-at="2025-10-28T01:15:32 IST" name="testCheckingAccountSummary" finished-at="2025-10-28T01:15:45 IST" duration-ms="12618" status="PASS">
          <reporter-output>
          </reporter-output>
        </test-method> <!-- testCheckingAccountSummary -->
        <test-method is-config="true" signature="resetBrowser()[pri:0, instance:com.fintech.tests.AccountTests@291caca8]" started-at="2025-10-28T01:15:45 IST" name="resetBrowser" finished-at="2025-10-28T01:15:46 IST" duration-ms="1572" status="PASS">
          <reporter-output>
          </reporter-output>
        </test-method> <!-- resetBrowser -->
        <test-method is-config="true" signature="afterMethod(org.testng.ITestResult)[pri:0, instance:com.fintech.tests.AccountTests@291caca8]" started-at="2025-10-28T01:15:46 IST" name="afterMethod" finished-at="2025-10-28T01:15:47 IST" duration-ms="945" status="PASS">
          <params>
            <param index="0">
              <value>
                <![CDATA[[TestResult name=testCheckingAccountSummary status=SUCCESS method=AccountTests.testCheckingAccountSummary()[pri:0, instance:com.fintech.tests.AccountTests@291caca8] output={null}]]]>
              </value>
            </param>
          </params>
          <reporter-output>
          </reporter-output>
        </test-method> <!-- afterMethod -->
        <test-method is-config="true" signature="setupMethod(java.lang.String)[pri:0, instance:com.fintech.tests.AccountTests@291caca8]" started-at="2025-10-28T01:15:47 IST" name="setupMethod" finished-at="2025-10-28T01:16:02 IST" duration-ms="14394" status="PASS">
          <params>
            <param index="0">
              <value>
                <![CDATA[chrome]]>
              </value>
            </param>
          </params>
          <reporter-output>
          </reporter-output>
        </test-method> <!-- setupMethod -->
        <test-method is-config="true" signature="startTest(java.lang.reflect.Method)[pri:0, instance:com.fintech.tests.AccountTests@291caca8]" started-at="2025-10-28T01:16:02 IST" name="startTest" finished-at="2025-10-28T01:16:02 IST" duration-ms="1" status="PASS">
          <params>
            <param index="0">
              <value>
                <![CDATA[public void com.fintech.tests.AccountTests.testFullTransactionHistory()]]>
              </value>
            </param>
          </params>
          <reporter-output>
          </reporter-output>
        </test-method> <!-- startTest -->
        <test-method signature="testFullTransactionHistory()[pri:0, instance:com.fintech.tests.AccountTests@291caca8]" started-at="2025-10-28T01:16:02 IST" name="testFullTransactionHistory" finished-at="2025-10-28T01:16:48 IST" duration-ms="46674" status="FAIL">
          <exception class="java.lang.AssertionError">
            <message>
              <![CDATA[Transaction history should be visible expected [true] but found [false]]]>
            </message>
            <full-stacktrace>
              <![CDATA[java.lang.AssertionError: Transaction history should be visible expected [true] but found [false]
at org.testng.Assert.fail(Assert.java:111)
at org.testng.Assert.failNotEquals(Assert.java:1590)
at org.testng.Assert.assertTrue(Assert.java:57)
at com.fintech.tests.AccountTests.testFullTransactionHistory(AccountTests.java:236)
at java.base/jdk.internal.reflect.DirectMethodHandleAccessor.invoke(DirectMethodHandleAccessor.java:103)
at java.base/java.lang.reflect.Method.invoke(Method.java:580)
at org.testng.internal.invokers.MethodInvocationHelper.invokeMethod(MethodInvocationHelper.java:141)
at org.testng.internal.invokers.TestInvoker.invokeMethod(TestInvoker.java:687)
at org.testng.internal.invokers.TestInvoker.invokeTestMethod(TestInvoker.java:230)
at org.testng.internal.invokers.MethodRunner.runInSequence(MethodRunner.java:63)
at org.testng.internal.invokers.TestInvoker$MethodInvocationAgent.invoke(TestInvoker.java:995)
at org.testng.internal.invokers.TestInvoker.invokeTestMethods(TestInvoker.java:203)
at org.testng.internal.invokers.TestMethodWorker.invokeTestMethods(TestMethodWorker.java:154)
at org.testng.internal.invokers.TestMethodWorker.run(TestMethodWorker.java:134)
at java.base/java.util.ArrayList.forEach(ArrayList.java:1596)
at org.testng.TestRunner.privateRun(TestRunner.java:741)
at org.testng.TestRunner.run(TestRunner.java:616)
at org.testng.SuiteRunner.runTest(SuiteRunner.java:421)
at org.testng.SuiteRunner$SuiteWorker.run(SuiteRunner.java:463)
at org.testng.internal.thread.ThreadUtil.lambda$execute$0(ThreadUtil.java:64)
at java.base/java.util.concurrent.FutureTask.run(FutureTask.java:317)
at java.base/java.util.concurrent.ThreadPoolExecutor.runWorker(ThreadPoolExecutor.java:1144)
at java.base/java.util.concurrent.ThreadPoolExecutor$Worker.run(ThreadPoolExecutor.java:642)
at java.base/java.lang.Thread.run(Thread.java:1583)
]]>
            </full-stacktrace>
          </exception> <!-- java.lang.AssertionError -->
          <reporter-output>
          </reporter-output>
        </test-method> <!-- testFullTransactionHistory -->
        <test-method is-config="true" signature="resetBrowser()[pri:0, instance:com.fintech.tests.AccountTests@291caca8]" started-at="2025-10-28T01:16:48 IST" name="resetBrowser" finished-at="2025-10-28T01:16:50 IST" duration-ms="1320" status="PASS">
          <reporter-output>
          </reporter-output>
        </test-method> <!-- resetBrowser -->
        <test-method is-config="true" signature="afterMethod(org.testng.ITestResult)[pri:0, instance:com.fintech.tests.AccountTests@291caca8]" started-at="2025-10-28T01:16:50 IST" name="afterMethod" finished-at="2025-10-28T01:16:54 IST" duration-ms="4681" status="PASS">
          <params>
            <param index="0">
              <value>
                <![CDATA[[TestResult name=testFullTransactionHistory status=FAILURE method=AccountTests.testFullTransactionHistory()[pri:0, instance:com.fintech.tests.AccountTests@291caca8] output={null}]]]>
              </value>
            </param>
          </params>
          <reporter-output>
          </reporter-output>
        </test-method> <!-- afterMethod -->
        <test-method is-config="true" signature="setupMethod(java.lang.String)[pri:0, instance:com.fintech.tests.AccountTests@291caca8]" started-at="2025-10-28T01:16:54 IST" name="setupMethod" finished-at="2025-10-28T01:17:01 IST" duration-ms="6100" status="PASS">
          <params>
            <param index="0">
              <value>
                <![CDATA[chrome]]>
              </value>
            </param>
          </params>
          <reporter-output>
          </reporter-output>
        </test-method> <!-- setupMethod -->
        <test-method is-config="true" signature="startTest(java.lang.reflect.Method)[pri:0, instance:com.fintech.tests.AccountTests@291caca8]" started-at="2025-10-28T01:17:01 IST" name="startTest" finished-at="2025-10-28T01:17:01 IST" duration-ms="1" status="PASS">
          <params>
            <param index="0">
              <value>
                <![CDATA[public void com.fintech.tests.AccountTests.testSavingsAccountSummary()]]>
              </value>
            </param>
          </params>
          <reporter-output>
          </reporter-output>
        </test-method> <!-- startTest -->
        <test-method signature="testSavingsAccountSummary()[pri:0, instance:com.fintech.tests.AccountTests@291caca8]" started-at="2025-10-28T01:17:01 IST" name="testSavingsAccountSummary" finished-at="2025-10-28T01:17:10 IST" duration-ms="9669" status="PASS">
          <reporter-output>
          </reporter-output>
        </test-method> <!-- testSavingsAccountSummary -->
        <test-method is-config="true" signature="resetBrowser()[pri:0, instance:com.fintech.tests.AccountTests@291caca8]" started-at="2025-10-28T01:17:10 IST" name="resetBrowser" finished-at="2025-10-28T01:17:12 IST" duration-ms="1470" status="PASS">
          <reporter-output>
          </reporter-output>
        </test-method> <!-- resetBrowser -->
        <test-method is-config="true" signature="afterMethod(org.testng.ITestResult)[pri:0, instance:com.fintech.tests.AccountTests@291caca8]" started-at="2025-10-28T01:17:12 IST" name="afterMethod" finished-at="2025-10-28T01:17:21 IST" duration-ms="9693" status="PASS">
          <params>
            <param index="0">
              <value>
                <![CDATA[[TestResult name=testSavingsAccountSummary status=SUCCESS method=AccountTests.testSavingsAccountSummary()[pri:0, instance:com.fintech.tests.AccountTests@291caca8] output={null}]]]>
              </value>
            </param>
          </params>
          <reporter-output>
          </reporter-output>
        </test-method> <!-- afterMethod -->
        <test-method is-config="true" signature="setupMethod(java.lang.String)[pri:0, instance:com.fintech.tests.AccountTests@291caca8]" started-at="2025-10-28T01:17:21 IST" name="setupMethod" finished-at="2025-10-28T01:17:29 IST" duration-ms="7952" status="PASS">
          <params>
            <param index="0">
              <value>
                <![CDATA[chrome]]>
              </value>
            </param>
          </params>
          <reporter-output>
          </reporter-output>
        </test-method> <!-- setupMethod -->
        <test-method is-config="true" signature="startTest(java.lang.reflect.Method)[pri:0, instance:com.fintech.tests.AccountTests@291caca8]" started-at="2025-10-28T01:17:29 IST" name="startTest" finished-at="2025-10-28T01:17:29 IST" duration-ms="1" status="PASS">
          <params>
            <param index="0">
              <value>
                <![CDATA[public void com.fintech.tests.AccountTests.testTransactionDetailsFormat()]]>
              </value>
            </param>
          </params>
          <reporter-output>
          </reporter-output>
        </test-method> <!-- startTest -->
[...]
          <params>
            <param index="0">
              <value>
                <![CDATA[john]]>
              </value>
            </param>
            <param index="1">
              <value>
                <![CDATA[demo]]>
              </value>
            </param>
            <param index="2">
              <value>
                <![CDATA[SUCCESS]]>
              </value>
            </param>
          </params>
          <reporter-output>
          </reporter-output>
        </test-method> <!-- loginWithExcelData -->
        <test-method is-config="true" signature="afterMethod(org.testng.ITestResult)[pri:0, instance:com.fintech.tests.AuthTests@157853da]" started-at="2025-10-28T00:55:57 IST" name="afterMethod" finished-at="2025-10-28T00:56:07 IST" duration-ms="9589" status="PASS">
          <params>
            <param index="0">
              <value>
                <![CDATA[[TestResult name=loginWithExcelData status=SUCCESS method=AuthTests.loginWithExcelData(java.lang.String,java.lang.String,java.lang.String)[pri:0, instance:com.fintech.tests.AuthTests@157853da] output={null}]]]>
              </value>
            </param>
          </params>
          <reporter-output>
          </reporter-output>
        </test-method> <!-- afterMethod -->
        <test-method is-config="true" signature="setupMethod(java.lang.String)[pri:0, instance:com.fintech.tests.AuthTests@157853da]" started-at="2025-10-28T00:56:07 IST" name="setupMethod" finished-at="2025-10-28T00:56:26 IST" duration-ms="19022" status="PASS">
          <params>
            <param index="0">
              <value>
                <![CDATA[edge]]>
              </value>
            </param>
          </params>
          <reporter-output>
          </reporter-output>
        </test-method> <!-- setupMethod -->
        <test-method is-config="true" signature="startTest(java.lang.reflect.Method)[pri:0, instance:com.fintech.tests.AuthTests@157853da]" started-at="2025-10-28T00:56:26 IST" name="startTest" finished-at="2025-10-28T00:56:26 IST" duration-ms="1" status="PASS">
          <params>
            <param index="0">
              <value>
                <![CDATA[public void com.fintech.tests.AuthTests.loginWithExcelData(java.lang.String,java.lang.String,java.lang.String)]]>
              </value>
            </param>
          </params>
          <reporter-output>
          </reporter-output>
        </test-method> <!-- startTest -->
        <test-method signature="loginWithExcelData(java.lang.String,java.lang.String,java.lang.String)[pri:0, instance:com.fintech.tests.AuthTests@157853da]" started-at="2025-10-28T00:56:26 IST" name="loginWithExcelData" data-provider="excelLoginData" finished-at="2025-10-28T00:56:47 IST" duration-ms="20729" status="PASS">
          <params>
            <param index="0">
              <value>
                <![CDATA[alice]]>
              </value>
            </param>
            <param index="1">
              <value>
                <![CDATA[pass123]]>
              </value>
            </param>
            <param index="2">
              <value>
                <![CDATA[INVALID]]>
              </value>
            </param>
          </params>
          <reporter-output>
          </reporter-output>
        </test-method> <!-- loginWithExcelData -->
        <test-method is-config="true" signature="afterMethod(org.testng.ITestResult)[pri:0, instance:com.fintech.tests.AuthTests@157853da]" started-at="2025-10-28T00:56:47 IST" name="afterMethod" finished-at="2025-10-28T00:56:51 IST" duration-ms="3900" status="PASS">
          <params>
            <param index="0">
              <value>
                <![CDATA[[TestResult name=loginWithExcelData status=SUCCESS method=AuthTests.loginWithExcelData(java.lang.String,java.lang.String,java.lang.String)[pri:0, instance:com.fintech.tests.AuthTests@157853da] output={null}]]]>
              </value>
            </param>
          </params>
          <reporter-output>
          </reporter-output>
        </test-method> <!-- afterMethod -->
        <test-method is-config="true" signature="setupMethod(java.lang.String)[pri:0, instance:com.fintech.tests.AuthTests@157853da]" started-at="2025-10-28T00:56:51 IST" name="setupMethod" finished-at="2025-10-28T00:57:03 IST" duration-ms="12849" status="PASS">
          <params>
            <param index="0">
              <value>
                <![CDATA[edge]]>
              </value>
            </param>
          </params>
          <reporter-output>
          </reporter-output>
        </test-method> <!-- setupMethod -->
        <test-method is-config="true" signature="startTest(java.lang.reflect.Method)[pri:0, instance:com.fintech.tests.AuthTests@157853da]" started-at="2025-10-28T00:57:03 IST" name="startTest" finished-at="2025-10-28T00:57:03 IST" duration-ms="1" status="PASS">
          <params>
            <param index="0">
              <value>
                <![CDATA[public void com.fintech.tests.AuthTests.loginWithExcelData(java.lang.String,java.lang.String,java.lang.String)]]>
              </value>
            </param>
          </params>
          <reporter-output>
          </reporter-output>
        </test-method> <!-- startTest -->
        <test-method signature="loginWithExcelData(java.lang.String,java.lang.String,java.lang.String)[pri:0, instance:com.fintech.tests.AuthTests@157853da]" started-at="2025-10-28T00:57:03 IST" name="loginWithExcelData" data-provider="excelLoginData" finished-at="2025-10-28T00:57:22 IST" duration-ms="18246" status="PASS">
          <params>
            <param index="0">
              <value>
                <![CDATA[john]]>
              </value>
            </param>
            <param index="1">
              <value>
                <![CDATA[wrong]]>
              </value>
            </param>
            <param index="2">
              <value>
                <![CDATA[INVALID]]>
              </value>
            </param>
          </params>
          <reporter-output>
          </reporter-output>
        </test-method> <!-- loginWithExcelData -->
        <test-method is-config="true" signature="afterMethod(org.testng.ITestResult)[pri:0, instance:com.fintech.tests.AuthTests@157853da]" started-at="2025-10-28T00:57:22 IST" name="afterMethod" finished-at="2025-10-28T00:57:23 IST" duration-ms="1660" status="PASS">
          <params>
            <param index="0">
              <value>
                <![CDATA[[TestResult name=loginWithExcelData status=SUCCESS method=AuthTests.loginWithExcelData(java.lang.String,java.lang.String,java.lang.String)[pri:0, instance:com.fintech.tests.AuthTests@157853da] output={null}]]]>
              </value>
            </param>
          </params>
          <reporter-output>
          </reporter-output>
        </test-method> <!-- afterMethod -->
        <test-method is-config="true" signature="setupMethod(java.lang.String)[pri:0, instance:com.fintech.tests.AuthTests@157853da]" started-at="2025-10-28T00:57:23 IST" name="setupMethod" finished-at="2025-10-28T00:57:32 IST" duration-ms="8871" status="PASS">
          <params>
            <param index="0">
              <value>
                <![CDATA[edge]]>
              </value>
            </param>
          </params>
          <reporter-output>
          </reporter-output>
        </test-method> <!-- setupMethod -->
        <test-method is-config="true" signature="startTest(java.lang.reflect.Method)[pri:0, instance:com.fintech.tests.AuthTests@157853da]" started-at="2025-10-28T00:57:32 IST" name="startTest" finished-at="2025-10-28T00:57:32 IST" duration-ms="3" status="PASS">
          <params>
            <param index="0">
              <value>
                <![CDATA[public void com.fintech.tests.AuthTests.loginWithExcelData(java.lang.String,java.lang.String,java.lang.String)]]>
              </value>
            </param>
          </params>
          <reporter-output>
          </reporter-output>
        </test-method> <!-- startTest -->
        <test-method signature="loginWithExcelData(java.lang.String,java.lang.String,java.lang.String)[pri:0, instance:com.fintech.tests.AuthTests@157853da]" started-at="2025-10-28T00:57:32 IST" name="loginWithExcelData" data-provider="excelLoginData" finished-at="2025-10-28T00:57:51 IST" duration-ms="18825" status="PASS">
          <params>
            <param index="0">
              <value>
                <![CDATA[notexist]]>
              </value>
            </param>
            <param index="1">
              <value>
                <![CDATA[demo]]>
              </value>
            </param>
            <param index="2">
              <value>
                <![CDATA[USER_NOT_EXIST]]>
              </value>
            </param>
          </params>
          <reporter-output>
          </reporter-output>
        </test-method> <!-- loginWithExcelData -->
        <test-method is-config="true" signature="afterMethod(org.testng.ITestResult)[pri:0, instance:com.fintech.tests.AuthTests@157853da]" started-at="2025-10-28T00:57:51 IST" name="afterMethod" finished-at="2025-10-28T00:57:58 IST" duration-ms="6885" status="PASS">
          <params>
            <param index="0">
              <value>
                <![CDATA[[TestResult name=loginWithExcelData status=SUCCESS method=AuthTests.loginWithExcelData(java.lang.String,java.lang.String,java.lang.String)[pri:0, instance:com.fintech.tests.AuthTests@157853da] output={null}]]]>
              </value>
            </param>
          </params>
          <reporter-output>
          </reporter-output>
        </test-method> <!-- afterMethod -->
        <test-method is-config="true" signature="setupMethod(java.lang.String)[pri:0, instance:com.fintech.tests.AuthTests@157853da]" started-at="2025-10-28T00:58:15 IST" name="setupMethod" finished-at="2025-10-28T00:58:22 IST" duration-ms="7311" status="PASS">
          <params>
            <param index="0">
              <value>
                <![CDATA[edge]]>
              </value>
            </param>
          </params>
          <reporter-output>
          </reporter-output>
        </test-method> <!-- setupMethod -->
        <test-method is-config="true" signature="startTest(java.lang.reflect.Method)[pri:0, instance:com.fintech.tests.AuthTests@157853da]" started-at="2025-10-28T00:58:22 IST" name="startTest" finished-at="2025-10-28T00:58:22 IST" duration-ms="2" status="PASS">
          <params>
            <param index="0">
              <value>
                <![CDATA[public void com.fintech.tests.AuthTests.logoutAfterLogin(java.lang.String,java.lang.String)]]>
              </value>
            </param>
          </params>
          <reporter-output>
          </reporter-output>
        </test-method> <!-- startTest -->
        <test-method signature="logoutAfterLogin(java.lang.String,java.lang.String)[pri:0, instance:com.fintech.tests.AuthTests@157853da]" started-at="2025-10-28T00:58:22 IST" name="logoutAfterLogin" data-provider="userCredentials" finished-at="2025-10-28T00:58:53 IST" duration-ms="30980" status="PASS">
          <params>
            <param index="0">
              <value>
                <![CDATA[john]]>
              </value>
            </param>
            <param index="1">
              <value>
                <![CDATA[demo]]>
              </value>
            </param>
          </params>
          <reporter-output>
          </reporter-output>
        </test-method> <!-- logoutAfterLogin -->
        <test-method is-config="true" signature="afterMethod(org.testng.ITestResult)[pri:0, instance:com.fintech.tests.AuthTests@157853da]" started-at="2025-10-28T00:58:53 IST" name="afterMethod" finished-at="2025-10-28T00:58:54 IST" duration-ms="736" status="PASS">
          <params>
            <param index="0">
              <value>
                <![CDATA[[TestResult name=logoutAfterLogin status=SUCCESS method=AuthTests.logoutAfterLogin(java.lang.String,java.lang.String)[pri:0, instance:com.fintech.tests.AuthTests@157853da] output={null}]]]>
              </value>
            </param>
          </params>
          <reporter-output>
          </reporter-output>
        </test-method> <!-- afterMethod -->
        <test-method is-config="true" signature="setupMethod(java.lang.String)[pri:0, instance:com.fintech.tests.AuthTests@157853da]" started-at="2025-10-28T00:58:54 IST" name="setupMethod" finished-at="2025-10-28T00:59:08 IST" duration-ms="14101" status="PASS">
          <params>
            <param index="0">
              <value>
                <![CDATA[edge]]>
              </value>
            </param>
          </params>
          <reporter-output>
          </reporter-output>
        </test-method> <!-- setupMethod -->
        <test-method is-config="true" signature="startTest(java.lang.reflect.Method)[pri:0, instance:com.fintech.tests.AuthTests@157853da]" started-at="2025-10-28T00:59:08 IST" name="startTest" finished-at="2025-10-28T00:59:08 IST" duration-ms="1" status="PASS">
          <params>
            <param index="0">
              <value>
                <![CDATA[public void com.fintech.tests.AuthTests.logoutAfterLogin(java.lang.String,java.lang.String)]]>
              </value>
            </param>
          </params>
          <reporter-output>
          </reporter-output>
        </test-method> <!-- startTest -->
        <test-method signature="logoutAfterLogin(java.lang.String,java.lang.String)[pri:0, instance:com.fintech.tests.AuthTests@157853da]" started-at="2025-10-28T00:59:08 IST" name="logoutAfterLogin" data-provider="userCredentials" finished-at="2025-10-28T00:59:30 IST" duration-ms="21760" status="PASS">
          <params>
            <param index="0">
              <value>
                <![CDATA[john]]>
              </value>
            </param>
            <param index="1">
              <value>
                <![CDATA[wrong]]>
              </value>
            </param>
          </params>
          <reporter-output>
          </reporter-output>
        </test-method> <!-- logoutAfterLogin -->
        <test-method is-config="true" signature="afterMethod(org.testng.ITestResult)[pri:0, instance:com.fintech.tests.AuthTests@157853da]" started-at="2025-10-28T00:59:30 IST" name="afterMethod" finished-at="2025-10-28T00:59:31 IST" duration-ms="873" status="PASS">
          <params>
            <param index="0">
              <value>
                <![CDATA[[TestResult name=logoutAfterLogin status=SUCCESS method=AuthTests.logoutAfterLogin(java.lang.String,java.lang.String)[pri:0, instance:com.fintech.tests.AuthTests@157853da] output={null}]]]>
              </value>
            </param>
          </params>
          <reporter-output>
          </reporter-output>
        </test-method> <!-- afterMethod -->
        <test-method is-config="true" signature="setupMethod(java.lang.String)[pri:0, instance:com.fintech.tests.AuthTests@157853da]" started-at="2025-10-28T00:59:31 IST" name="setupMethod" finished-at="2025-10-28T00:59:44 IST" duration-ms="12889" status="PASS">
          <params>
            <param index="0">
              <value>
                <![CDATA[edge]]>
              </value>
            </param>
          </params>
          <reporter-output>
          </reporter-output>
        </test-method> <!-- setupMethod -->
        <test-method is-config="true" signature="startTest(java.lang.reflect.Method)[pri:0, instance:com.fintech.tests.AuthTests@157853da]" started-at="2025-10-28T00:59:44 IST" name="startTest" finished-at="2025-10-28T00:59:44 IST" duration-ms="1" status="PASS">
          <params>
            <param index="0">
              <value>
                <![CDATA[public void com.fintech.tests.AuthTests.logoutAfterLogin(java.lang.String,java.lang.String)]]>
              </value>
            </param>
          </params>
          <reporter-output>
          </reporter-output>
        </test-method> <!-- startTest -->
        <test-method signature="logoutAfterLogin(java.lang.String,java.lang.String)[pri:0, instance:com.fintech.tests.AuthTests@157853da]" started-at="2025-10-28T00:59:44 IST" name="logoutAfterLogin" data-provider="userCredentials" finished-at="2025-10-28T01:00:11 IST" duration-ms="27265" status="PASS">
          <params>
            <param index="0">
              <value>
                <![CDATA[notexist]]>
              </value>
            </param>
            <param index="1">
              <value>
                <![CDATA[demo]]>
              </value>
            </param>
          </params>
          <reporter-output>
          </reporter-output>
        </test-method> <!-- logoutAfterLogin -->
        <test-method is-config="true" signature="afterMethod(org.testng.ITestResult)[pri:0, instance:com.fintech.tests.AuthTests@157853da]" started-at="2025-10-28T01:00:11 IST" name="afterMethod" finished-at="2025-10-28T01:00:13 IST" duration-ms="1481" status="PASS">
          <params>
            <param index="0">
              <value>
                <![CDATA[[TestResult name=logoutAfterLogin status=SUCCESS method=AuthTests.logoutAfterLogin(java.lang.String,java.lang.String)[pri:0, instance:com.fintech.tests.AuthTests@157853da] output={null}]]]>
              </value>
            </param>
          </params>
          <reporter-output>
          </reporter-output>
        </test-method> <!-- afterMethod -->
        <test-method is-config="true" signature="setupMethod(java.lang.String)[pri:0, instance:com.fintech.tests.AuthTests@157853da]" started-at="2025-10-28T01:02:55 IST" name="setupMethod" finished-at="2025-10-28T01:03:31 IST" duration-ms="35500" status="PASS">
          <params>
            <param index="0">
              <value>
                <![CDATA[edge]]>
              </value>
            </param>
          </params>
          <reporter-output>
          </reporter-output>
        </test-method> <!-- setupMethod -->
        <test-method is-config="true" signature="startTest(java.lang.reflect.Method)[pri:0, instance:com.fintech.tests.AuthTests@157853da]" started-at="2025-10-28T01:03:31 IST" name="startTest" finished-at="2025-10-28T01:03:31 IST" duration-ms="2" status="PASS">
          <params>
            <param index="0">
              <value>
                <![CDATA[public void com.fintech.tests.AuthTests.sessionTimeoutSimulation() throws java.lang.InterruptedException]]>
              </value>
            </param>
          </params>
          <reporter-output>
          </reporter-output>
        </test-method> <!-- startTest -->
        <test-method signature="sessionTimeoutSimulation()[pri:0, instance:com.fintech.tests.AuthTests@157853da]" started-at="2025-10-28T01:03:31 IST" name="sessionTimeoutSimulation" finished-at="2025-10-28T01:09:37 IST" duration-ms="366120" status="PASS">
          <reporter-output>
          </reporter-output>
        </test-method> <!-- sessionTimeoutSimulation -->
        <test-method is-config="true" signature="afterMethod(org.testng.ITestResult)[pri:0, instance:com.fintech.tests.AuthTests@157853da]" started-at="2025-10-28T01:09:37 IST" name="afterMethod" finished-at="2025-10-28T01:09:45 IST" duration-ms="8247" status="PASS">
          <params>
            <param index="0">
              <value>
                <![CDATA[[TestResult name=sessionTimeoutSimulation status=SUCCESS method=AuthTests.sessionTimeoutSimulation()[pri:0, instance:com.fintech.tests.AuthTests@157853da] output={null}]]]>
              </value>
            </param>
          </params>
          <reporter-output>
          </reporter-output>
        </test-method> <!-- afterMethod -->
      </class> <!-- com.fintech.tests.AuthTests -->
    </test> <!-- EdgeRun -->
  </suite> <!-- ParaBankAutomationSuite -->
</testng-results>
